irun(64): 15.20-s084: (c) Copyright 1995-2020 Cadence Design Systems, Inc.
TOOL:	irun(64)	15.20-s084: Started on Apr 15, 2023 at 16:47:14 CST
irun
	TESTBED.v
	-define RTL
	-define FUNC
	-debug
	-f file_list.f
		../04_MEM/RA1SH_20b_1024w.v
	-incdir /usr/synthesis/dw/sim_ver/
	-notimingchecks
	-loadpli1 debpli:novas_pli_boot
Recompiling... reason: file './GLCM.v' is newer than expected.
	expected: Sat Apr 15 16:44:11 2023
	actual:   Sat Apr 15 16:46:06 2023
ncvlog: *W,NOTIND: unable to access -INCDIR /usr/synthesis/dw/sim_ver/ (No such file or directory).
file: TESTBED.v
	module worklib.GLCM:v
		errors: 0, warnings: 0
	Total errors/warnings found outside modules and primitives:
		errors: 0, warnings: 1
		Caching library 'worklib' ....... Done
	Elaborating the design hierarchy:
	Top level design units:
		TESTBED
    $fwrite(file_debug, "[ Input Address ] : fr %-h\n", data_addr_m);
                                                     |
ncelab: *W,IGNFMT (./PATTERN_iclab2023spring_Mid_v2.v,320|53): Illegal width specifier in format ignored (%-h).
    $fwrite(file_debug, "[ Input Address ] : to %-h\n\n", data_addr_m + INPUT_SIZE*INPUT_SIZE - 1);
                                                       |
ncelab: *W,IGNFMT (./PATTERN_iclab2023spring_Mid_v2.v,321|55): Illegal width specifier in format ignored (%-h).
    $fwrite(file_debug, "[ GLCM  Address ] : fr %-h\n", data_addr_g);
                                                     |
ncelab: *W,IGNFMT (./PATTERN_iclab2023spring_Mid_v2.v,342|53): Illegal width specifier in format ignored (%-h).
    $fwrite(file_debug, "[ GLCM  Address ] : to %-h\n\n", data_addr_g + GLCM_SIZE*GLCM_SIZE - 1);
                                                       |
ncelab: *W,IGNFMT (./PATTERN_iclab2023spring_Mid_v2.v,343|55): Illegal width specifier in format ignored (%-h).
	Building instance overlay tables: .................... Done
	Generating native compiled code:
		worklib.GLCM:v <0x5bdd7aa1>
			streams: 188, words: 163961
	Building instance specific data structures.
	Loading native compiled code:     .................... Done
	Design hierarchy summary:
		                  Instances  Unique
		Modules:                  7       7
		Primitives:              54       2
		Timing outputs:          20       1
		Registers:              207     207
		Scalar wires:           307       -
		Expanded wires:          50       3
		Vectored wires:         123       -
		Always blocks:           47      47
		Initial blocks:          26      26
		Cont. assignments:      345      99
		Pseudo assignments:      10      10
		Timing checks:          131       -
		Simulation timescale:  10ps
	Writing initial simulation snapshot: worklib.TESTBED:v
Loading snapshot worklib.TESTBED:v .................... Done
SVSEED default: 1
*Verdi* Loading libsscore_ius152.so
ncsim> source /usr/cad/cadence/INCISIV/INCISIVE_15.20.084/tools/inca/files/ncsimrc
ncsim> run
FSDB Dumper for IUS, Release Verdi_P-2019.06, Linux x86_64/64bit, 05/26/2019
(C) 1996 - 2019 by Synopsys, Inc.
*Verdi* FSDB WARNING: The FSDB file already exists. Overwriting the FSDB file may crash the programs that are using this file.
*Verdi* : Create FSDB file 'GLCM.fsdb'
*Verdi* : Begin traversing the scopes, layer (0).
*Verdi* : Enable +mda dumping.
*Verdi* : End of traversing.
[Info] Randomize the DRAM data
[Info] File Path   : ../00_TESTBED/DRAM/pseudo_DRAM.dat
[Info] Random SEED : 122
[1;34mPASS PATTERN NO.   0, [1;32mCycles: 34365[1;0m
[1;34mPASS PATTERN NO.   1, [1;32mCycles: 435[1;0m
[1;34mPASS PATTERN NO.   2, [1;32mCycles: 429[1;0m
[1;34mPASS PATTERN NO.   3, [1;32mCycles: 432[1;0m
[1;34mPASS PATTERN NO.   4, [1;32mCycles: 436[1;0m
[1;34mPASS PATTERN NO.   5, [1;32mCycles: 435[1;0m
[1;34mPASS PATTERN NO.   6, [1;32mCycles: 427[1;0m
[1;34mPASS PATTERN NO.   7, [1;32mCycles: 423[1;0m
[1;34mPASS PATTERN NO.   8, [1;32mCycles: 423[1;0m
[1;34mPASS PATTERN NO.   9, [1;32mCycles: 436[1;0m
[1;34mPASS PATTERN NO.  10, [1;32mCycles: 430[1;0m
[1;34mPASS PATTERN NO.  11, [1;32mCycles: 433[1;0m
[1;34mPASS PATTERN NO.  12, [1;32mCycles: 423[1;0m
[1;34mPASS PATTERN NO.  13, [1;32mCycles: 426[1;0m
[1;34mPASS PATTERN NO.  14, [1;32mCycles: 431[1;0m
[1;34mPASS PATTERN NO.  15, [1;32mCycles: 431[1;0m
[1;34mPASS PATTERN NO.  16, [1;32mCycles: 425[1;0m
[1;34mPASS PATTERN NO.  17, [1;32mCycles: 435[1;0m
[1;34mPASS PATTERN NO.  18, [1;32mCycles: 424[1;0m
[1;34mPASS PATTERN NO.  19, [1;32mCycles: 426[1;0m
[1;34mPASS PATTERN NO.  20, [1;32mCycles: 426[1;0m
[1;34mPASS PATTERN NO.  21, [1;32mCycles: 420[1;0m
[1;34mPASS PATTERN NO.  22, [1;32mCycles: 436[1;0m
[1;34mPASS PATTERN NO.  23, [1;32mCycles: 436[1;0m
[1;34mPASS PATTERN NO.  24, [1;32mCycles: 436[1;0m
[1;34mPASS PATTERN NO.  25, [1;32mCycles: 436[1;0m
[1;34mPASS PATTERN NO.  26, [1;32mCycles: 435[1;0m
[1;34mPASS PATTERN NO.  27, [1;32mCycles: 436[1;0m
[1;34mPASS PATTERN NO.  28, [1;32mCycles: 433[1;0m
[1;34mPASS PATTERN NO.  29, [1;32mCycles: 427[1;0m
[1;34mPASS PATTERN NO.  30, [1;32mCycles: 423[1;0m
[1;34mPASS PATTERN NO.  31, [1;32mCycles: 421[1;0m
[1;34mPASS PATTERN NO.  32, [1;32mCycles: 427[1;0m
[1;34mPASS PATTERN NO.  33, [1;32mCycles: 434[1;0m
[1;34mPASS PATTERN NO.  34, [1;32mCycles: 429[1;0m
[1;34mPASS PATTERN NO.  35, [1;32mCycles: 423[1;0m
[1;34mPASS PATTERN NO.  36, [1;32mCycles: 424[1;0m
[1;34mPASS PATTERN NO.  37, [1;32mCycles: 435[1;0m
[1;34mPASS PATTERN NO.  38, [1;32mCycles: 422[1;0m
[1;34mPASS PATTERN NO.  39, [1;32mCycles: 430[1;0m
[1;34mPASS PATTERN NO.  40, [1;32mCycles: 434[1;0m
[1;34mPASS PATTERN NO.  41, [1;32mCycles: 424[1;0m
[1;34mPASS PATTERN NO.  42, [1;32mCycles: 422[1;0m
[1;34mPASS PATTERN NO.  43, [1;32mCycles: 427[1;0m
[1;34mPASS PATTERN NO.  44, [1;32mCycles: 436[1;0m
[1;34mPASS PATTERN NO.  45, [1;32mCycles: 436[1;0m
[1;34mPASS PATTERN NO.  46, [1;32mCycles: 421[1;0m
[1;34mPASS PATTERN NO.  47, [1;32mCycles: 434[1;0m
[1;34mPASS PATTERN NO.  48, [1;32mCycles: 427[1;0m
[1;34mPASS PATTERN NO.  49, [1;32mCycles: 435[1;0m
[1;34mPASS PATTERN NO.  50, [1;32mCycles: 436[1;0m
[1;34mPASS PATTERN NO.  51, [1;32mCycles: 424[1;0m
[1;34mPASS PATTERN NO.  52, [1;32mCycles: 436[1;0m
[1;34mPASS PATTERN NO.  53, [1;32mCycles: 424[1;0m
[1;34mPASS PATTERN NO.  54, [1;32mCycles: 429[1;0m
[1;34mPASS PATTERN NO.  55, [1;32mCycles: 427[1;0m
[1;34mPASS PATTERN NO.  56, [1;32mCycles: 422[1;0m
[1;34mPASS PATTERN NO.  57, [1;32mCycles: 433[1;0m
[1;34mPASS PATTERN NO.  58, [1;32mCycles: 421[1;0m
[1;34mPASS PATTERN NO.  59, [1;32mCycles: 436[1;0m
[1;34mPASS PATTERN NO.  60, [1;32mCycles: 431[1;0m
[1;34mPASS PATTERN NO.  61, [1;32mCycles: 422[1;0m
[1;34mPASS PATTERN NO.  62, [1;32mCycles: 435[1;0m
[1;34mPASS PATTERN NO.  63, [1;32mCycles: 427[1;0m
[1;34mPASS PATTERN NO.  64, [1;32mCycles: 422[1;0m
[1;34mPASS PATTERN NO.  65, [1;32mCycles: 436[1;0m
[1;34mPASS PATTERN NO.  66, [1;32mCycles: 435[1;0m
[1;34mPASS PATTERN NO.  67, [1;32mCycles: 428[1;0m
[1;34mPASS PATTERN NO.  68, [1;32mCycles: 436[1;0m
[1;34mPASS PATTERN NO.  69, [1;32mCycles: 422[1;0m
[1;34mPASS PATTERN NO.  70, [1;32mCycles: 436[1;0m
[1;34mPASS PATTERN NO.  71, [1;32mCycles: 422[1;0m
[1;34mPASS PATTERN NO.  72, [1;32mCycles: 431[1;0m
[1;34mPASS PATTERN NO.  73, [1;32mCycles: 436[1;0m
[1;34mPASS PATTERN NO.  74, [1;32mCycles: 426[1;0m
[1;34mPASS PATTERN NO.  75, [1;32mCycles: 435[1;0m
[1;34mPASS PATTERN NO.  76, [1;32mCycles: 434[1;0m
[1;34mPASS PATTERN NO.  77, [1;32mCycles: 435[1;0m
[1;34mPASS PATTERN NO.  78, [1;32mCycles: 432[1;0m
[1;34mPASS PATTERN NO.  79, [1;32mCycles: 435[1;0m
[1;34mPASS PATTERN NO.  80, [1;32mCycles: 433[1;0m
[1;34mPASS PATTERN NO.  81, [1;32mCycles: 431[1;0m
[1;34mPASS PATTERN NO.  82, [1;32mCycles: 420[1;0m
[1;34mPASS PATTERN NO.  83, [1;32mCycles: 424[1;0m
[1;34mPASS PATTERN NO.  84, [1;32mCycles: 436[1;0m
[1;34mPASS PATTERN NO.  85, [1;32mCycles: 436[1;0m
[1;34mPASS PATTERN NO.  86, [1;32mCycles: 422[1;0m
[1;34mPASS PATTERN NO.  87, [1;32mCycles: 432[1;0m
[1;34mPASS PATTERN NO.  88, [1;32mCycles: 435[1;0m
[1;34mPASS PATTERN NO.  89, [1;32mCycles: 436[1;0m
[1;34mPASS PATTERN NO.  90, [1;32mCycles: 433[1;0m
[1;34mPASS PATTERN NO.  91, [1;32mCycles: 436[1;0m
[1;34mPASS PATTERN NO.  92, [1;32mCycles: 425[1;0m
[1;34mPASS PATTERN NO.  93, [1;32mCycles: 434[1;0m
[1;34mPASS PATTERN NO.  94, [1;32mCycles: 436[1;0m
[1;34mPASS PATTERN NO.  95, [1;32mCycles: 436[1;0m
[1;34mPASS PATTERN NO.  96, [1;32mCycles: 435[1;0m
[1;34mPASS PATTERN NO.  97, [1;32mCycles: 424[1;0m
[1;34mPASS PATTERN NO.  98, [1;32mCycles: 426[1;0m
[1;34mPASS PATTERN NO.  99, [1;32mCycles: 430[1;0m
[1;34mPASS PATTERN NO. 100, [1;32mCycles: 434[1;0m
[1;34mPASS PATTERN NO. 101, [1;32mCycles: 430[1;0m
[1;34mPASS PATTERN NO. 102, [1;32mCycles: 431[1;0m
[1;34mPASS PATTERN NO. 103, [1;32mCycles: 435[1;0m
[1;34mPASS PATTERN NO. 104, [1;32mCycles: 436[1;0m
[1;34mPASS PATTERN NO. 105, [1;32mCycles: 434[1;0m
[1;34mPASS PATTERN NO. 106, [1;32mCycles: 436[1;0m
[1;34mPASS PATTERN NO. 107, [1;32mCycles: 425[1;0m
[1;34mPASS PATTERN NO. 108, [1;32mCycles: 434[1;0m
[1;34mPASS PATTERN NO. 109, [1;32mCycles: 434[1;0m
[1;34mPASS PATTERN NO. 110, [1;32mCycles: 436[1;0m
[1;34mPASS PATTERN NO. 111, [1;32mCycles: 426[1;0m
[1;34mPASS PATTERN NO. 112, [1;32mCycles: 436[1;0m
[1;34mPASS PATTERN NO. 113, [1;32mCycles: 427[1;0m
[1;34mPASS PATTERN NO. 114, [1;32mCycles: 435[1;0m
[1;34mPASS PATTERN NO. 115, [1;32mCycles: 436[1;0m
[1;34mPASS PATTERN NO. 116, [1;32mCycles: 436[1;0m
[1;34mPASS PATTERN NO. 117, [1;32mCycles: 421[1;0m
[1;34mPASS PATTERN NO. 118, [1;32mCycles: 428[1;0m
[1;34mPASS PATTERN NO. 119, [1;32mCycles: 432[1;0m
[1;34mPASS PATTERN NO. 120, [1;32mCycles: 436[1;0m
[1;34mPASS PATTERN NO. 121, [1;32mCycles: 424[1;0m
[1;34mPASS PATTERN NO. 122, [1;32mCycles: 423[1;0m
[1;34mPASS PATTERN NO. 123, [1;32mCycles: 427[1;0m
[1;34mPASS PATTERN NO. 124, [1;32mCycles: 434[1;0m
[1;34mPASS PATTERN NO. 125, [1;32mCycles: 426[1;0m
[1;34mPASS PATTERN NO. 126, [1;32mCycles: 422[1;0m
[1;34mPASS PATTERN NO. 127, [1;32mCycles: 424[1;0m
[1;34mPASS PATTERN NO. 128, [1;32mCycles: 427[1;0m
[1;34mPASS PATTERN NO. 129, [1;32mCycles: 435[1;0m
[1;34mPASS PATTERN NO. 130, [1;32mCycles: 436[1;0m
[1;34mPASS PATTERN NO. 131, [1;32mCycles: 428[1;0m
[1;34mPASS PATTERN NO. 132, [1;32mCycles: 423[1;0m
[1;34mPASS PATTERN NO. 133, [1;32mCycles: 436[1;0m
[1;34mPASS PATTERN NO. 134, [1;32mCycles: 436[1;0m
[1;34mPASS PATTERN NO. 135, [1;32mCycles: 428[1;0m
[1;34mPASS PATTERN NO. 136, [1;32mCycles: 436[1;0m
[1;34mPASS PATTERN NO. 137, [1;32mCycles: 428[1;0m
[1;34mPASS PATTERN NO. 138, [1;32mCycles: 436[1;0m
[1;34mPASS PATTERN NO. 139, [1;32mCycles: 430[1;0m
[1;34mPASS PATTERN NO. 140, [1;32mCycles: 431[1;0m
[1;34mPASS PATTERN NO. 141, [1;32mCycles: 423[1;0m
[1;34mPASS PATTERN NO. 142, [1;32mCycles: 436[1;0m
[1;34mPASS PATTERN NO. 143, [1;32mCycles: 436[1;0m
[1;34mPASS PATTERN NO. 144, [1;32mCycles: 436[1;0m
[1;34mPASS PATTERN NO. 145, [1;32mCycles: 435[1;0m
[1;34mPASS PATTERN NO. 146, [1;32mCycles: 430[1;0m
[1;34mPASS PATTERN NO. 147, [1;32mCycles: 436[1;0m
[1;34mPASS PATTERN NO. 148, [1;32mCycles: 422[1;0m
[1;34mPASS PATTERN NO. 149, [1;32mCycles: 421[1;0m
[1;34mPASS PATTERN NO. 150, [1;32mCycles: 429[1;0m
[1;34mPASS PATTERN NO. 151, [1;32mCycles: 426[1;0m
[1;34mPASS PATTERN NO. 152, [1;32mCycles: 428[1;0m
[1;34mPASS PATTERN NO. 153, [1;32mCycles: 429[1;0m
[1;34mPASS PATTERN NO. 154, [1;32mCycles: 434[1;0m
[1;34mPASS PATTERN NO. 155, [1;32mCycles: 423[1;0m
[1;34mPASS PATTERN NO. 156, [1;32mCycles: 435[1;0m
[1;34mPASS PATTERN NO. 157, [1;32mCycles: 424[1;0m
[1;34mPASS PATTERN NO. 158, [1;32mCycles: 425[1;0m
[1;34mPASS PATTERN NO. 159, [1;32mCycles: 436[1;0m
[1;34mPASS PATTERN NO. 160, [1;32mCycles: 436[1;0m
[1;34mPASS PATTERN NO. 161, [1;32mCycles: 423[1;0m
[1;34mPASS PATTERN NO. 162, [1;32mCycles: 429[1;0m
[1;34mPASS PATTERN NO. 163, [1;32mCycles: 428[1;0m
[1;34mPASS PATTERN NO. 164, [1;32mCycles: 436[1;0m
[1;34mPASS PATTERN NO. 165, [1;32mCycles: 435[1;0m
[1;34mPASS PATTERN NO. 166, [1;32mCycles: 425[1;0m
[1;34mPASS PATTERN NO. 167, [1;32mCycles: 436[1;0m
[1;34mPASS PATTERN NO. 168, [1;32mCycles: 431[1;0m
[1;34mPASS PATTERN NO. 169, [1;32mCycles: 424[1;0m
[1;34mPASS PATTERN NO. 170, [1;32mCycles: 433[1;0m
[1;34mPASS PATTERN NO. 171, [1;32mCycles: 423[1;0m
[1;34mPASS PATTERN NO. 172, [1;32mCycles: 424[1;0m
[1;34mPASS PATTERN NO. 173, [1;32mCycles: 426[1;0m
[1;34mPASS PATTERN NO. 174, [1;32mCycles: 430[1;0m
[1;34mPASS PATTERN NO. 175, [1;32mCycles: 429[1;0m
[1;34mPASS PATTERN NO. 176, [1;32mCycles: 433[1;0m
[1;34mPASS PATTERN NO. 177, [1;32mCycles: 422[1;0m
[1;34mPASS PATTERN NO. 178, [1;32mCycles: 436[1;0m
[1;34mPASS PATTERN NO. 179, [1;32mCycles: 428[1;0m
[1;34mPASS PATTERN NO. 180, [1;32mCycles: 436[1;0m
[1;34mPASS PATTERN NO. 181, [1;32mCycles: 422[1;0m
[1;34mPASS PATTERN NO. 182, [1;32mCycles: 428[1;0m
[1;34mPASS PATTERN NO. 183, [1;32mCycles: 431[1;0m
[1;34mPASS PATTERN NO. 184, [1;32mCycles: 421[1;0m
[1;34mPASS PATTERN NO. 185, [1;32mCycles: 428[1;0m
[1;34mPASS PATTERN NO. 186, [1;32mCycles: 427[1;0m
[1;34mPASS PATTERN NO. 187, [1;32mCycles: 420[1;0m
[1;34mPASS PATTERN NO. 188, [1;32mCycles: 426[1;0m
[1;34mPASS PATTERN NO. 189, [1;32mCycles: 428[1;0m
[1;34mPASS PATTERN NO. 190, [1;32mCycles: 421[1;0m
[1;34mPASS PATTERN NO. 191, [1;32mCycles: 434[1;0m
[1;34mPASS PATTERN NO. 192, [1;32mCycles: 436[1;0m
[1;34mPASS PATTERN NO. 193, [1;32mCycles: 436[1;0m
[1;34mPASS PATTERN NO. 194, [1;32mCycles: 425[1;0m
[1;34mPASS PATTERN NO. 195, [1;32mCycles: 433[1;0m
[1;34mPASS PATTERN NO. 196, [1;32mCycles: 426[1;0m
[1;34mPASS PATTERN NO. 197, [1;32mCycles: 424[1;0m
[1;34mPASS PATTERN NO. 198, [1;32mCycles: 436[1;0m
[1;34mPASS PATTERN NO. 199, [1;32mCycles: 436[1;0m
[1;34mPASS PATTERN NO. 200, [1;32mCycles: 435[1;0m
[1;34mPASS PATTERN NO. 201, [1;32mCycles: 425[1;0m
[1;34mPASS PATTERN NO. 202, [1;32mCycles: 434[1;0m
[1;34mPASS PATTERN NO. 203, [1;32mCycles: 436[1;0m
[1;34mPASS PATTERN NO. 204, [1;32mCycles: 427[1;0m
[1;34mPASS PATTERN NO. 205, [1;32mCycles: 434[1;0m
[1;34mPASS PATTERN NO. 206, [1;32mCycles: 432[1;0m
[1;34mPASS PATTERN NO. 207, [1;32mCycles: 428[1;0m
[1;34mPASS PATTERN NO. 208, [1;32mCycles: 422[1;0m
[1;34mPASS PATTERN NO. 209, [1;32mCycles: 433[1;0m
[1;34mPASS PATTERN NO. 210, [1;32mCycles: 436[1;0m
[1;34mPASS PATTERN NO. 211, [1;32mCycles: 436[1;0m
[1;34mPASS PATTERN NO. 212, [1;32mCycles: 427[1;0m
[1;34mPASS PATTERN NO. 213, [1;32mCycles: 424[1;0m
[1;34mPASS PATTERN NO. 214, [1;32mCycles: 424[1;0m
[1;34mPASS PATTERN NO. 215, [1;32mCycles: 427[1;0m
[1;34mPASS PATTERN NO. 216, [1;32mCycles: 433[1;0m
[1;34mPASS PATTERN NO. 217, [1;32mCycles: 422[1;0m
[1;34mPASS PATTERN NO. 218, [1;32mCycles: 427[1;0m
[1;34mPASS PATTERN NO. 219, [1;32mCycles: 436[1;0m
[1;34mPASS PATTERN NO. 220, [1;32mCycles: 427[1;0m
[1;34mPASS PATTERN NO. 221, [1;32mCycles: 433[1;0m
[1;34mPASS PATTERN NO. 222, [1;32mCycles: 436[1;0m
[1;34mPASS PATTERN NO. 223, [1;32mCycles: 435[1;0m
[1;34mPASS PATTERN NO. 224, [1;32mCycles: 435[1;0m
[1;34mPASS PATTERN NO. 225, [1;32mCycles: 435[1;0m
[1;34mPASS PATTERN NO. 226, [1;32mCycles: 428[1;0m
[1;34mPASS PATTERN NO. 227, [1;32mCycles: 435[1;0m
[1;34mPASS PATTERN NO. 228, [1;32mCycles: 436[1;0m
[1;34mPASS PATTERN NO. 229, [1;32mCycles: 436[1;0m
[1;34mPASS PATTERN NO. 230, [1;32mCycles: 421[1;0m
[1;34mPASS PATTERN NO. 231, [1;32mCycles: 435[1;0m
[1;34mPASS PATTERN NO. 232, [1;32mCycles: 421[1;0m
[1;34mPASS PATTERN NO. 233, [1;32mCycles: 432[1;0m
[1;34mPASS PATTERN NO. 234, [1;32mCycles: 433[1;0m
[1;34mPASS PATTERN NO. 235, [1;32mCycles: 433[1;0m
[1;34mPASS PATTERN NO. 236, [1;32mCycles: 435[1;0m
[1;34mPASS PATTERN NO. 237, [1;32mCycles: 430[1;0m
[1;34mPASS PATTERN NO. 238, [1;32mCycles: 430[1;0m
[1;34mPASS PATTERN NO. 239, [1;32mCycles: 420[1;0m
[1;34mPASS PATTERN NO. 240, [1;32mCycles: 436[1;0m
[1;34mPASS PATTERN NO. 241, [1;32mCycles: 425[1;0m
[1;34mPASS PATTERN NO. 242, [1;32mCycles: 433[1;0m
[1;34mPASS PATTERN NO. 243, [1;32mCycles: 436[1;0m
[1;34mPASS PATTERN NO. 244, [1;32mCycles: 435[1;0m
[1;34mPASS PATTERN NO. 245, [1;32mCycles: 428[1;0m
[1;34mPASS PATTERN NO. 246, [1;32mCycles: 426[1;0m
[1;34mPASS PATTERN NO. 247, [1;32mCycles: 436[1;0m
[1;34mPASS PATTERN NO. 248, [1;32mCycles: 434[1;0m
[1;34mPASS PATTERN NO. 249, [1;32mCycles: 428[1;0m
[1;34mPASS PATTERN NO. 250, [1;32mCycles: 436[1;0m
[1;34mPASS PATTERN NO. 251, [1;32mCycles: 435[1;0m
[1;34mPASS PATTERN NO. 252, [1;32mCycles: 427[1;0m
[1;34mPASS PATTERN NO. 253, [1;32mCycles: 435[1;0m
[1;34mPASS PATTERN NO. 254, [1;32mCycles: 436[1;0m
[1;34mPASS PATTERN NO. 255, [1;32mCycles: 435[1;0m
[1;34mPASS PATTERN NO. 256, [1;32mCycles: 434[1;0m
[1;34mPASS PATTERN NO. 257, [1;32mCycles: 436[1;0m
[1;34mPASS PATTERN NO. 258, [1;32mCycles: 429[1;0m
[1;34mPASS PATTERN NO. 259, [1;32mCycles: 434[1;0m
[1;34mPASS PATTERN NO. 260, [1;32mCycles: 436[1;0m
[1;34mPASS PATTERN NO. 261, [1;32mCycles: 420[1;0m
[1;34mPASS PATTERN NO. 262, [1;32mCycles: 421[1;0m
[1;34mPASS PATTERN NO. 263, [1;32mCycles: 423[1;0m
[1;34mPASS PATTERN NO. 264, [1;32mCycles: 433[1;0m
[1;34mPASS PATTERN NO. 265, [1;32mCycles: 436[1;0m
[1;34mPASS PATTERN NO. 266, [1;32mCycles: 436[1;0m
[1;34mPASS PATTERN NO. 267, [1;32mCycles: 436[1;0m
[1;34mPASS PATTERN NO. 268, [1;32mCycles: 430[1;0m
[1;34mPASS PATTERN NO. 269, [1;32mCycles: 426[1;0m
[1;34mPASS PATTERN NO. 270, [1;32mCycles: 421[1;0m
[1;34mPASS PATTERN NO. 271, [1;32mCycles: 434[1;0m
[1;34mPASS PATTERN NO. 272, [1;32mCycles: 426[1;0m
[1;34mPASS PATTERN NO. 273, [1;32mCycles: 436[1;0m
[1;34mPASS PATTERN NO. 274, [1;32mCycles: 426[1;0m
[1;34mPASS PATTERN NO. 275, [1;32mCycles: 432[1;0m
[1;34mPASS PATTERN NO. 276, [1;32mCycles: 427[1;0m
[1;34mPASS PATTERN NO. 277, [1;32mCycles: 435[1;0m
[1;34mPASS PATTERN NO. 278, [1;32mCycles: 436[1;0m
[1;34mPASS PATTERN NO. 279, [1;32mCycles: 427[1;0m
[1;34mPASS PATTERN NO. 280, [1;32mCycles: 436[1;0m
[1;34mPASS PATTERN NO. 281, [1;32mCycles: 430[1;0m
[1;34mPASS PATTERN NO. 282, [1;32mCycles: 436[1;0m
[1;34mPASS PATTERN NO. 283, [1;32mCycles: 429[1;0m
[1;34mPASS PATTERN NO. 284, [1;32mCycles: 435[1;0m
[1;34mPASS PATTERN NO. 285, [1;32mCycles: 422[1;0m
[1;34mPASS PATTERN NO. 286, [1;32mCycles: 436[1;0m
[1;34mPASS PATTERN NO. 287, [1;32mCycles: 434[1;0m
[1;34mPASS PATTERN NO. 288, [1;32mCycles: 429[1;0m
[1;34mPASS PATTERN NO. 289, [1;32mCycles: 434[1;0m
[1;34mPASS PATTERN NO. 290, [1;32mCycles: 435[1;0m
[1;34mPASS PATTERN NO. 291, [1;32mCycles: 433[1;0m
[1;34mPASS PATTERN NO. 292, [1;32mCycles: 429[1;0m
[1;34mPASS PATTERN NO. 293, [1;32mCycles: 436[1;0m
[1;34mPASS PATTERN NO. 294, [1;32mCycles: 431[1;0m
[1;34mPASS PATTERN NO. 295, [1;32mCycles: 428[1;0m
[1;34mPASS PATTERN NO. 296, [1;32mCycles: 426[1;0m
[1;34mPASS PATTERN NO. 297, [1;32mCycles: 425[1;0m
[1;34mPASS PATTERN NO. 298, [1;32mCycles: 427[1;0m
[1;34mPASS PATTERN NO. 299, [1;32mCycles: 436[1;0m
[1;34mPASS PATTERN NO. 300, [1;32mCycles: 427[1;0m
[1;34mPASS PATTERN NO. 301, [1;32mCycles: 433[1;0m
[1;34mPASS PATTERN NO. 302, [1;32mCycles: 426[1;0m
[1;34mPASS PATTERN NO. 303, [1;32mCycles: 436[1;0m
[1;34mPASS PATTERN NO. 304, [1;32mCycles: 433[1;0m
[1;34mPASS PATTERN NO. 305, [1;32mCycles: 430[1;0m
[1;34mPASS PATTERN NO. 306, [1;32mCycles: 436[1;0m
[1;34mPASS PATTERN NO. 307, [1;32mCycles: 436[1;0m
[1;34mPASS PATTERN NO. 308, [1;32mCycles: 436[1;0m
[1;34mPASS PATTERN NO. 309, [1;32mCycles: 422[1;0m
[1;34mPASS PATTERN NO. 310, [1;32mCycles: 423[1;0m
[1;34mPASS PATTERN NO. 311, [1;32mCycles: 435[1;0m
[1;34mPASS PATTERN NO. 312, [1;32mCycles: 431[1;0m
[1;34mPASS PATTERN NO. 313, [1;32mCycles: 424[1;0m
[1;34mPASS PATTERN NO. 314, [1;32mCycles: 433[1;0m
[1;34mPASS PATTERN NO. 315, [1;32mCycles: 426[1;0m
[1;34mPASS PATTERN NO. 316, [1;32mCycles: 423[1;0m
[1;34mPASS PATTERN NO. 317, [1;32mCycles: 425[1;0m
[1;34mPASS PATTERN NO. 318, [1;32mCycles: 433[1;0m
[1;34mPASS PATTERN NO. 319, [1;32mCycles: 426[1;0m
[1;34mPASS PATTERN NO. 320, [1;32mCycles: 422[1;0m
[1;34mPASS PATTERN NO. 321, [1;32mCycles: 432[1;0m
[1;34mPASS PATTERN NO. 322, [1;32mCycles: 432[1;0m
[1;34mPASS PATTERN NO. 323, [1;32mCycles: 436[1;0m
[1;34mPASS PATTERN NO. 324, [1;32mCycles: 429[1;0m
[1;34mPASS PATTERN NO. 325, [1;32mCycles: 430[1;0m
[1;34mPASS PATTERN NO. 326, [1;32mCycles: 432[1;0m
[1;34mPASS PATTERN NO. 327, [1;32mCycles: 429[1;0m
[1;34mPASS PATTERN NO. 328, [1;32mCycles: 425[1;0m
[1;34mPASS PATTERN NO. 329, [1;32mCycles: 429[1;0m
[1;34mPASS PATTERN NO. 330, [1;32mCycles: 427[1;0m
[1;34mPASS PATTERN NO. 331, [1;32mCycles: 434[1;0m
[1;34mPASS PATTERN NO. 332, [1;32mCycles: 436[1;0m
[1;34mPASS PATTERN NO. 333, [1;32mCycles: 426[1;0m
[1;34mPASS PATTERN NO. 334, [1;32mCycles: 425[1;0m
[1;34mPASS PATTERN NO. 335, [1;32mCycles: 426[1;0m
[1;34mPASS PATTERN NO. 336, [1;32mCycles: 431[1;0m
[1;34mPASS PATTERN NO. 337, [1;32mCycles: 436[1;0m
[1;34mPASS PATTERN NO. 338, [1;32mCycles: 421[1;0m
[1;34mPASS PATTERN NO. 339, [1;32mCycles: 426[1;0m
[1;34mPASS PATTERN NO. 340, [1;32mCycles: 428[1;0m
[1;34mPASS PATTERN NO. 341, [1;32mCycles: 433[1;0m
[1;34mPASS PATTERN NO. 342, [1;32mCycles: 432[1;0m
[1;34mPASS PATTERN NO. 343, [1;32mCycles: 434[1;0m
[1;34mPASS PATTERN NO. 344, [1;32mCycles: 425[1;0m
[1;34mPASS PATTERN NO. 345, [1;32mCycles: 422[1;0m
[1;34mPASS PATTERN NO. 346, [1;32mCycles: 429[1;0m
[1;34mPASS PATTERN NO. 347, [1;32mCycles: 427[1;0m
[1;34mPASS PATTERN NO. 348, [1;32mCycles: 421[1;0m
[1;34mPASS PATTERN NO. 349, [1;32mCycles: 430[1;0m
[1;34mPASS PATTERN NO. 350, [1;32mCycles: 436[1;0m
[1;34mPASS PATTERN NO. 351, [1;32mCycles: 430[1;0m
[1;34mPASS PATTERN NO. 352, [1;32mCycles: 421[1;0m
[1;34mPASS PATTERN NO. 353, [1;32mCycles: 422[1;0m
[1;34mPASS PATTERN NO. 354, [1;32mCycles: 426[1;0m
[1;34mPASS PATTERN NO. 355, [1;32mCycles: 422[1;0m
[1;34mPASS PATTERN NO. 356, [1;32mCycles: 425[1;0m
[1;34mPASS PATTERN NO. 357, [1;32mCycles: 431[1;0m
[1;34mPASS PATTERN NO. 358, [1;32mCycles: 436[1;0m
[1;34mPASS PATTERN NO. 359, [1;32mCycles: 423[1;0m
[1;34mPASS PATTERN NO. 360, [1;32mCycles: 436[1;0m
[1;34mPASS PATTERN NO. 361, [1;32mCycles: 430[1;0m
[1;34mPASS PATTERN NO. 362, [1;32mCycles: 436[1;0m
[1;34mPASS PATTERN NO. 363, [1;32mCycles: 429[1;0m
[1;34mPASS PATTERN NO. 364, [1;32mCycles: 436[1;0m
[1;34mPASS PATTERN NO. 365, [1;32mCycles: 422[1;0m
[1;34mPASS PATTERN NO. 366, [1;32mCycles: 421[1;0m
[1;34mPASS PATTERN NO. 367, [1;32mCycles: 432[1;0m
[1;34mPASS PATTERN NO. 368, [1;32mCycles: 435[1;0m
[1;34mPASS PATTERN NO. 369, [1;32mCycles: 436[1;0m
[1;34mPASS PATTERN NO. 370, [1;32mCycles: 422[1;0m
[1;34mPASS PATTERN NO. 371, [1;32mCycles: 422[1;0m
[1;34mPASS PATTERN NO. 372, [1;32mCycles: 434[1;0m
[1;34mPASS PATTERN NO. 373, [1;32mCycles: 435[1;0m
[1;34mPASS PATTERN NO. 374, [1;32mCycles: 428[1;0m
[1;34mPASS PATTERN NO. 375, [1;32mCycles: 429[1;0m
[1;34mPASS PATTERN NO. 376, [1;32mCycles: 427[1;0m
[1;34mPASS PATTERN NO. 377, [1;32mCycles: 429[1;0m
[1;34mPASS PATTERN NO. 378, [1;32mCycles: 436[1;0m
[1;34mPASS PATTERN NO. 379, [1;32mCycles: 436[1;0m
[1;34mPASS PATTERN NO. 380, [1;32mCycles: 436[1;0m
[1;34mPASS PATTERN NO. 381, [1;32mCycles: 422[1;0m
[1;34mPASS PATTERN NO. 382, [1;32mCycles: 427[1;0m
[1;34mPASS PATTERN NO. 383, [1;32mCycles: 428[1;0m
[1;34mPASS PATTERN NO. 384, [1;32mCycles: 436[1;0m
[1;34mPASS PATTERN NO. 385, [1;32mCycles: 424[1;0m
[1;34mPASS PATTERN NO. 386, [1;32mCycles: 420[1;0m
[1;34mPASS PATTERN NO. 387, [1;32mCycles: 421[1;0m
[1;34mPASS PATTERN NO. 388, [1;32mCycles: 430[1;0m
[1;34mPASS PATTERN NO. 389, [1;32mCycles: 436[1;0m
[1;34mPASS PATTERN NO. 390, [1;32mCycles: 430[1;0m
[1;34mPASS PATTERN NO. 391, [1;32mCycles: 423[1;0m
[1;34mPASS PATTERN NO. 392, [1;32mCycles: 435[1;0m
[1;34mPASS PATTERN NO. 393, [1;32mCycles: 429[1;0m
[1;34mPASS PATTERN NO. 394, [1;32mCycles: 420[1;0m
[1;34mPASS PATTERN NO. 395, [1;32mCycles: 426[1;0m
[1;34mPASS PATTERN NO. 396, [1;32mCycles: 436[1;0m
[1;34mPASS PATTERN NO. 397, [1;32mCycles: 421[1;0m
[1;34mPASS PATTERN NO. 398, [1;32mCycles: 428[1;0m
[1;34mPASS PATTERN NO. 399, [1;32mCycles: 432[1;0m
[1;34mPASS PATTERN NO. 400, [1;32mCycles: 435[1;0m
[1;34mPASS PATTERN NO. 401, [1;32mCycles: 423[1;0m
[1;34mPASS PATTERN NO. 402, [1;32mCycles: 425[1;0m
[1;34mPASS PATTERN NO. 403, [1;32mCycles: 426[1;0m
[1;34mPASS PATTERN NO. 404, [1;32mCycles: 431[1;0m
[1;34mPASS PATTERN NO. 405, [1;32mCycles: 426[1;0m
[1;34mPASS PATTERN NO. 406, [1;32mCycles: 436[1;0m
[1;34mPASS PATTERN NO. 407, [1;32mCycles: 436[1;0m
[1;34mPASS PATTERN NO. 408, [1;32mCycles: 431[1;0m
[1;34mPASS PATTERN NO. 409, [1;32mCycles: 433[1;0m
[1;34mPASS PATTERN NO. 410, [1;32mCycles: 430[1;0m
[1;34mPASS PATTERN NO. 411, [1;32mCycles: 436[1;0m
[1;34mPASS PATTERN NO. 412, [1;32mCycles: 433[1;0m
[1;34mPASS PATTERN NO. 413, [1;32mCycles: 436[1;0m
[1;34mPASS PATTERN NO. 414, [1;32mCycles: 436[1;0m
[1;34mPASS PATTERN NO. 415, [1;32mCycles: 435[1;0m
[1;34mPASS PATTERN NO. 416, [1;32mCycles: 422[1;0m
[1;34mPASS PATTERN NO. 417, [1;32mCycles: 436[1;0m
[1;34mPASS PATTERN NO. 418, [1;32mCycles: 436[1;0m
[1;34mPASS PATTERN NO. 419, [1;32mCycles: 436[1;0m
[1;34mPASS PATTERN NO. 420, [1;32mCycles: 432[1;0m
[1;34mPASS PATTERN NO. 421, [1;32mCycles: 424[1;0m
[1;34mPASS PATTERN NO. 422, [1;32mCycles: 436[1;0m
[1;34mPASS PATTERN NO. 423, [1;32mCycles: 425[1;0m
[1;34mPASS PATTERN NO. 424, [1;32mCycles: 422[1;0m
[1;34mPASS PATTERN NO. 425, [1;32mCycles: 433[1;0m
[1;34mPASS PATTERN NO. 426, [1;32mCycles: 428[1;0m
[1;34mPASS PATTERN NO. 427, [1;32mCycles: 436[1;0m
[1;34mPASS PATTERN NO. 428, [1;32mCycles: 426[1;0m
[1;34mPASS PATTERN NO. 429, [1;32mCycles: 434[1;0m
[1;34mPASS PATTERN NO. 430, [1;32mCycles: 420[1;0m
[1;34mPASS PATTERN NO. 431, [1;32mCycles: 422[1;0m
[1;34mPASS PATTERN NO. 432, [1;32mCycles: 422[1;0m
[1;34mPASS PATTERN NO. 433, [1;32mCycles: 424[1;0m
[1;34mPASS PATTERN NO. 434, [1;32mCycles: 435[1;0m
[1;34mPASS PATTERN NO. 435, [1;32mCycles: 431[1;0m
[1;34mPASS PATTERN NO. 436, [1;32mCycles: 436[1;0m
[1;34mPASS PATTERN NO. 437, [1;32mCycles: 436[1;0m
[1;34mPASS PATTERN NO. 438, [1;32mCycles: 436[1;0m
[1;34mPASS PATTERN NO. 439, [1;32mCycles: 436[1;0m
[1;34mPASS PATTERN NO. 440, [1;32mCycles: 435[1;0m
[1;34mPASS PATTERN NO. 441, [1;32mCycles: 436[1;0m
[1;34mPASS PATTERN NO. 442, [1;32mCycles: 435[1;0m
[1;34mPASS PATTERN NO. 443, [1;32mCycles: 436[1;0m
[1;34mPASS PATTERN NO. 444, [1;32mCycles: 426[1;0m
[1;34mPASS PATTERN NO. 445, [1;32mCycles: 436[1;0m
[1;34mPASS PATTERN NO. 446, [1;32mCycles: 436[1;0m
[1;34mPASS PATTERN NO. 447, [1;32mCycles: 424[1;0m
[1;34mPASS PATTERN NO. 448, [1;32mCycles: 430[1;0m
[1;34mPASS PATTERN NO. 449, [1;32mCycles: 422[1;0m
[1;34mPASS PATTERN NO. 450, [1;32mCycles: 421[1;0m
[1;34mPASS PATTERN NO. 451, [1;32mCycles: 421[1;0m
[1;34mPASS PATTERN NO. 452, [1;32mCycles: 427[1;0m
[1;34mPASS PATTERN NO. 453, [1;32mCycles: 431[1;0m
[1;34mPASS PATTERN NO. 454, [1;32mCycles: 435[1;0m
[1;34mPASS PATTERN NO. 455, [1;32mCycles: 436[1;0m
[1;34mPASS PATTERN NO. 456, [1;32mCycles: 436[1;0m
[1;34mPASS PATTERN NO. 457, [1;32mCycles: 436[1;0m
[1;34mPASS PATTERN NO. 458, [1;32mCycles: 435[1;0m
[1;34mPASS PATTERN NO. 459, [1;32mCycles: 424[1;0m
[1;34mPASS PATTERN NO. 460, [1;32mCycles: 422[1;0m
[1;34mPASS PATTERN NO. 461, [1;32mCycles: 422[1;0m
[1;34mPASS PATTERN NO. 462, [1;32mCycles: 430[1;0m
[1;34mPASS PATTERN NO. 463, [1;32mCycles: 430[1;0m
[1;34mPASS PATTERN NO. 464, [1;32mCycles: 426[1;0m
[1;34mPASS PATTERN NO. 465, [1;32mCycles: 435[1;0m
[1;34mPASS PATTERN NO. 466, [1;32mCycles: 436[1;0m
[1;34mPASS PATTERN NO. 467, [1;32mCycles: 423[1;0m
[1;34mPASS PATTERN NO. 468, [1;32mCycles: 435[1;0m
[1;34mPASS PATTERN NO. 469, [1;32mCycles: 436[1;0m
[1;34mPASS PATTERN NO. 470, [1;32mCycles: 435[1;0m
[1;34mPASS PATTERN NO. 471, [1;32mCycles: 435[1;0m
[1;34mPASS PATTERN NO. 472, [1;32mCycles: 424[1;0m
[1;34mPASS PATTERN NO. 473, [1;32mCycles: 427[1;0m
[1;34mPASS PATTERN NO. 474, [1;32mCycles: 422[1;0m
[1;34mPASS PATTERN NO. 475, [1;32mCycles: 428[1;0m
[1;34mPASS PATTERN NO. 476, [1;32mCycles: 428[1;0m
[1;34mPASS PATTERN NO. 477, [1;32mCycles: 425[1;0m
[1;34mPASS PATTERN NO. 478, [1;32mCycles: 425[1;0m
[1;34mPASS PATTERN NO. 479, [1;32mCycles: 421[1;0m
[1;34mPASS PATTERN NO. 480, [1;32mCycles: 421[1;0m
[1;34mPASS PATTERN NO. 481, [1;32mCycles: 436[1;0m
[1;34mPASS PATTERN NO. 482, [1;32mCycles: 425[1;0m
[1;34mPASS PATTERN NO. 483, [1;32mCycles: 433[1;0m
[1;34mPASS PATTERN NO. 484, [1;32mCycles: 436[1;0m
[1;34mPASS PATTERN NO. 485, [1;32mCycles: 436[1;0m
[1;34mPASS PATTERN NO. 486, [1;32mCycles: 422[1;0m
[1;34mPASS PATTERN NO. 487, [1;32mCycles: 423[1;0m
[1;34mPASS PATTERN NO. 488, [1;32mCycles: 436[1;0m
[1;34mPASS PATTERN NO. 489, [1;32mCycles: 430[1;0m
[1;34mPASS PATTERN NO. 490, [1;32mCycles: 424[1;0m
[1;34mPASS PATTERN NO. 491, [1;32mCycles: 425[1;0m
[1;34mPASS PATTERN NO. 492, [1;32mCycles: 427[1;0m
[1;34mPASS PATTERN NO. 493, [1;32mCycles: 433[1;0m
[1;34mPASS PATTERN NO. 494, [1;32mCycles: 435[1;0m
[1;34mPASS PATTERN NO. 495, [1;32mCycles: 428[1;0m
[1;34mPASS PATTERN NO. 496, [1;32mCycles: 436[1;0m
[1;34mPASS PATTERN NO. 497, [1;32mCycles: 427[1;0m
[1;34mPASS PATTERN NO. 498, [1;32mCycles: 433[1;0m
[1;34mPASS PATTERN NO. 499, [1;32mCycles: 421[1;0m
[1;33m                `oo+oy+`                            [1;35m Congratulation!!! [1;0m                                   
[1;33m               /h/----+y        `+++++:             [1;35m PASS This Lab........Maybe [1;0m                          
[1;33m             .y------:m/+ydoo+:y:---:+o             [1;35m Total Latency : 248933    [1;0m                                
[1;33m              o+------/y--::::::+oso+:/y                                                                                     
[1;33m              s/-----:/:----------:+ooy+-                                                                                    
[1;33m             /o----------------/yhyo/::/o+/:-.`                                                                              
[1;33m            `ys----------------:::--------:::+yyo+                                                                           
[1;33m            .d/:-------------------:--------/--/hos/                                                                         
[1;33m            y/-------------------::ds------:s:/-:sy-                                                                         
[1;33m           +y--------------------::os:-----:ssm/o+`                                                                          
[1;33m          `d:-----------------------:-----/+o++yNNmms                                                                        
[1;33m           /y-----------------------------------hMMMMN.                                                                      
[1;33m           o+---------------------://:----------:odmdy/+.                                                                    
[1;33m           o+---------------------::y:------------::+o-/h                                                                    
[1;33m           :y-----------------------+s:------------/h:-:d                                                                    
[1;33m           `m/-----------------------+y/---------:oy:--/y                                                                    
[1;33m            /h------------------------:os++/:::/+o/:--:h-                                                                    
[1;33m         `:+ym--------------------------://++++o/:---:h/                                                                     
[1;31m        `hhhhhoooo++oo+/:[1;33m--------------------:oo----[1;31m+dd+                                                 
[1;31m         shyyyhhhhhhhhhhhso/:[1;33m---------------:+/---[1;31m/ydyyhs:`                                              
[1;31m         .mhyyyyyyhhhdddhhhhhs+:[1;33m----------------[1;31m:sdmhyyyyyyo:                                            
[1;31m        `hhdhhyyyyhhhhhddddhyyyyyo++/:[1;33m--------[1;31m:odmyhmhhyyyyhy                                            
[1;31m        -dyyhhyyyyyyhdhyhhddhhyyyyyhhhs+/::[1;33m-[1;31m:ohdmhdhhhdmdhdmy:                                           
[1;31m         hhdhyyyyyyyyyddyyyyhdddhhyyyyyhhhyyhdhdyyhyys+ossyhssy:-`                                                           
[1;31m         `Ndyyyyyyyyyyymdyyyyyyyhddddhhhyhhhhhhhhy+/:[1;33m-------::/+o++++-`                                            
[1;31m          dyyyyyyyyyyyyhNyydyyyyyyyyyyhhhhyyhhy+/[1;33m------------------:/ooo:`                                         
[1;31m         :myyyyyyyyyyyyyNyhmhhhyyyyyhdhyyyhho/[1;33m-------------------------:+o/`                                       
[1;31m        /dyyyyyyyyyyyyyyddmmhyyyyyyhhyyyhh+:[1;33m-----------------------------:+s-                                      
[1;31m      +dyyyyyyyyyyyyyyydmyyyyyyyyyyyyyds:[1;33m---------------------------------:s+                                      
[1;31m      -ddhhyyyyyyyyyyyyyddyyyyyyyyyyyhd+[1;33m------------------------------------:oo              `-++o+:.`             
[1;31m       `/dhshdhyyyyyyyyyhdyyyyyyyyyydh:[1;33m---------------------------------------s/            -o/://:/+s             
[1;31m         os-:/oyhhhhyyyydhyyyyyyyyyds:[1;33m----------------------------------------:h:--.`      `y:------+os            
[1;33m         h+-----[1;31m:/+oosshdyyyyyyyyhds[1;33m-------------------------------------------+h//o+s+-.` :o-------s/y  
[1;33m         m:------------[1;31mdyyyyyyyyymo[1;33m--------------------------------------------oh----:://++oo------:s/d  
[1;33m        `N/-----------+[1;31mmyyyyyyyydo[1;33m---------------------------------------------sy---------:/s------+o/d  
[1;33m        .m-----------:d[1;31mhhyyyyyyd+[1;33m----------------------------------------------y+-----------+:-----oo/h  
[1;33m        +s-----------+N[1;31mhmyyyyhd/[1;33m----------------------------------------------:h:-----------::-----+o/m  
[1;33m        h/----------:d/[1;31mmmhyyhh:[1;33m-----------------------------------------------oo-------------------+o/h  
[1;33m       `y-----------so /[1;31mNhydh:[1;33m-----------------------------------------------/h:-------------------:soo  
[1;33m    `.:+o:---------+h   [1;31mmddhhh/:[1;33m---------------:/osssssoo+/::---------------+d+//++///::+++//::::::/y+`  
[1;33m   -s+/::/--------+d.   [1;31mohso+/+y/:[1;33m-----------:yo+/:-----:/oooo/:----------:+s//::-.....--:://////+/:`    
[1;33m   s/------------/y`           `/oo:--------:y/-------------:/oo+:------:/s:                                                 
[1;33m   o+:--------::++`              `:so/:-----s+-----------------:oy+:--:+s/``````                                             
[1;33m    :+o++///+oo/.                   .+o+::--os-------------------:oy+oo:`/o+++++o-                                           
[1;33m       .---.`                          -+oo/:yo:-------------------:oy-:h/:---:+oyo                                          
[1;33m                                          `:+omy/---------------------+h:----:y+//so                                         
[1;33m                                              `-ys:-------------------+s-----+s///om                                         
[1;33m                                                 -os+::---------------/y-----ho///om                                         
[1;33m                                                    -+oo//:-----------:h-----h+///+d                                         
[1;33m                                                       `-oyy+:---------s:----s/////y                                         
[1;33m                                                           `-/o+::-----:+----oo///+s                                         
[1;33m                                                               ./+o+::-------:y///s:                                         
[1;33m                                                                   ./+oo/-----oo/+h                                          
[1;33m                                                                       `://++++syo`                                          
[1;0m
Simulation complete via $finish(1) at time 2519290 NS + 0
./PATTERN_iclab2023spring_Mid_v2.v:851     $finish;
ncsim> exit
TOOL:	irun(64)	15.20-s084: Exiting on Apr 15, 2023 at 16:47:58 CST  (total: 00:00:44)
