irun(64): 15.20-s084: (c) Copyright 1995-2020 Cadence Design Systems, Inc.
TOOL:	irun(64)	15.20-s084: Started on May 04, 2023 at 20:43:46 CST
irun
	TESTBED.sv
	-define RTL
	-debug
	-notimingchecks
	-loadpli1 debpli:novas_pli_boot
Recompiling... reason: file './PATTERN.sv' is newer than expected.
	expected: Thu May  4 20:43:11 2023
	actual:   Thu May  4 20:43:46 2023
file: TESTBED.sv
	module worklib.pseudo_DRAM:sv
		errors: 0, warnings: 0
program automatic PATTERN(input clk, INF.PATTERN inf);
                |
ncvlog: *W,DFAUTO (PATTERN.sv,24|16): Default automatic lifetime will not be applied outside tasks and functions.
(`include file: PATTERN.sv line 24, file: TESTBED.sv line 23)
	program worklib.PATTERN:sv
		errors: 0, warnings: 1
program automatic PATTERN_bridge(input clk, INF.PATTERN_bridge inf);
                |
ncvlog: *W,DFAUTO (PATTERN_bridge.sv,5|16): Default automatic lifetime will not be applied outside tasks and functions.
(`include file: PATTERN_bridge.sv line 5, file: TESTBED.sv line 24)
program automatic PATTERN_OS(input clk, INF.PATTERN_bridge inf);
                |
ncvlog: *W,DFAUTO (PATTERN_OS.sv,5|16): Default automatic lifetime will not be applied outside tasks and functions.
(`include file: PATTERN_OS.sv line 5, file: TESTBED.sv line 25)
module pseudo_DRAM(input clk, INF.DRAM inf);
                 |
ncvlog: *W,RECOME (./../00_TESTBED/pseudo_DRAM.sv,23|17): recompiling design unit worklib.pseudo_DRAM:sv.
	First compiled from line 23 of ../00_TESTBED/pseudo_DRAM.sv.
(`include file: ./../00_TESTBED/pseudo_DRAM.sv line 23, file: TESTBED.sv line 26)
	module worklib.pseudo_DRAM:sv
		errors: 0, warnings: 1
    else    er_state = No_Err;
                            |
ncvlog: *W,ENUMERR (OS.sv,632|28): This assignment is a violation of SystemVerilog strong typing rules for enumeration datatypes.
(`include file: OS.sv line 706, file: TESTBED.sv line 30)
        if(level_up)    rank = last_user_shop_info[13:12]-'d1;
                                                         |
ncvlog: *W,ENUMERR (OS.sv,688|57): This assignment is a violation of SystemVerilog strong typing rules for enumeration datatypes.
(`include file: OS.sv line 706, file: TESTBED.sv line 30)
        else            rank = last_user_shop_info[13:12];
                                                 |
ncvlog: *W,ENUMERR (OS.sv,689|49): This assignment is a violation of SystemVerilog strong typing rules for enumeration datatypes.
(`include file: OS.sv line 706, file: TESTBED.sv line 30)
    else                rank = last_user_shop_info[13:12];
                                                 |
ncvlog: *W,ENUMERR (OS.sv,690|49): This assignment is a violation of SystemVerilog strong typing rules for enumeration datatypes.
(`include file: OS.sv line 706, file: TESTBED.sv line 30)
		Caching library 'worklib' ....... Done
	Elaborating the design hierarchy:
	Top level design units:
		usertype
		$unit_0x08175a18
		TESTBED
PATTERN_OS      test_pp(.clk(SystemClock), .inf(inf.PATTERN_OS));
                                                             |
ncelab: *W,CUIBMP (./TESTBED.sv,50|61): The modport of the instance (PATTERN_OS) and the modport of the port (PATTERN_bridge) do not match, using: PATTERN_bridge (TESTBED).
ncelab: *W,DSEMEL: This SystemVerilog design will be simulated as per IEEE 1800-2009 SystemVerilog simulation semantics. Use -disable_sem2009 option for turning off SV 2009 simulation semantics.
    $readmemh(DRAM_p_r, golden_DRAM);
                                  |
ncelab: *W,MEMODR (./PATTERN.sv,558|34): $readmem default memory order incompatible with IEEE1364.
            inf.D.d_act[0]= 'b0;
                              |
ncelab: *W,ENUMERR (./PATTERN.sv,984|30): This assignment is a violation of SystemVerilog strong typing rules for enumeration datatypes.
            inf.D.d_item[0] = 'b0;
                                |
ncelab: *W,ENUMERR (./PATTERN.sv,997|32): This assignment is a violation of SystemVerilog strong typing rules for enumeration datatypes.
            inf.D.d_act[0]= 'b0;
                              |
ncelab: *W,ENUMERR (./PATTERN.sv,1186|30): This assignment is a violation of SystemVerilog strong typing rules for enumeration datatypes.
            inf.D.d_act[0]= 'b0;
                              |
ncelab: *W,ENUMERR (./PATTERN.sv,1224|30): This assignment is a violation of SystemVerilog strong typing rules for enumeration datatypes.
ncelab: *W,MEMODR (./TESTBED.sv): warning within protected source code.
    if(~inf.rst_n)                                   inf.err_msg <= 'b0;
                                                                      |
ncelab: *W,ENUMERR (./OS.sv,154|70): This assignment is a violation of SystemVerilog strong typing rules for enumeration datatypes.
    else if(next_os==s_OUTPUT&(|(er_state)))      inf.err_msg <= er_state;
                                                                        |
ncelab: *W,ENUMERR (./OS.sv,155|72): This assignment is a violation of SystemVerilog strong typing rules for enumeration datatypes.
    else                                             inf.err_msg <= 'b0;
                                                                      |
ncelab: *W,ENUMERR (./OS.sv,156|70): This assignment is a violation of SystemVerilog strong typing rules for enumeration datatypes.
    else    er_state = No_Err;
                            |
ncelab: *W,ENUMERR (./OS.sv,632|28): This assignment is a violation of SystemVerilog strong typing rules for enumeration datatypes.
        if(level_up)    rank = last_user_shop_info[13:12]-'d1;
                                                         |
ncelab: *W,ENUMERR (./OS.sv,688|57): This assignment is a violation of SystemVerilog strong typing rules for enumeration datatypes.
        else            rank = last_user_shop_info[13:12];
                                                 |
ncelab: *W,ENUMERR (./OS.sv,689|49): This assignment is a violation of SystemVerilog strong typing rules for enumeration datatypes.
    else                rank = last_user_shop_info[13:12];
                                                 |
ncelab: *W,ENUMERR (./OS.sv,690|49): This assignment is a violation of SystemVerilog strong typing rules for enumeration datatypes.
	Building instance overlay tables: .................... Done
	Generating native compiled code:
		worklib.PATTERN:sv <0x4ef86e48>
			streams: 113, words: 140397
		worklib.pseudo_DRAM:sv <0x2e5c8b51>
			streams:   5, words: 18767
	Building instance specific data structures.
	Loading native compiled code:     .................... Done
	Design hierarchy summary:
		                     Instances  Unique
		Modules:                     4       4
		Interfaces:                  1       1
		Programs:                    3       3
		Verilog packages:            1       1
		Registers:                 273     297
		Scalar wires:               19       -
		Vectored wires:             13       -
		Always blocks:             561      51
		Initial blocks:             59      59
		Cont. assignments:          26      26
		Pseudo assignments:          1       1
		Compilation units:           1       1
		SV Class declarations:      10      10
		SV Class specializations:   10      10
		Simulation timescale:      1ps
	Writing initial simulation snapshot: worklib.TESTBED:sv
Loading snapshot worklib.TESTBED:sv .................... Done
SVSEED default: 1
ncsim: *W,DSEM2009: This SystemVerilog design is simulated as per IEEE 1800-2009 SystemVerilog simulation semantics. Use -disable_sem2009 option for turning off SV 2009 simulation semantics.
*Verdi* Loading libsscore_ius152.so
ncsim> source /usr/cad/cadence/INCISIV/INCISIVE_15.20.084/tools/inca/files/ncsimrc
ncsim> run
FSDB Dumper for IUS, Release Verdi_P-2019.06, Linux x86_64/64bit, 05/26/2019
(C) 1996 - 2019 by Synopsys, Inc.
*Verdi* FSDB WARNING: The FSDB file already exists. Overwriting the FSDB file may crash the programs that are using this file.
*Verdi* : Create FSDB file 'OSB.fsdb'
*Verdi* : Begin traversing the scopes, layer (0).
*Verdi* : Enable +all dumping.
*Verdi* : End of traversing.
*Verdi* : Begin traversing the SVA assertions, layer (0).
*Verdi* : End of traversing the SVA assertions.
ACT:  2
No.      0
ACT:  1
No.      1
ACT:  8
No.      2
ACT:  8
No.      3
ACT:  8
No.      4
ACT:  8
No.      5
ACT:  8
No.      6
ACT:  8
No.      7
ACT:  4
No.      8
ACT:  1
No.      9
ACT:  1
No.     10
ACT:  2
No.     11
ACT:  2
No.     12
ACT:  8
No.     13
ACT:  1
No.     14
ACT:  8
No.     15
ACT:  8
No.     16
ACT:  8
No.     17
ACT:  4
No.     18
ACT:  4
No.     19
ACT:  1
No.     20
ACT:  1
No.     21
ACT:  8
No.     22
ACT:  8
No.     23
ACT:  4
No.     24
ACT:  4
No.     25
ACT:  1
No.     26
ACT:  8
No.     27
ACT:  2
No.     28
ACT:  8
No.     29
ACT:  8
No.     30
ACT:  4
No.     31
ACT:  4
No.     32
ACT:  4
No.     33
ACT:  8
No.     34
ACT:  4
No.     35
ACT:  1
No.     36
ACT:  1
No.     37
ACT:  8
No.     38
ACT:  8
No.     39
ACT:  8
No.     40
ACT:  4
No.     41
ACT:  8
No.     42
ACT:  4
No.     43
ACT:  4
No.     44
ACT:  1
No.     45
ACT:  1
No.     46
ACT:  8
No.     47
ACT:  8
No.     48
ACT:  1
No.     49
ACT:  8
No.     50
ACT:  8
No.     51
ACT:  8
No.     52
ACT:  1
No.     53
ACT:  2
No.     54
ACT:  1
No.     55
ACT:  8
No.     56
ACT:  1
No.     57
ACT:  8
No.     58
ACT:  2
No.     59
ACT:  1
No.     60
ACT:  1
No.     61
ACT:  4
No.     62
ACT:  1
No.     63
ACT:  8
No.     64
ACT:  8
No.     65
ACT:  8
No.     66
ACT:  8
No.     67
ACT:  1
No.     68
ACT:  1
No.     69
ACT:  8
No.     70
ACT:  1
No.     71
ACT:  1
No.     72
ACT:  1
No.     73
ACT:  1
No.     74
ACT:  4
No.     75
ACT:  1
No.     76
ACT:  1
No.     77
ACT:  1
No.     78
ACT:  2
No.     79
ACT:  4
No.     80
ACT:  1
No.     81
ACT:  1
No.     82
ACT:  1
No.     83
ACT:  8
No.     84
ACT:  1
No.     85
ACT:  8
No.     86
ACT:  8
No.     87
ACT:  8
No.     88
ACT:  2
No.     89
ACT:  1
No.     90
ACT:  1
No.     91
ACT:  1
No.     92
ACT:  8
No.     93
ACT:  8
No.     94
ACT:  8
No.     95
ACT:  4
No.     96
ACT:  1
No.     97
ACT:  8
No.     98
ACT:  1
No.     99
ACT:  8
No.    100
ACT:  2
No.    101
ACT:  1
No.    102
ACT:  8
No.    103
ACT:  8
No.    104
ACT:  4
No.    105
ACT:  8
No.    106
ACT:  8
No.    107
ACT:  1
No.    108
ACT:  1
No.    109
ACT:  4
No.    110
ACT:  2
No.    111
ACT:  8
No.    112
ACT:  1
No.    113
ACT:  8
No.    114
ACT:  4
No.    115
ACT:  1
No.    116
ACT:  4
No.    117
ACT:  8
No.    118
ACT:  1
No.    119
ACT:  1
No.    120
ACT:  2
No.    121
ACT:  8
No.    122
ACT:  8
No.    123
ACT:  1
No.    124
ACT:  1
No.    125
ACT:  1
No.    126
ACT:  4
No.    127
ACT:  8
No.    128
ACT:  8
No.    129
ACT:  8
No.    130
ACT:  8
No.    131
ACT:  8
No.    132
ACT:  1
No.    133
ACT:  1
No.    134
ACT:  2
No.    135
ACT:  8
No.    136
ACT:  2
No.    137
ACT:  1
No.    138
ACT:  8
No.    139
ACT:  8
No.    140
ACT:  1
No.    141
ACT:  8
No.    142
ACT:  1
No.    143
ACT:  8
No.    144
ACT:  8
No.    145
ACT:  1
No.    146
ACT:  1
No.    147
ACT:  8
No.    148
ACT:  1
No.    149
ACT:  8
No.    150
ACT:  8
No.    151
ACT:  8
No.    152
ACT:  8
No.    153
ACT:  8
No.    154
ACT:  2
No.    155
ACT:  8
No.    156
ACT:  1
No.    157
ACT:  2
No.    158
ACT:  1
No.    159
ACT:  4
No.    160
ACT:  8
No.    161
ACT:  4
No.    162
ACT:  1
No.    163
ACT:  2
No.    164
ACT:  2
No.    165
ACT:  8
No.    166
ACT:  4
No.    167
ACT:  2
No.    168
ACT:  8
No.    169
ACT:  4
No.    170
ACT:  8
No.    171
ACT:  1
No.    172
ACT:  8
No.    173
ACT:  8
No.    174
ACT:  8
No.    175
ACT:  1
No.    176
ACT:  8
No.    177
ACT:  4
No.    178
ACT:  1
No.    179
ACT:  1
No.    180
ACT:  8
No.    181
ACT:  1
No.    182
ACT:  1
No.    183
ACT:  8
No.    184
ACT:  8
No.    185
ACT:  8
No.    186
ACT:  1
No.    187
ACT:  8
No.    188
ACT:  2
No.    189
ACT:  8
No.    190
ACT:  8
No.    191
ACT:  8
No.    192
ACT:  1
No.    193
ACT:  8
No.    194
ACT:  1
No.    195
ACT:  2
No.    196
ACT:  8
No.    197
ACT:  8
No.    198
ACT:  8
No.    199
ACT:  8
No.    200
ACT:  4
No.    201
ACT:  1
No.    202
ACT:  8
No.    203
ACT:  4
No.    204
ACT:  8
No.    205
ACT:  8
No.    206
ACT:  8
No.    207
ACT:  8
No.    208
ACT:  1
No.    209
ACT:  2
No.    210
ACT:  4
No.    211
ACT:  1
No.    212
ACT:  4
No.    213
ACT:  1
No.    214
ACT:  8
No.    215
ACT:  8
No.    216
ACT:  8
No.    217
ACT:  1
No.    218
ACT:  8
No.    219
ACT:  8
No.    220
ACT:  4
No.    221
ACT:  8
No.    222
ACT:  4
No.    223
ACT:  8
No.    224
ACT:  8
No.    225
ACT:  4
No.    226
ACT:  1
No.    227
ACT:  1
No.    228
ACT:  8
No.    229
ACT:  1
No.    230
ACT:  1
No.    231
ACT:  4
No.    232
ACT:  8
No.    233
ACT:  4
No.    234
ACT:  8
No.    235
ACT:  1
No.    236
ACT:  8
No.    237
ACT:  8
No.    238
ACT:  8
No.    239
ACT:  1
No.    240
ACT:  2
No.    241
ACT:  8
No.    242
ACT:  8
No.    243
ACT:  1
No.    244
ACT:  1
No.    245
ACT:  4
No.    246
ACT:  2
No.    247
ACT:  2
No.    248
ACT:  8
No.    249
ACT:  8
No.    250
ACT:  1
No.    251
ACT:  8
No.    252
ACT:  1
No.    253
ACT:  8
No.    254
ACT:  8
No.    255
ACT:  1
No.    256
ACT:  4
No.    257
ACT:  8
No.    258
ACT:  1
No.    259
ACT:  2
No.    260
ACT:  8
No.    261
ACT:  8
No.    262
ACT:  1
No.    263
ACT:  1
No.    264
ACT:  8
No.    265
ACT:  2
No.    266
ACT:  1
No.    267
ACT:  1
No.    268
ACT:  1
No.    269
ACT:  2
No.    270
ACT:  1
No.    271
ACT:  1
No.    272
ACT:  8
No.    273
ACT:  8
No.    274
ACT:  1
No.    275
ACT:  4
No.    276
ACT:  4
No.    277
ACT:  8
No.    278
ACT:  1
No.    279
ACT:  8
No.    280
ACT:  1
No.    281
ACT:  4
No.    282
ACT:  1
No.    283
ACT:  1
No.    284
ACT:  4
No.    285
ACT:  8
No.    286
ACT:  1
No.    287
ACT:  1
No.    288
ACT:  8
No.    289
ACT:  1
No.    290
ACT:  4
No.    291
ACT:  8
No.    292
ACT:  1
No.    293
ACT:  1
No.    294
ACT:  1
No.    295
ACT:  1
No.    296
ACT:  8
No.    297
ACT:  1
No.    298
ACT:  8
No.    299
ACT:  4
No.    300
ACT:  1
No.    301
ACT:  2
No.    302
ACT:  1
No.    303
ACT:  4
No.    304
ACT:  1
No.    305
ACT:  8
No.    306
ACT:  8
No.    307
ACT:  1
No.    308
ACT:  1
No.    309
ACT:  1
No.    310
ACT:  8
No.    311
ACT:  1
No.    312
ACT:  8
No.    313
ACT:  2
No.    314
ACT:  8
No.    315
ACT:  8
No.    316
ACT:  4
No.    317
ACT:  8
No.    318
ACT:  1
No.    319
ACT:  2
No.    320
ACT:  8
No.    321
ACT:  8
No.    322
ACT:  8
No.    323
ACT:  1
No.    324
ACT:  1
No.    325
ACT:  8
No.    326
ACT:  1
No.    327
ACT:  8
No.    328
ACT:  2
No.    329
ACT:  2
No.    330
ACT:  8
No.    331
ACT:  8
No.    332
ACT:  8
No.    333
ACT:  8
No.    334
ACT:  4
No.    335
ACT:  8
No.    336
ACT:  8
No.    337
ACT:  8
No.    338
ACT:  1
No.    339
ACT:  1
No.    340
ACT:  1
No.    341
ACT:  8
No.    342
ACT:  4
No.    343
ACT:  4
No.    344
ACT:  4
No.    345
ACT:  1
No.    346
ACT:  1
No.    347
ACT:  8
No.    348
ACT:  1
No.    349
ACT:  1
No.    350
ACT:  1
No.    351
ACT:  8
No.    352
ACT:  4
No.    353
ACT:  4
No.    354
ACT:  8
No.    355
ACT:  8
No.    356
ACT:  4
No.    357
ACT:  2
No.    358
ACT:  1
No.    359
ACT:  2
No.    360
ACT:  4
No.    361
ACT:  1
No.    362
ACT:  8
No.    363
ACT:  8
No.    364
ACT:  8
No.    365
ACT:  1
No.    366
ACT:  8
No.    367
ACT:  8
No.    368
ACT:  2
No.    369
ACT:  1
No.    370
ACT:  2
No.    371
ACT:  4
No.    372
ACT:  1
No.    373
ACT:  8
No.    374
ACT:  4
No.    375
ACT:  8
No.    376
ACT:  1
No.    377
ACT:  1
No.    378
ACT:  8
No.    379
ACT:  4
No.    380
ACT:  8
No.    381
ACT:  8
No.    382
ACT:  4
No.    383
ACT:  1
No.    384
ACT:  8
No.    385
ACT:  8
No.    386
ACT:  8
No.    387
ACT:  8
No.    388
ACT:  1
No.    389
ACT:  4
No.    390
ACT:  1
No.    391
ACT:  1
No.    392
ACT:  4
No.    393
ACT:  4
No.    394
ACT:  1
No.    395
ACT:  8
No.    396
ACT:  1
No.    397
ACT:  2
No.    398
ACT:  4
No.    399
ACT:  8
No.    400
ACT:  4
No.    401
ACT:  1
No.    402
ACT:  1
No.    403
ACT:  8
No.    404
ACT:  8
No.    405
ACT:  1
No.    406
ACT:  8
No.    407
ACT:  4
No.    408
ACT:  8
No.    409
ACT:  1
No.    410
ACT:  4
No.    411
ACT:  8
No.    412
ACT:  8
No.    413
ACT:  1
No.    414
ACT:  1
No.    415
ACT:  8
No.    416
ACT:  1
No.    417
ACT:  8
No.    418
ACT:  8
No.    419
ACT:  4
No.    420
ACT:  1
No.    421
ACT:  1
No.    422
ACT:  4
No.    423
ACT:  1
No.    424
ACT:  8
No.    425
ACT:  8
No.    426
ACT:  8
No.    427
ACT:  4
No.    428
ACT:  8
No.    429
ACT:  8
No.    430
ACT:  8
No.    431
ACT:  8
No.    432
ACT:  1
No.    433
ACT:  1
No.    434
ACT:  1
No.    435
ACT:  8
No.    436
ACT:  8
No.    437
ACT:  8
No.    438
ACT:  8
No.    439
ACT:  8
No.    440
ACT:  8
No.    441
ACT:  4
No.    442
ACT:  2
No.    443
ACT:  1
No.    444
ACT:  1
No.    445
ACT:  1
No.    446
ACT:  4
No.    447
ACT:  1
No.    448
ACT:  8
No.    449
ACT:  1
No.    450
ACT:  8
No.    451
ACT:  1
No.    452
ACT:  8
No.    453
ACT:  1
No.    454
ACT:  2
No.    455
ACT:  8
No.    456
ACT:  1
No.    457
ACT:  1
No.    458
ACT:  8
No.    459
ACT:  8
No.    460
ACT:  8
No.    461
ACT:  8
No.    462
ACT:  1
No.    463
ACT:  8
No.    464
ACT:  1
No.    465
ACT:  1
No.    466
ACT:  1
No.    467
ACT:  1
No.    468
ACT:  8
No.    469
ACT:  8
No.    470
ACT:  8
No.    471
ACT:  1
No.    472
ACT:  1
No.    473
ACT:  2
No.    474
ACT:  8
No.    475
ACT:  4
No.    476
ACT:  8
No.    477
ACT:  1
No.    478
ACT:  4
No.    479
ACT:  4
No.    480
ACT:  2
No.    481
ACT:  8
No.    482
ACT:  8
No.    483
ACT:  8
No.    484
ACT:  8
No.    485
ACT:  8
No.    486
ACT:  8
No.    487
ACT:  4
No.    488
ACT:  1
No.    489
ACT:  1
No.    490
ACT:  8
No.    491
ACT:  1
No.    492
ACT:  1
No.    493
ACT:  8
No.    494
ACT:  4
No.    495
ACT:  4
No.    496
ACT:  8
No.    497
ACT:  8
No.    498
ACT:  2
No.    499
ACT:  8
No.    500
ACT:  8
No.    501
ACT:  2
No.    502
ACT:  1
No.    503
ACT:  8
No.    504
ACT:  1
No.    505
ACT:  1
No.    506
ACT:  8
No.    507
ACT:  8
No.    508
ACT:  1
No.    509
ACT:  4
No.    510
ACT:  1
No.    511
ACT:  1
No.    512
ACT:  1
No.    513
ACT:  1
No.    514
ACT:  1
No.    515
ACT:  8
No.    516
ACT:  4
No.    517
ACT:  8
No.    518
ACT:  4
No.    519
ACT:  4
No.    520
ACT:  8
No.    521
ACT:  8
No.    522
ACT:  8
No.    523
ACT:  1
No.    524
ACT:  4
No.    525
ACT:  8
No.    526
ACT:  8
No.    527
ACT:  8
No.    528
ACT:  1
No.    529
ACT:  1
No.    530
ACT:  1
No.    531
ACT:  1
No.    532
ACT:  8
No.    533
ACT:  4
No.    534
ACT:  8
No.    535
ACT:  8
No.    536
ACT:  1
No.    537
ACT:  1
No.    538
ACT:  1
No.    539
ACT:  1
No.    540
ACT:  8
No.    541
ACT:  1
No.    542
ACT:  8
No.    543
ACT:  8
No.    544
ACT:  4
No.    545
ACT:  8
No.    546
ACT:  2
No.    547
ACT:  2
No.    548
ACT:  8
No.    549
ACT:  8
No.    550
ACT:  1
No.    551
ACT:  8
No.    552
ACT:  8
No.    553
ACT:  1
No.    554
ACT:  4
No.    555
ACT:  8
No.    556
ACT:  8
No.    557
ACT:  1
No.    558
ACT:  1
No.    559
ACT:  4
No.    560
ACT:  8
No.    561
ACT:  8
No.    562
ACT:  1
No.    563
ACT:  4
No.    564
ACT:  1
No.    565
ACT:  2
No.    566
ACT:  8
No.    567
ACT:  8
No.    568
ACT:  1
No.    569
ACT:  8
No.    570
ACT:  8
No.    571
ACT:  1
No.    572
ACT:  1
No.    573
ACT:  1
No.    574
ACT:  1
No.    575
ACT:  8
No.    576
ACT:  8
No.    577
ACT:  1
No.    578
ACT:  1
No.    579
ACT:  8
No.    580
ACT:  2
No.    581
ACT:  1
No.    582
ACT:  1
No.    583
ACT:  2
No.    584
ACT:  8
No.    585
ACT:  1
No.    586
ACT:  8
No.    587
ACT:  1
No.    588
ACT:  8
No.    589
ACT:  8
No.    590
ACT:  1
No.    591
ACT:  8
No.    592
ACT:  8
No.    593
ACT:  1
No.    594
ACT:  1
No.    595
ACT:  8
No.    596
ACT:  8
No.    597
ACT:  8
No.    598
ACT:  8
No.    599
ACT:  1
No.    600
ACT:  4
No.    601
ACT:  1
No.    602
ACT:  4
No.    603
ACT:  4
No.    604
ACT:  8
No.    605
ACT:  1
No.    606
ACT:  8
No.    607
ACT:  8
No.    608
ACT:  1
No.    609
ACT:  1
No.    610
ACT:  8
No.    611
ACT:  8
No.    612
ACT:  8
No.    613
ACT:  1
No.    614
ACT:  1
No.    615
ACT:  1
No.    616
ACT:  1
No.    617
ACT:  4
No.    618
ACT:  1
No.    619
ACT:  8
No.    620
ACT:  8
No.    621
ACT:  8
No.    622
ACT:  8
No.    623
ACT:  1
No.    624
ACT:  1
No.    625
ACT:  4
No.    626
ACT:  8
No.    627
ACT:  8
No.    628
ACT:  1
No.    629
ACT:  8
No.    630
ACT:  1
No.    631
ACT:  4
No.    632
ACT:  8
No.    633
ACT:  1
No.    634
ACT:  8
No.    635
ACT:  1
No.    636
ACT:  8
No.    637
ACT:  2
No.    638
ACT:  4
No.    639
ACT:  4
No.    640
ACT:  1
No.    641
ACT:  1
No.    642
ACT:  4
No.    643
ACT:  4
No.    644
ACT:  1
No.    645
ACT:  2
No.    646
ACT:  8
No.    647
ACT:  1
No.    648
ACT:  8
No.    649
ACT:  1
No.    650
ACT:  1
No.    651
ACT:  2
No.    652
ACT:  8
No.    653
ACT:  1
No.    654
ACT:  8
No.    655
ACT:  1
No.    656
ACT:  8
No.    657
ACT:  2
No.    658
ACT:  4
No.    659
ACT:  4
No.    660
ACT:  1
No.    661
ACT:  8
No.    662
ACT:  8
No.    663
ACT:  8
No.    664
ACT:  1
No.    665
ACT:  1
No.    666
ACT:  8
No.    667
ACT:  1
No.    668
ACT:  4
No.    669
ACT:  1
No.    670
ACT:  8
No.    671
ACT:  8
No.    672
ACT:  8
No.    673
ACT:  1
No.    674
ACT:  1
No.    675
ACT:  8
No.    676
ACT:  1
No.    677
ACT:  8
No.    678
ACT:  8
No.    679
ACT:  1
No.    680
ACT:  4
No.    681
ACT:  2
No.    682
ACT:  8
No.    683
ACT:  8
No.    684
ACT:  2
No.    685
ACT:  8
No.    686
ACT:  8
No.    687
ACT:  1
No.    688
ACT:  4
No.    689
ACT:  1
No.    690
ACT:  8
No.    691
ACT:  4
No.    692
ACT:  8
No.    693
ACT:  8
No.    694
ACT:  8
No.    695
ACT:  8
No.    696
ACT:  1
No.    697
ACT:  8
No.    698
ACT:  8
No.    699
--------------------------------------------------------------------
          ~(￣▽￣)~(＿△＿)~(￣▽￣)~(＿△＿)~(￣▽￣)~            
                         Congratulations!                           
                  You have passed all patterns!                     
--------------------------------------------------------------------
Simulation complete via $finish(1) at time 25821 NS + 2
./PATTERN.sv:1316 $finish;
ncsim> exit
TOOL:	irun(64)	15.20-s084: Exiting on May 04, 2023 at 20:43:58 CST  (total: 00:00:12)
