
                           Design Compiler Graphical 
                                 DC Ultra (TM)
                                  DFTMAX (TM)
                              Power Compiler (TM)
                                 DesignWare (R)
                                 DC Expert (TM)
                               Design Vision (TM)
                               HDL Compiler (TM)
                               VHDL Compiler (TM)
                                  DFT Compiler
                               Design Compiler(R)

                 Version T-2022.03 for linux64 - Feb 22, 2022 

                    Copyright (c) 1988 - 2022 Synopsys, Inc.
   This software and the associated documentation are proprietary to Synopsys,
 Inc. This software may only be used in accordance with the terms and conditions
 of a written license agreement with Synopsys, Inc. All other use, reproduction,
   or distribution of this software is strictly prohibited.  Licensed Products
     communicate with Synopsys servers for the purpose of providing software
    updates, detecting software piracy and verifying that customers are using
    Licensed Products in conformity with the applicable License Key for such
  Licensed Products. Synopsys will use information gathered in connection with
    this process to deliver software updates and pursue software pirates and
                                   infringers.

 Inclusivity & Diversity - Visit SolvNetPlus to read the "Synopsys Statement on
            Inclusivity and Diversity" (Refer to article 000036315 at
                        https://solvnetplus.synopsys.com)
Initializing...
#======================================================
#
# Synopsys Synthesis Scripts (Design Vision dctcl mode)
#
#======================================================
#======================================================
#  Set Libraries
#======================================================
set search_path {./../01_RTL \
                 ~iclabta01/umc018/Synthesis/
                 /usr/synthesis/libraries/syn/}
./../01_RTL  ~iclabta01/umc018/Synthesis/
                 /usr/synthesis/libraries/syn/
set synthetic_library {dw_foundation.sldb}
dw_foundation.sldb
set link_library {* dw_foundation.sldb standard.sldb slow.db}  
* dw_foundation.sldb standard.sldb slow.db
set target_library {slow.db}
slow.db
#======================================================
#  Global Parameters
#======================================================
set DESIGN "INV_IP_demo"
INV_IP_demo
set MAX_Delay 11.7
11.7
#======================================================
#  Read RTL Code
#======================================================
analyze -f verilog $DESIGN\.v
Running PRESTO HDLC
Compiling source file ./../01_RTL/INV_IP_demo.v
Presto compilation completed successfully.
Loading db file '/usr/cad/synopsys/synthesis/2022.03/libraries/syn/dw_foundation.sldb'
Loading db file '/usr/cad/synopsys/synthesis/2022.03/libraries/syn/standard.sldb'
Loading db file '/RAID2/COURSE/iclab/iclabta01/umc018/Synthesis/slow.db'
1
analyze -f verilog INV_IP.v
Running PRESTO HDLC
Compiling source file ./../01_RTL/INV_IP.v
Warning:  ./../01_RTL/INV_IP.v:26: Parameter keyword used in local parameter declaration. (VER-329)
Warning:  ./../01_RTL/INV_IP.v:157: A unnamed generate block with an LRM-defined name 'genblk1' is detected, which is incompatible with Verilog standard 2001 or 1995. (VER-944)
Warning:  ./../01_RTL/INV_IP.v:157: A unnamed generate block with an LRM-defined name 'genblk1' is detected, which is incompatible with Verilog standard 2001 or 1995. (VER-944)
Warning:  ./../01_RTL/INV_IP.v:408: A unnamed generate block with an LRM-defined name 'genblk1' is detected, which is incompatible with Verilog standard 2001 or 1995. (VER-944)
Warning:  ./../01_RTL/INV_IP.v:408: A unnamed generate block with an LRM-defined name 'genblk1' is detected, which is incompatible with Verilog standard 2001 or 1995. (VER-944)
Warning:  ./../01_RTL/INV_IP.v:215: A unnamed generate block with an LRM-defined name 'genblk1' is detected, which is incompatible with Verilog standard 2001 or 1995. (VER-944)
Warning:  ./../01_RTL/INV_IP.v:215: A unnamed generate block with an LRM-defined name 'genblk1' is detected, which is incompatible with Verilog standard 2001 or 1995. (VER-944)
Warning:  ./../01_RTL/INV_IP.v:101: A unnamed generate block with an LRM-defined name 'genblk1' is detected, which is incompatible with Verilog standard 2001 or 1995. (VER-944)
Presto compilation completed successfully.
1
elaborate $DESIGN 
Loading db file '/usr/cad/synopsys/synthesis/2022.03/libraries/syn/gtech.db'
  Loading link library 'slow'
  Loading link library 'gtech'
Running PRESTO HDLC
Presto compilation completed successfully. (INV_IP_demo)
Elaborated 1 design.
Current design is now 'INV_IP_demo'.
Information: Building the design 'INV_IP' instantiated from design 'INV_IP_demo' with
	the parameters "IP_WIDTH=6". (HDL-193)
Presto compilation completed successfully. (INV_IP_IP_WIDTH6)
1
#-parameter "IP_WIDTH=5"
#======================================================
#  Global Setting
#======================================================
set_wire_load_mode top
1
#======================================================
#  Set Design Constraints
#======================================================
set_max_delay $MAX_Delay -from [all_inputs] -to [all_outputs]
1
set_load 0.05 [all_outputs]
1
#======================================================
#  Optimization
#======================================================
uniquify
1
set_fix_multiple_port_nets -all -buffer_constants
1
compile_ultra
Information: Performing power optimization. (PWR-850)
Alib files are up-to-date.
Information: Evaluating DesignWare library utilization. (UISN-27)

============================================================================
| DesignWare Building Block Library  |         Version         | Available |
============================================================================
| Basic DW Building Blocks           | S-2021.06-DWBB_202106.0 |     *     |
| Licensed DW Building Blocks        | S-2021.06-DWBB_202106.0 |     *     |
============================================================================

====================================================================================================
| Flow Information                                                                                 |
----------------------------------------------------------------------------------------------------
| Flow         | Design Compiler WLM                                                               |
| Comand line  | compile_ultra                                                                     |
====================================================================================================
| Design Information                                      | Value                                  |
====================================================================================================
| Number of Scenarios                                     | 0                                      |
| Leaf Cell Count                                         | 76                                     |
| Number of User Hierarchies                              | 1                                      |
| Sequential Cell Count                                   | 0                                      |
| Macro Count                                             | 0                                      |
| Number of Power Domains                                 | 0                                      |
| Number of Path Groups                                   | 1                                      |
| Number of VT class                                      | 0                                      |
| Number of Clocks                                        | 0                                      |
| Number of Dont Touch cells                              | 18                                     |
| Number of Dont Touch nets                               | 0                                      |
| Number of size only cells                               | 0                                      |
| Design with UPF Data                                    | false                                  |
----------------------------------------------------------------------------------------------------
| Variables                                               | Value                                  |
----------------------------------------------------------------------------------------------------
| set_fix_multiple_port_nets                              | -all -buffer_constants                 |
====================================================================================================
Information: Sequential output inversion is enabled.  SVF file must be used for formal verification. (OPT-1208)
  Simplifying Design 'INV_IP_demo'

Loaded alib file './alib-52/slow.db.alib'
  Building model 'DW01_NAND2'
Information: Ungrouping hierarchy I_INV_IP before Pass 1 (OPT-776)
Information: Ungrouping 1 of 2 hierarchies before Pass 1 (OPT-775)
Information: State dependent leakage is now switched from on to off.

  Beginning Pass 1 Mapping
  ------------------------
  Processing 'INV_IP_demo'
 Implement Synthetic for 'INV_IP_demo'.
  Processing 'INV_IP_demo_DW_div_uns_J1_3'
  Processing 'INV_IP_demo_DW_div_uns_J1_4'
  Processing 'INV_IP_demo_DW_div_uns_J1_5'
  Processing 'INV_IP_demo_DW_div_uns_J1_6'
  Processing 'INV_IP_demo_DW_div_uns_J1_7'
  Processing 'INV_IP_demo_DW_div_uns_J1_8'
  Processing 'INV_IP_demo_DW_div_uns_J1_9'
  Processing 'INV_IP_demo_DW_div_uns_J1_10'
Information: Added key list 'DesignWare' to design 'INV_IP_demo'. (DDB-72)

  Updating timing information
Information: Updating design information... (UID-85)
Information: The library cell 'HOLDX1' in the library 'slow' is not characterized for internal power. (PWR-536)
Information: The target library(s) contains cell(s), other than black boxes, that are not characterized for internal power. (PWR-24)

  Beginning Mapping Optimizations  (Ultra High effort)
  -------------------------------
  Structuring 'INV_IP_demo_DW_div_uns_0'
  Mapping 'INV_IP_demo_DW_div_uns_0'
  Structuring 'INV_IP_demo_DW_div_uns_1'
  Mapping 'INV_IP_demo_DW_div_uns_1'
  Structuring 'INV_IP_demo_DW_div_uns_2'
  Mapping 'INV_IP_demo_DW_div_uns_2'
  Structuring 'INV_IP_demo_DW_div_uns_3'
  Mapping 'INV_IP_demo_DW_div_uns_3'
  Structuring 'INV_IP_demo_DW_div_uns_4'
  Mapping 'INV_IP_demo_DW_div_uns_4'
  Structuring 'INV_IP_demo_DW_div_uns_5'
  Mapping 'INV_IP_demo_DW_div_uns_5'
  Structuring 'INV_IP_demo_DW_div_uns_6'
  Mapping 'INV_IP_demo_DW_div_uns_6'
  Structuring 'INV_IP_demo_DW_div_uns_7'
  Mapping 'INV_IP_demo_DW_div_uns_7'
  Structuring 'INV_IP_demo_DW_div_uns_8'
  Mapping 'INV_IP_demo_DW_div_uns_8'
  Structuring 'INV_IP_demo_DW_div_uns_9'
  Mapping 'INV_IP_demo_DW_div_uns_9'
  Mapping 'INV_IP_demo_DW01_add_0'
  Mapping 'DW01_add'
  Mapping 'DW01_add'
  Mapping 'DW01_add'
  Mapping 'INV_IP_demo_DW_div_uns_9'
  Structuring 'INV_IP_demo_DW_div_uns_10'
  Mapping 'INV_IP_demo_DW_div_uns_10'
  Structuring 'INV_IP_demo_DW_div_uns_11'
  Mapping 'INV_IP_demo_DW_div_uns_11'
  Structuring 'INV_IP_demo_DW_div_uns_12'
  Mapping 'INV_IP_demo_DW_div_uns_12'
  Structuring 'INV_IP_demo_DW_div_uns_13'
  Mapping 'INV_IP_demo_DW_div_uns_13'
  Structuring 'INV_IP_demo_DW_div_uns_14'
  Mapping 'INV_IP_demo_DW_div_uns_14'
  Mapping 'INV_IP_demo_DW01_add_1'
  Mapping 'DW01_add'
  Mapping 'DW01_add'
  Mapping 'DW01_add'
  Mapping 'INV_IP_demo_DW_div_uns_14'
  Structuring 'INV_IP_demo_DW_div_uns_15'
  Mapping 'INV_IP_demo_DW_div_uns_15'
  Structuring 'INV_IP_demo_DW_div_uns_16'
  Mapping 'INV_IP_demo_DW_div_uns_16'
  Structuring 'INV_IP_demo_DW_div_uns_17'
  Mapping 'INV_IP_demo_DW_div_uns_17'
  Structuring 'INV_IP_demo_DW_div_uns_18'
  Mapping 'INV_IP_demo_DW_div_uns_18'
  Structuring 'INV_IP_demo_DW_div_uns_19'
  Mapping 'INV_IP_demo_DW_div_uns_19'
  Mapping 'INV_IP_demo_DW01_add_2'
  Mapping 'DW01_add'
  Mapping 'DW01_add'
  Mapping 'DW01_add'
  Mapping 'DW01_add'
  Mapping 'DW01_add'
  Mapping 'DW01_add'
  Mapping 'INV_IP_demo_DW_div_uns_19'
  Structuring 'INV_IP_demo_DW_div_uns_20'
  Mapping 'INV_IP_demo_DW_div_uns_20'
  Structuring 'INV_IP_demo_DW_div_uns_21'
  Mapping 'INV_IP_demo_DW_div_uns_21'
  Structuring 'INV_IP_demo_DW_div_uns_22'
  Mapping 'INV_IP_demo_DW_div_uns_22'
  Structuring 'INV_IP_demo_DW_div_uns_23'
  Mapping 'INV_IP_demo_DW_div_uns_23'
  Structuring 'INV_IP_demo_DW_div_uns_24'
  Mapping 'INV_IP_demo_DW_div_uns_24'
  Mapping 'INV_IP_demo_DW01_add_3'
  Mapping 'INV_IP_demo_DW01_add_4'
  Mapping 'INV_IP_demo_DW01_add_5'
  Mapping 'INV_IP_demo_DW01_sub_0'
  Mapping 'INV_IP_demo_DW01_add_6'
  Mapping 'INV_IP_demo_DW01_add_7'
  Mapping 'INV_IP_demo_DW01_add_8'
  Mapping 'INV_IP_demo_DW01_add_13'
  Mapping 'INV_IP_demo_DW01_add_14'
  Mapping 'INV_IP_demo_DW01_add_15'
  Mapping 'INV_IP_demo_DW01_add_16'
  Mapping 'INV_IP_demo_DW01_add_17'
  Mapping 'INV_IP_demo_DW01_add_18'
  Mapping 'INV_IP_demo_DW01_add_19'
  Mapping 'INV_IP_demo_DW_div_uns_24'
  Structuring 'INV_IP_demo_DW_div_uns_25'
  Mapping 'INV_IP_demo_DW_div_uns_25'
  Structuring 'INV_IP_demo_DW_div_uns_26'
  Mapping 'INV_IP_demo_DW_div_uns_26'
  Structuring 'INV_IP_demo_DW_div_uns_27'
  Mapping 'INV_IP_demo_DW_div_uns_27'
  Structuring 'INV_IP_demo_DW_div_uns_28'
  Mapping 'INV_IP_demo_DW_div_uns_28'
  Structuring 'INV_IP_demo_DW_div_uns_29'
  Mapping 'INV_IP_demo_DW_div_uns_29'
  Mapping 'INV_IP_demo_DW01_add_20'
  Mapping 'DW01_add'
  Mapping 'DW01_add'
  Mapping 'DW01_add'
  Mapping 'DW01_add'
  Mapping 'DW01_add'
  Mapping 'DW01_add'
  Mapping 'INV_IP_demo_DW_div_uns_29'
  Structuring 'INV_IP_demo_DW_div_uns_30'
  Mapping 'INV_IP_demo_DW_div_uns_30'
  Structuring 'INV_IP_demo_DW_div_uns_31'
  Mapping 'INV_IP_demo_DW_div_uns_31'
  Structuring 'INV_IP_demo_DW_div_uns_32'
  Mapping 'INV_IP_demo_DW_div_uns_32'
  Structuring 'INV_IP_demo_DW_div_uns_33'
  Mapping 'INV_IP_demo_DW_div_uns_33'
  Structuring 'INV_IP_demo_DW_div_uns_34'
  Mapping 'INV_IP_demo_DW_div_uns_34'
  Mapping 'INV_IP_demo_DW01_add_21'
  Mapping 'INV_IP_demo_DW01_add_22'
  Mapping 'INV_IP_demo_DW01_add_23'
  Mapping 'INV_IP_demo_DW01_sub_1'
  Mapping 'INV_IP_demo_DW01_add_24'
  Mapping 'INV_IP_demo_DW01_add_25'
  Mapping 'INV_IP_demo_DW01_add_26'
  Mapping 'INV_IP_demo_DW01_add_31'
  Mapping 'INV_IP_demo_DW01_add_32'
  Mapping 'INV_IP_demo_DW01_add_33'
  Mapping 'INV_IP_demo_DW01_add_34'
  Mapping 'INV_IP_demo_DW01_add_35'
  Mapping 'INV_IP_demo_DW01_add_36'
  Mapping 'INV_IP_demo_DW01_add_37'
  Mapping 'INV_IP_demo_DW_div_uns_34'
  Structuring 'INV_IP_demo_DW_div_uns_35'
  Mapping 'INV_IP_demo_DW_div_uns_35'
  Structuring 'INV_IP_demo_DW_div_uns_36'
  Mapping 'INV_IP_demo_DW_div_uns_36'
  Structuring 'INV_IP_demo_DW_div_uns_37'
  Mapping 'INV_IP_demo_DW_div_uns_37'
  Structuring 'INV_IP_demo_DW_div_uns_38'
  Mapping 'INV_IP_demo_DW_div_uns_38'
  Structuring 'INV_IP_demo_DW_div_uns_39'
  Mapping 'INV_IP_demo_DW_div_uns_39'
  Mapping 'INV_IP_demo_DW01_add_38'
  Mapping 'DW01_add'
  Mapping 'DW01_add'
  Mapping 'DW01_add'
  Mapping 'DW01_add'
  Mapping 'DW01_add'
  Mapping 'DW01_add'
  Mapping 'INV_IP_demo_DW_div_uns_39'
  Structuring 'INV_IP_demo_DW_div_uns_40'
  Mapping 'INV_IP_demo_DW_div_uns_40'
  Structuring 'INV_IP_demo_DW_div_uns_41'
  Mapping 'INV_IP_demo_DW_div_uns_41'
  Structuring 'INV_IP_demo_DW_div_uns_42'
  Mapping 'INV_IP_demo_DW_div_uns_42'
  Structuring 'INV_IP_demo_DW_div_uns_43'
  Mapping 'INV_IP_demo_DW_div_uns_43'
  Structuring 'INV_IP_demo_DW_div_uns_44'
  Mapping 'INV_IP_demo_DW_div_uns_44'
  Mapping 'INV_IP_demo_DW01_add_39'
  Mapping 'DW01_add'
  Mapping 'DW01_add'
  Mapping 'DW01_add'
  Mapping 'DW01_add'
  Mapping 'DW01_add'
  Mapping 'DW01_add'
  Mapping 'INV_IP_demo_DW_div_uns_44'
  Structuring 'INV_IP_demo_DW_div_uns_45'
  Mapping 'INV_IP_demo_DW_div_uns_45'
  Structuring 'INV_IP_demo_DW_div_uns_46'
  Mapping 'INV_IP_demo_DW_div_uns_46'
  Structuring 'INV_IP_demo_DW_div_uns_47'
  Mapping 'INV_IP_demo_DW_div_uns_47'
  Structuring 'INV_IP_demo_DW_div_uns_48'
  Mapping 'INV_IP_demo_DW_div_uns_48'
  Structuring 'INV_IP_demo_DW_div_uns_49'
  Mapping 'INV_IP_demo_DW_div_uns_49'
  Mapping 'INV_IP_demo_DW01_add_40'
  Mapping 'DW01_add'
  Mapping 'DW01_add'
  Mapping 'DW01_add'
  Mapping 'DW01_add'
  Mapping 'DW01_add'
  Mapping 'DW01_add'
  Mapping 'INV_IP_demo_DW_div_uns_49'
  Structuring 'INV_IP_demo_DW_div_uns_50'
  Mapping 'INV_IP_demo_DW_div_uns_50'
  Structuring 'INV_IP_demo_DW_div_uns_51'
  Mapping 'INV_IP_demo_DW_div_uns_51'
  Structuring 'INV_IP_demo_DW_div_uns_52'
  Mapping 'INV_IP_demo_DW_div_uns_52'
  Structuring 'INV_IP_demo_DW_div_uns_53'
  Mapping 'INV_IP_demo_DW_div_uns_53'
  Structuring 'INV_IP_demo_DW_div_uns_54'
  Mapping 'INV_IP_demo_DW_div_uns_54'
  Mapping 'INV_IP_demo_DW01_add_41'
  Mapping 'DW01_add'
  Mapping 'DW01_add'
  Mapping 'DW01_add'
  Mapping 'DW01_add'
  Mapping 'DW01_add'
  Mapping 'DW01_add'
  Mapping 'INV_IP_demo_DW_div_uns_54'
  Mapping Optimization (Phase 1)
  Mapping Optimization (Phase 2)
  Mapping Optimization (Phase 3)
  Mapping Optimization (Phase 4)
  Mapping Optimization (Phase 5)
  Mapping Optimization (Phase 6)
  Mapping Optimization (Phase 7)
  Mapping Optimization (Phase 8)
  Mapping Optimization (Phase 9)
  Mapping Optimization (Phase 10)
  Mapping Optimization (Phase 11)
  Mapping Optimization (Phase 12)
  Mapping Optimization (Phase 13)
  Mapping Optimization (Phase 14)
  Mapping Optimization (Phase 15)
  Mapping Optimization (Phase 16)
  Mapping Optimization (Phase 17)
  Mapping Optimization (Phase 18)
  Mapping Optimization (Phase 19)
  Mapping Optimization (Phase 20)
  Mapping Optimization (Phase 21)
  Mapping Optimization (Phase 22)
  Mapping Optimization (Phase 23)
  Mapping Optimization (Phase 24)
  Mapping Optimization (Phase 25)
  Mapping Optimization (Phase 26)
  Mapping Optimization (Phase 27)
  Mapping Optimization (Phase 28)
  Mapping Optimization (Phase 29)

                                  TOTAL                                                
   ELAPSED            WORST NEG   SETUP    DESIGN                              LEAKAGE 
    TIME      AREA      SLACK     COST    RULE COST         ENDPOINT            POWER  
  --------- --------- --------- --------- --------- ------------------------- ---------
    0:02:37   55311.4      2.55      14.3       0.0                           7970849.0000
    0:02:37   54696.0      2.97      16.8       0.0                           7891627.0000

  Beginning Constant Register Removal
  -----------------------------------
    0:02:37   54928.8      2.84      16.1       0.0                           7952733.5000
    0:02:37   54752.5      3.12      17.7       0.0                           7928138.0000

  Beginning Global Optimizations
  ------------------------------
  Numerical Synthesis (Phase 1)
  Numerical Synthesis (Phase 2)
  Global Optimization (Phase 1)
  Global Optimization (Phase 2)
  Global Optimization (Phase 3)
  Global Optimization (Phase 4)
  Global Optimization (Phase 5)
  Global Optimization (Phase 6)
  Global Optimization (Phase 7)
  Global Optimization (Phase 8)
  Global Optimization (Phase 9)
  Global Optimization (Phase 10)
  Global Optimization (Phase 11)
  Global Optimization (Phase 12)
  Global Optimization (Phase 13)
  Global Optimization (Phase 14)
  Global Optimization (Phase 15)
  Global Optimization (Phase 16)
  Global Optimization (Phase 17)
  Global Optimization (Phase 18)
  Global Optimization (Phase 19)
  Global Optimization (Phase 20)
  Global Optimization (Phase 21)
  Global Optimization (Phase 22)
  Global Optimization (Phase 23)
  Global Optimization (Phase 24)
  Global Optimization (Phase 25)
  Global Optimization (Phase 26)
  Global Optimization (Phase 27)
  Global Optimization (Phase 28)
  Global Optimization (Phase 29)
  Global Optimization (Phase 30)
  Mapping 'INV_IP_demo_DP_OP_34J1_122_3465_9'

  Beginning Isolate Ports
  -----------------------

  Beginning Delay Optimization
  ----------------------------
    0:02:38   30280.2      4.37      24.4       0.0                           2856071.0000
    0:02:41   33955.9      1.60       8.7       0.0                           3643934.7500
    0:02:41   33955.9      1.60       8.7       0.0                           3643934.7500
    0:02:41   33955.9      1.60       8.7       0.0                           3643934.7500
    0:02:41   33340.5      1.67       9.4       0.0                           3601959.2500
    0:02:41   33061.1      1.83      10.1       0.0                           3569632.7500

  Beginning WLM Backend Optimization
  --------------------------------------
    0:02:42   32412.4      1.78       9.7       0.0                           3482922.0000
    0:02:42   32322.6      1.61       8.8       0.0                           3468711.0000
    0:02:42   32322.6      1.61       8.8       0.0                           3468711.0000
    0:02:42   32365.9      1.61       8.7       0.0                           3478130.2500
    0:02:42   32365.9      1.61       8.7       0.0                           3478130.2500
    0:02:44   34212.0      1.66       9.2       0.0                           3828543.5000
    0:02:44   34212.0      1.66       9.2       0.0                           3828543.5000
    0:02:45   35037.0      1.37       7.6       0.0                           3992355.0000
    0:02:45   35037.0      1.37       7.6       0.0                           3992355.0000
    0:02:47   36909.7      1.28       7.3       0.0                           4333254.0000
    0:02:47   36909.7      1.28       7.3       0.0                           4333254.0000
    0:02:56   41347.2      0.36       1.7       0.0                           5136098.0000
    0:02:56   41347.2      0.36       1.7       0.0                           5136098.0000
    0:03:02   43539.2      0.29       1.3       0.0                           5525886.5000
    0:03:02   43539.2      0.29       1.3       0.0                           5525886.5000
    0:03:08   45122.6      0.12       0.5       0.0                           5824520.5000
    0:03:08   45122.6      0.12       0.5       0.0                           5824520.5000
    0:03:10   45212.4      0.12       0.5       0.0                           5839707.0000
    0:03:10   45212.4      0.12       0.5       0.0                           5839707.0000
    0:03:14   45591.6      0.08       0.3       0.0                           5887207.5000
    0:03:14   45591.6      0.08       0.3       0.0                           5887207.5000
    0:03:22   46173.8      0.07       0.2       0.0                           5974680.5000
    0:03:23   45887.7      0.00       0.0       0.0                           5926428.5000
    0:03:23   45887.7      0.00       0.0       0.0                           5926428.5000


  Beginning Leakage Power Optimization  (max_leakage_power 0)
  ------------------------------------

                                  TOTAL                                                
   ELAPSED            WORST NEG   SETUP    DESIGN                              LEAKAGE 
    TIME      AREA      SLACK     COST    RULE COST         ENDPOINT            POWER  
  --------- --------- --------- --------- --------- ------------------------- ---------
    0:03:23   45887.7      0.00       0.0       0.0                           5926428.5000
  Global Optimization (Phase 31)
  Global Optimization (Phase 32)
  Global Optimization (Phase 33)
  Global Optimization (Phase 34)
  Global Optimization (Phase 35)
  Global Optimization (Phase 36)
  Global Optimization (Phase 37)
  Global Optimization (Phase 38)
  Global Optimization (Phase 39)
  Global Optimization (Phase 40)
  Global Optimization (Phase 41)
  Global Optimization (Phase 42)
  Global Optimization (Phase 43)
  Global Optimization (Phase 44)
  Global Optimization (Phase 45)
  Global Optimization (Phase 46)
    0:03:24   40645.3      0.00       0.0       0.0                           4853389.0000
    0:03:24   40645.3      0.00       0.0       0.0                           4853389.0000
    0:03:24   40645.3      0.00       0.0       0.0                           4853389.0000
    0:03:24   40568.8      0.00       0.0       0.0                           4840879.0000
    0:03:24   40568.8      0.00       0.0       0.0                           4840879.0000
    0:03:24   40568.8      0.00       0.0       0.0                           4840879.0000
    0:03:24   40568.8      0.00       0.0       0.0                           4840879.0000
    0:03:24   40568.8      0.00       0.0       0.0                           4840879.0000
    0:03:24   40568.8      0.00       0.0       0.0                           4840879.0000
    0:03:24   40568.8      0.00       0.0       0.0                           4840879.0000
    0:03:24   40568.8      0.00       0.0       0.0                           4840879.0000
    0:03:24   40568.8      0.00       0.0       0.0                           4840879.0000
    0:03:24   40568.8      0.00       0.0       0.0                           4840879.0000
    0:03:24   40568.8      0.00       0.0       0.0                           4840879.0000
    0:03:24   40568.8      0.00       0.0       0.0                           4840879.0000
    0:03:24   40568.8      0.00       0.0       0.0                           4840879.0000
    0:03:24   40568.8      0.00       0.0       0.0                           4840879.0000
    0:03:24   40568.8      0.00       0.0       0.0                           4840879.0000
    0:03:24   40568.8      0.00       0.0       0.0                           4840879.0000
    0:03:24   40568.8      0.00       0.0       0.0                           4840879.0000
    0:03:24   40568.8      0.00       0.0       0.0                           4840879.0000
    0:03:24   40568.8      0.00       0.0       0.0                           4840879.0000

                                  TOTAL                                                
   ELAPSED            WORST NEG   SETUP    DESIGN                              LEAKAGE 
    TIME      AREA      SLACK     COST    RULE COST         ENDPOINT            POWER  
  --------- --------- --------- --------- --------- ------------------------- ---------
    0:03:24   40568.8      0.00       0.0       0.0                           4840879.0000
    0:03:25   39308.1      0.00       0.0       0.0                           4680198.5000
    0:03:25   39308.1      0.00       0.0       0.0                           4680198.5000
    0:03:25   39308.1      0.00       0.0       0.0                           4680198.5000
    0:03:25   39288.1      0.00       0.0       0.0                           4677403.5000
    0:03:25   38862.3      0.00       0.0       0.0                           4607638.0000
    0:03:25   38862.3      0.00       0.0       0.0                           4607638.0000
    0:03:25   38862.3      0.00       0.0       0.0                           4607638.0000
    0:03:25   38862.3      0.00       0.0       0.0                           4607638.0000
    0:03:25   38862.3      0.00       0.0       0.0                           4607638.0000
    0:03:25   38862.3      0.00       0.0       0.0                           4607638.0000
    0:03:25   36949.7      0.00       0.0       0.0                           4246967.5000
Loading db file '/RAID2/COURSE/iclab/iclabta01/umc018/Synthesis/slow.db'


Note: Symbol # after min delay cost means estimated hold TNS across all active scenarios 


  Optimization Complete
  ---------------------
Information: State dependent leakage is now switched from off to on.
Information: Propagating switching activity (low effort zero delay simulation). (PWR-6)
Warning: There is no defined clock in the design. (PWR-80)
1
#======================================================
#  Output Reports
#======================================================
check_design > Report/$DESIGN\.check
report_timing >  Report/$DESIGN\.timing
report_area >  Report/$DESIGN\.area
report_resource >  Report/$DESIGN\.resource
#======================================================
#  Change Naming Rule
#======================================================
set bus_inference_style "%s\[%d\]"
%s[%d]
set bus_naming_style "%s\[%d\]"
%s[%d]
set hdlout_internal_busses true
true
change_names -hierarchy -rule verilog
1
define_name_rules name_rule -allowed "a-z A-Z 0-9 _" -max_length 255 -type cell
1
define_name_rules name_rule -allowed "a-z A-Z 0-9 _[]" -max_length 255 -type net
1
define_name_rules name_rule -map {{"\\*cell\\*" "cell"}}
1
change_names -hierarchy -rules name_rule
1
#======================================================
#  Output Results
#======================================================
set verilogout_higher_designs_first true
true
write -format verilog -output Netlist/$DESIGN\_SYN.v -hierarchy
Writing verilog file '/RAID2/COURSE/iclab/iclab034/Lab06/Exercise_SoftIP/02_SYN/Netlist/INV_IP_demo_SYN.v'.
1
write_sdf -version 3.0 -context verilog -load_delay cell Netlist/$DESIGN\_SYN.sdf -significant_digits 6
Information: Writing timing information to file '/RAID2/COURSE/iclab/iclab034/Lab06/Exercise_SoftIP/02_SYN/Netlist/INV_IP_demo_SYN.sdf'. (WT-3)
1
#======================================================
#  Finish and Quit
#======================================================
report_area
 
****************************************
Report : area
Design : INV_IP_demo
Version: T-2022.03
Date   : Tue Apr  4 17:24:59 2023
****************************************

Library(s) Used:

    slow (File: /RAID2/COURSE/iclab/iclabta01/umc018/Synthesis/slow.db)

Number of ports:                           18
Number of nets:                          1886
Number of cells:                         1830
Number of combinational cells:           1830
Number of sequential cells:                 0
Number of macros/black boxes:               0
Number of buf/inv:                        456
Number of references:                     112

Combinational area:              36949.651524
Buf/Inv area:                     5451.969732
Noncombinational area:               0.000000
Macro/Black Box area:                0.000000
Net Interconnect area:      undefined  (No wire load specified)

Total cell area:                 36949.651524
Total area:                 undefined
1
report_timing
 
****************************************
Report : timing
        -path full
        -delay max
        -max_paths 1
Design : INV_IP_demo
Version: T-2022.03
Date   : Tue Apr  4 17:24:59 2023
****************************************

Operating Conditions: slow   Library: slow
Wire Load Model Mode: top

  Startpoint: IN_1[5] (input port)
  Endpoint: OUT_INV[1] (output port)
  Path Group: default
  Path Type: max

  Point                                    Incr       Path
  -----------------------------------------------------------
  input external delay                     0.00       0.00 f
  IN_1[5] (in)                             0.00       0.00 f
  U1592/Y (CLKINVX8)                       0.03       0.03 r
  U1591/Y (NAND2X4)                        0.07       0.10 f
  U1590/Y (NAND4X4)                        0.12       0.22 r
  U1548/Y (NAND2X4)                        0.08       0.30 f
  U1282/Y (NOR2X4)                         0.16       0.46 r
  U1280/Y (NAND2X4)                        0.13       0.59 f
  U1275/Y (MXI2X4)                         0.19       0.78 r
  U1223/Y (INVX8)                          0.09       0.87 f
  U1061/Y (CLKINVX2)                       0.10       0.97 r
  U1059/Y (NOR2X4)                         0.07       1.04 f
  U1063/Y (AOI2BB1X4)                      0.23       1.27 f
  U1062/Y (NOR2X4)                         0.13       1.41 r
  U1319/Y (NAND3X1)                        0.18       1.58 f
  U1155/Y (OAI2BB1X4)                      0.16       1.74 r
  U1327/Y (OAI21X4)                        0.10       1.84 f
  U1409/Y (INVX2)                          0.07       1.91 r
  U298/Y (NAND2X1)                         0.06       1.98 f
  U296/Y (AOI2BB1X2)                       0.28       2.26 f
  U1308/Y (NAND3X4)                        0.13       2.39 r
  U1293/Y (NAND2X4)                        0.09       2.48 f
  U1023/Y (INVX4)                          0.09       2.57 r
  U1535/Y (NOR2X4)                         0.07       2.64 f
  U1534/Y (NOR2X4)                         0.13       2.77 r
  U1295/Y (MXI2X2)                         0.22       2.99 f
  U1215/Y (NAND2X4)                        0.22       3.21 r
  U1259/Y (NAND2X4)                        0.10       3.31 f
  U792/Y (CLKINVX3)                        0.08       3.39 r
  U1345/Y (NAND2X4)                        0.06       3.45 f
  U1344/Y (OAI2BB1X4)                      0.10       3.56 r
  U1401/Y (NAND3X2)                        0.10       3.66 f
  U790/Y (OAI22X1)                         0.20       3.86 r
  U1150/Y (NOR2X2)                         0.10       3.96 f
  U1540/Y (NOR2X2)                         0.14       4.10 r
  U1649/Y (MXI2X4)                         0.13       4.23 f
  U1650/Y (NAND2X4)                        0.13       4.36 r
  U1400/Y (OAI2BB1X4)                      0.19       4.55 r
  U253/Y (NAND2X2)                         0.08       4.64 f
  U1382/Y (NAND2X4)                        0.10       4.73 r
  U1422/Y (NAND3X4)                        0.15       4.88 f
  U733/Y (NAND2X1)                         0.19       5.07 r
  U1442/Y (AOI2BB2X4)                      0.19       5.27 r
  U239/Y (CLKINVX2)                        0.07       5.34 f
  U749/Y (OAI2BB1X2)                       0.22       5.56 f
  U1135/Y (NAND2X4)                        0.12       5.67 r
  U1276/Y (NOR2X4)                         0.07       5.74 f
  U225/Y (INVX2)                           0.11       5.85 r
  U1252/Y (NAND3X4)                        0.11       5.96 f
  U219/Y (NAND2BX1)                        0.11       6.08 r
  U694/Y (NAND2X1)                         0.08       6.15 f
  U693/Y (OAI211X1)                        0.12       6.28 r
  U1288/Y (OAI2BB1X4)                      0.22       6.49 r
  U1267/Y (NAND2X4)                        0.10       6.60 f
  U1685/Y (NAND2X2)                        0.15       6.74 r
  U207/Y (NAND2X1)                         0.11       6.85 f
  U206/Y (NAND2BX2)                        0.18       7.03 f
  U537/Y (NAND2X1)                         0.11       7.14 r
  U649/Y (INVX2)                           0.08       7.22 f
  U1129/Y (NAND2X4)                        0.13       7.35 r
  U1316/Y (NAND2X2)                        0.11       7.46 f
  U1264/Y (NAND2BX4)                       0.19       7.65 f
  U367/Y (AND3X4)                          0.20       7.85 f
  U1047/Y (NAND3X4)                        0.09       7.94 r
  U1048/Y (OAI21X4)                        0.12       8.06 f
  U1701/Y (NOR2X4)                         0.18       8.24 r
  U1702/Y (MXI2X4)                         0.23       8.47 r
  U719/Y (CLKINVX3)                        0.14       8.61 f
  U1369/Y (NAND2X1)                        0.13       8.74 r
  U1500/Y (NAND3X2)                        0.13       8.87 f
  U1527/Y (NAND2X4)                        0.12       8.99 r
  U713/Y (MXI2X1)                          0.20       9.19 f
  U1714/Y (OAI211X2)                       0.15       9.34 r
  U1715/Y (OAI21X4)                        0.18       9.52 f
  U1168/Y (AOI2BB2X4)                      0.18       9.70 r
  U485/Y (NAND2X2)                         0.09       9.80 f
  U1191/Y (INVX4)                          0.07       9.87 r
  U1808/Y (XNOR3X2)                        0.48      10.35 f
  U113/Y (OR2X2)                           0.25      10.60 f
  U723/Y (NAND2X1)                         0.11      10.71 r
  U397/Y (XOR2X1)                          0.27      10.98 r
  U465/Y (NAND2X1)                         0.07      11.05 f
  U99/Y (NAND2X1)                          0.14      11.19 r
  U462/Y (XOR2X2)                          0.28      11.47 f
  U1905/Y (OAI22X4)                        0.23      11.70 r
  OUT_INV[1] (out)                         0.00      11.70 r
  data arrival time                                  11.70

  max_delay                               11.70      11.70
  output external delay                    0.00      11.70
  data required time                                 11.70
  -----------------------------------------------------------
  data required time                                 11.70
  data arrival time                                 -11.70
  -----------------------------------------------------------
  slack (MET)                                         0.00


1
exit

Memory usage for this session 375 Mbytes.
Memory usage for this session including child processes 375 Mbytes.
CPU usage for this session 204 seconds ( 0.06 hours ).
Elapsed time for this session 212 seconds ( 0.06 hours ).

Thank you...
