
                           Design Compiler Graphical 
                                 DC Ultra (TM)
                                  DFTMAX (TM)
                              Power Compiler (TM)
                                 DesignWare (R)
                                 DC Expert (TM)
                               Design Vision (TM)
                               HDL Compiler (TM)
                               VHDL Compiler (TM)
                                  DFT Compiler
                               Design Compiler(R)

                 Version T-2022.03 for linux64 - Feb 22, 2022 

                    Copyright (c) 1988 - 2022 Synopsys, Inc.
   This software and the associated documentation are proprietary to Synopsys,
 Inc. This software may only be used in accordance with the terms and conditions
 of a written license agreement with Synopsys, Inc. All other use, reproduction,
   or distribution of this software is strictly prohibited.  Licensed Products
     communicate with Synopsys servers for the purpose of providing software
    updates, detecting software piracy and verifying that customers are using
    Licensed Products in conformity with the applicable License Key for such
  Licensed Products. Synopsys will use information gathered in connection with
    this process to deliver software updates and pursue software pirates and
                                   infringers.

 Inclusivity & Diversity - Visit SolvNetPlus to read the "Synopsys Statement on
            Inclusivity and Diversity" (Refer to article 000036315 at
                        https://solvnetplus.synopsys.com)
Initializing...
#======================================================
#
# Synopsys Synthesis Scripts (Design Vision dctcl mode)
#
#======================================================
#======================================================
#  Set Libraries
#======================================================
set search_path {./../01_RTL \
                   ~iclabta01/umc018/Synthesis/ \
                   /usr/synthesis/libraries/syn/ \
                }
./../01_RTL  ~iclabta01/umc018/Synthesis/  /usr/synthesis/libraries/syn/  
set synthetic_library {dw_foundation.sldb}
dw_foundation.sldb
set link_library {* dw_foundation.sldb standard.sldb slow.db }
* dw_foundation.sldb standard.sldb slow.db 
set target_library {slow.db}
slow.db
#======================================================
#  Global Parameters
#======================================================
set DESIGN "IP"
IP
set CLK_period 20.0
20.0
#======================================================
#  Read RTL Code
#======================================================
set hdlin_auto_save_templates TRUE
TRUE
read_sverilog $DESIGN\.v
Loading db file '/usr/cad/synopsys/synthesis/2022.03/libraries/syn/dw_foundation.sldb'
Loading db file '/usr/cad/synopsys/synthesis/2022.03/libraries/syn/standard.sldb'
Loading db file '/RAID2/COURSE/iclab/iclabta01/umc018/Synthesis/slow.db'
Loading db file '/usr/cad/synopsys/synthesis/2022.03/libraries/syn/gtech.db'
  Loading link library 'slow'
  Loading link library 'gtech'
Loading sverilog file '/RAID2/COURSE/iclab/iclab034/Lab08/PRACTICE/01_RTL/IP.v'
Detecting input file type automatically (-rtl or -netlist).
Reading with Presto HDL Compiler (equivalent to -rtl option).
Running PRESTO HDLC
Compiling source file /RAID2/COURSE/iclab/iclab034/Lab08/PRACTICE/01_RTL/IP.v
Warning:  /RAID2/COURSE/iclab/iclab034/Lab08/PRACTICE/01_RTL/IP.v:251: unsigned to signed assignment occurs. (VER-318)
Warning:  /RAID2/COURSE/iclab/iclab034/Lab08/PRACTICE/01_RTL/IP.v:300: signed to unsigned conversion occurs. (VER-318)
Warning:  /RAID2/COURSE/iclab/iclab034/Lab08/PRACTICE/01_RTL/IP.v:336: unsigned to signed assignment occurs. (VER-318)

Statistics for case statements in always block at line 120 in file
	'/RAID2/COURSE/iclab/iclab034/Lab08/PRACTICE/01_RTL/IP.v'
===============================================
|           Line           |  full/ parallel  |
===============================================
|           121            |    auto/auto     |
===============================================

Statistics for case statements in always block at line 204 in file
	'/RAID2/COURSE/iclab/iclab034/Lab08/PRACTICE/01_RTL/IP.v'
===============================================
|           Line           |  full/ parallel  |
===============================================
|           207            |    auto/auto     |
===============================================

Statistics for case statements in always block at line 218 in file
	'/RAID2/COURSE/iclab/iclab034/Lab08/PRACTICE/01_RTL/IP.v'
===============================================
|           Line           |  full/ parallel  |
===============================================
|           221            |    auto/auto     |
===============================================

Statistics for case statements in always block at line 232 in file
	'/RAID2/COURSE/iclab/iclab034/Lab08/PRACTICE/01_RTL/IP.v'
===============================================
|           Line           |  full/ parallel  |
===============================================
|           235            |    auto/auto     |
===============================================

Statistics for case statements in always block at line 247 in file
	'/RAID2/COURSE/iclab/iclab034/Lab08/PRACTICE/01_RTL/IP.v'
===============================================
|           Line           |  full/ parallel  |
===============================================
|           250            |    auto/auto     |
===============================================

Statistics for case statements in always block at line 261 in file
	'/RAID2/COURSE/iclab/iclab034/Lab08/PRACTICE/01_RTL/IP.v'
===============================================
|           Line           |  full/ parallel  |
===============================================
|           264            |    auto/auto     |
===============================================

Statistics for case statements in always block at line 275 in file
	'/RAID2/COURSE/iclab/iclab034/Lab08/PRACTICE/01_RTL/IP.v'
===============================================
|           Line           |  full/ parallel  |
===============================================
|           278            |    auto/auto     |
===============================================

Statistics for case statements in always block at line 313 in file
	'/RAID2/COURSE/iclab/iclab034/Lab08/PRACTICE/01_RTL/IP.v'
===============================================
|           Line           |  full/ parallel  |
===============================================
|           316            |    auto/auto     |
===============================================

Statistics for case statements in always block at line 295 in file
	'/RAID2/COURSE/iclab/iclab034/Lab08/PRACTICE/01_RTL/IP.v'
===============================================
|           Line           |  full/ parallel  |
===============================================
|           298            |    auto/auto     |
|           299            |    auto/auto     |
===============================================

Inferred memory devices in process
	in routine IP line 115 in file
		'/RAID2/COURSE/iclab/iclab034/Lab08/PRACTICE/01_RTL/IP.v'.
===============================================================================
|    Register Name    |   Type    | Width | Bus | MB | AR | AS | SR | SS | ST |
===============================================================================
|   curr_state_reg    | Flip-flop |   3   |  Y  | N  | Y  | N  | N  | N  | N  |
===============================================================================

Inferred memory devices in process
	in routine IP line 137 in file
		'/RAID2/COURSE/iclab/iclab034/Lab08/PRACTICE/01_RTL/IP.v'.
===============================================================================
|    Register Name    |   Type    | Width | Bus | MB | AR | AS | SR | SS | ST |
===============================================================================
|      mode_reg       | Flip-flop |   2   |  Y  | N  | Y  | N  | N  | N  | N  |
===============================================================================

Inferred memory devices in process
	in routine IP line 145 in file
		'/RAID2/COURSE/iclab/iclab034/Lab08/PRACTICE/01_RTL/IP.v'.
===============================================================================
|    Register Name    |   Type    | Width | Bus | MB | AR | AS | SR | SS | ST |
===============================================================================
|       cnt_reg       | Flip-flop |   6   |  Y  | N  | Y  | N  | N  | N  | N  |
===============================================================================

Inferred memory devices in process
	in routine IP line 190 in file
		'/RAID2/COURSE/iclab/iclab034/Lab08/PRACTICE/01_RTL/IP.v'.
===============================================================================
|    Register Name    |   Type    | Width | Bus | MB | AR | AS | SR | SS | ST |
===============================================================================
|       img_reg       | Flip-flop |  504  |  Y  | N  | Y  | N  | N  | N  | N  |
===============================================================================

Inferred memory devices in process
	in routine IP line 181 in file
		'/RAID2/COURSE/iclab/iclab034/Lab08/PRACTICE/01_RTL/IP.v'.
===============================================================================
|    Register Name    |   Type    | Width | Bus | MB | AR | AS | SR | SS | ST |
===============================================================================
|       img_reg       | Flip-flop |   8   |  Y  | N  | Y  | N  | N  | N  | N  |
===============================================================================

Inferred memory devices in process
	in routine IP line 204 in file
		'/RAID2/COURSE/iclab/iclab034/Lab08/PRACTICE/01_RTL/IP.v'.
===============================================================================
|    Register Name    |   Type    | Width | Bus | MB | AR | AS | SR | SS | ST |
===============================================================================
|    img_shar_reg     | Flip-flop |  432  |  Y  | N  | Y  | N  | N  | N  | N  |
===============================================================================

Inferred memory devices in process
	in routine IP line 218 in file
		'/RAID2/COURSE/iclab/iclab034/Lab08/PRACTICE/01_RTL/IP.v'.
===============================================================================
|    Register Name    |   Type    | Width | Bus | MB | AR | AS | SR | SS | ST |
===============================================================================
|    img_mean_reg     | Flip-flop |  288  |  Y  | N  | Y  | N  | N  | N  | N  |
===============================================================================

Inferred memory devices in process
	in routine IP line 232 in file
		'/RAID2/COURSE/iclab/iclab034/Lab08/PRACTICE/01_RTL/IP.v'.
===============================================================================
|    Register Name    |   Type    | Width | Bus | MB | AR | AS | SR | SS | ST |
===============================================================================
|    img_midp_reg     | Flip-flop |  288  |  Y  | N  | Y  | N  | N  | N  | N  |
===============================================================================

Inferred memory devices in process
	in routine IP line 247 in file
		'/RAID2/COURSE/iclab/iclab034/Lab08/PRACTICE/01_RTL/IP.v'.
===============================================================================
|    Register Name    |   Type    | Width | Bus | MB | AR | AS | SR | SS | ST |
===============================================================================
|    img_shar_reg     | Flip-flop |  768  |  Y  | N  | Y  | N  | N  | N  | N  |
===============================================================================

Inferred memory devices in process
	in routine IP line 261 in file
		'/RAID2/COURSE/iclab/iclab034/Lab08/PRACTICE/01_RTL/IP.v'.
===============================================================================
|    Register Name    |   Type    | Width | Bus | MB | AR | AS | SR | SS | ST |
===============================================================================
|    img_mean_reg     | Flip-flop |  512  |  Y  | N  | Y  | N  | N  | N  | N  |
===============================================================================

Inferred memory devices in process
	in routine IP line 275 in file
		'/RAID2/COURSE/iclab/iclab034/Lab08/PRACTICE/01_RTL/IP.v'.
===============================================================================
|    Register Name    |   Type    | Width | Bus | MB | AR | AS | SR | SS | ST |
===============================================================================
|    img_midp_reg     | Flip-flop |  512  |  Y  | N  | Y  | N  | N  | N  | N  |
===============================================================================

Inferred memory devices in process
	in routine IP line 313 in file
		'/RAID2/COURSE/iclab/iclab034/Lab08/PRACTICE/01_RTL/IP.v'.
===============================================================================
|    Register Name    |   Type    | Width | Bus | MB | AR | AS | SR | SS | ST |
===============================================================================
|       out_reg       | Flip-flop |  756  |  Y  | N  | Y  | N  | N  | N  | N  |
===============================================================================

Inferred memory devices in process
	in routine IP line 295 in file
		'/RAID2/COURSE/iclab/iclab034/Lab08/PRACTICE/01_RTL/IP.v'.
===============================================================================
|    Register Name    |   Type    | Width | Bus | MB | AR | AS | SR | SS | ST |
===============================================================================
|       out_reg       | Flip-flop |  12   |  Y  | N  | Y  | N  | N  | N  | N  |
===============================================================================
Presto compilation completed successfully.
Current design is now '/RAID2/COURSE/iclab/iclab034/Lab08/PRACTICE/01_RTL/IP.db:IP'
Loaded 1 design.
Current design is 'IP'.
IP
current_design $DESIGN
Current design is 'IP'.
{IP}
link > Report/$DESIGN\.link
#======================================================
#  Global Setting
#======================================================
set clock_gating_module_name "GATED_OR"
GATED_OR
#======================================================
#  Set Design Constraints
#======================================================
create_clock -name "clk" -period $CLK_period clk 
Warning: Design 'IP' has '1' unresolved references. For more detailed information, use the "link" command. (UID-341)
1
set_input_delay  [ expr $CLK_period*0.5 ] -clock clk [all_inputs]
Warning: Design 'IP' has '1' unresolved references. For more detailed information, use the "link" command. (UID-341)
1
set_output_delay [ expr $CLK_period*0.5 ] -clock clk [all_outputs]
Warning: Design 'IP' has '1' unresolved references. For more detailed information, use the "link" command. (UID-341)
1
set_input_delay 0 -clock clk clk
Warning: Design 'IP' has '1' unresolved references. For more detailed information, use the "link" command. (UID-341)
1
set_input_delay 0 -clock clk rst_n
Warning: Design 'IP' has '1' unresolved references. For more detailed information, use the "link" command. (UID-341)
1
set_input_delay 0 -clock clk cg_en
Warning: Design 'IP' has '1' unresolved references. For more detailed information, use the "link" command. (UID-341)
1
set_load 0.05 [all_outputs]
1
set_max_delay $CLK_period -from [all_inputs] -to [all_outputs]
Warning: Design 'IP' has '1' unresolved references. For more detailed information, use the "link" command. (UID-341)
1
set_dont_use slow/JKFF*
1
#======================================================
#  Optimization
#======================================================
check_design > Report/$DESIGN\.check
uniquify
Warning: Design 'IP' has '1' unresolved references. For more detailed information, use the "link" command. (UID-341)
1
set_fix_multiple_port_nets -all -buffer_constants
1
read_verilog ./Netlist/$clock_gating_module_name\_SYN.v
Loading verilog file '/RAID2/COURSE/iclab/iclab034/Lab08/PRACTICE/02_SYN/Netlist/GATED_OR_SYN.v'
Detecting input file type automatically (-rtl or -netlist).
Running DC verilog reader
Performing 'read' command.
Compiling source file /RAID2/COURSE/iclab/iclab034/Lab08/PRACTICE/02_SYN/Netlist/GATED_OR_SYN.v
Reading with netlist reader (equivalent to -netlist option).
Verilog netlist reader completed successfully.
Current design is now '/RAID2/COURSE/iclab/iclab034/Lab08/PRACTICE/02_SYN/Netlist/GATED_OR.db:GATED_OR'
Loaded 1 design.
Current design is 'GATED_OR'.
GATED_OR
current_design $DESIGN
Current design is 'IP'.
{IP}
set_dont_touch $clock_gating_module_name
1
set_false_path -from clk -to [get_cells */latch_or_sleep_reg ]
1
# replace_clock_gates
compile
Information: Checking out the license 'DesignWare'. (SEC-104)
Information: Evaluating DesignWare library utilization. (UISN-27)

============================================================================
| DesignWare Building Block Library  |         Version         | Available |
============================================================================
| Basic DW Building Blocks           | S-2021.06-DWBB_202106.0 |     *     |
| Licensed DW Building Blocks        | S-2021.06-DWBB_202106.0 |     *     |
============================================================================

====================================================================================================
| Flow Information                                                                                 |
----------------------------------------------------------------------------------------------------
| Flow         | Design Compiler                                                                   |
====================================================================================================
| Design Information                                      | Value                                  |
====================================================================================================
| Number of Scenarios                                     | 0                                      |
| Leaf Cell Count                                         | 12304                                  |
| Number of User Hierarchies                              | 4                                      |
| Sequential Cell Count                                   | 4095                                   |
| Macro Count                                             | 0                                      |
| Number of Power Domains                                 | 0                                      |
| Number of Path Groups                                   | 2                                      |
| Number of VT class                                      | 0                                      |
| Number of Clocks                                        | 1                                      |
| Number of Dont Touch cells                              | 4084                                   |
| Number of Dont Touch nets                               | 23                                     |
| Number of size only cells                               | 0                                      |
| Design with UPF Data                                    | false                                  |
----------------------------------------------------------------------------------------------------
| Variables                                               | Value                                  |
----------------------------------------------------------------------------------------------------
| set_fix_multiple_port_nets                              | -all -buffer_constants                 |
====================================================================================================

Information: There are 4 potential problems in your design. Please run 'check_design' for more information. (LINT-99)



  Beginning Pass 1 Mapping
  ------------------------
  Processing 'IP'

  Updating timing information
Information: Updating design information... (UID-85)

  Beginning Implementation Selection
  ----------------------------------
  Processing 'IP_DW01_add_0'
  Allocating blocks in 'DW_div_uns_a_width12_b_width4'
  Allocating blocks in 'DW_div_a_width12_b_width4_tc_mode0_rem_mode1'
  Processing 'IP_DW_div_uns_0'
  Mapping 'DW01_add'
  Mapping 'DW01_add'
  Mapping 'DW01_add'
  Mapping 'DW01_add'
  Mapping 'DW01_add'
  Mapping 'DW01_add'
  Mapping 'DW01_add'
  Mapping 'DW01_add'
  Mapping 'DW01_add'
  Mapping 'DW01_add'
  Mapping 'DW01_add'
  Mapping 'IP_DW_cmp_0'
  Mapping 'IP_DW_cmp_1'
  Mapping 'IP_DW_cmp_2'
  Mapping 'IP_DW_cmp_3'
  Mapping 'IP_DW_cmp_4'
  Mapping 'IP_DW_cmp_5'
  Mapping 'IP_DW_cmp_6'
  Mapping 'IP_DW_cmp_7'
  Processing 'IP_DW01_inc_0'
  Mapping 'IP_DW_cmp_8'
  Mapping 'IP_DW_cmp_9'
  Mapping 'IP_DW_cmp_10'
  Mapping 'IP_DW_cmp_11'
  Building model 'DW01_add_width9' (rpl)
  Processing 'DW01_add_width9'
  Building model 'DW01_add_width10' (rpl)
  Processing 'DW01_add_width10'
  Building model 'DW01_add_width11' (rpl)
  Processing 'DW01_add_width11'
  Building model 'DW01_add_width12' (rpl)
  Processing 'DW01_add_width12'
  Building model 'DW01_sub_width12' (rpl)
  Processing 'DW01_sub_width12'
  Processing 'IP_DW01_add_1'
  Processing 'IP_DW01_add_2'
  Processing 'IP_DW01_add_3'
  Processing 'IP_DW01_add_4'
  Processing 'IP_DW01_add_5'
  Processing 'IP_DW01_add_6'
  Processing 'IP_DW01_add_7'
  Processing 'IP_DW01_add_8'
  Processing 'IP_DW01_sub_0'
  Processing 'IP_DW01_add_9'
  Processing 'IP_DW01_add_10'
  Processing 'IP_DW01_add_11'
  Mapping 'IP_DW_mult_uns_0'

  Beginning Mapping Optimizations  (Medium effort)
  -------------------------------
Information: Added key list 'DesignWare' to design 'IP'. (DDB-72)
  Selecting implementations
  Allocating blocks in 'DW_div_uns_a_width12_b_width4'
  Building model 'DW01_MUX'
  Building model 'DW01_mmux_width2'
  Building model 'DW01_mmux_width3'
  Building model 'DW01_mmux_width4'
  Building model 'DW01_mmux_width5'
  Allocating blocks in 'DW_div_a_width12_b_width4_tc_mode0_rem_mode1'
  Building model 'DW_div_a_width12_b_width4_tc_mode0_rem_mode1' (cla)
  Building model 'DW_div_uns_a_width12_b_width4' (cla)
  Allocating blocks in 'DW_div_uns_a_width12_b_width4'
  Building model 'DW_div_a_width12_b_width4_tc_mode0_rem_mode1' (rpl)
  Structuring 'IP_DW_div_uns_1'
  Mapping 'IP_DW_div_uns_1'
  Building model 'DW_div_uns_a_width12_b_width4' (rpl)
  Structuring 'IP_DW_div_uns_2'
  Mapping 'IP_DW_div_uns_2'
  Allocating blocks in 'DW_div_uns_a_width12_b_width4'
  Allocating blocks in 'DW_div_a_width12_b_width4_tc_mode0_rem_mode1'
  Building model 'DW_div_a_width12_b_width4_tc_mode0_rem_mode1' (cla2)
  Structuring 'IP_DW_div_uns_3'
  Mapping 'IP_DW_div_uns_3'
  Building model 'DW_div_uns_a_width12_b_width4' (cla2)
  Allocating blocks in 'DW_div_uns_a_width12_b_width4'
  Allocating blocks in 'DW_div_a_width12_b_width4_tc_mode0_rem_mode1'
  Building model 'DW_div_a_width12_b_width4_tc_mode0_rem_mode1' (cla3)
  Structuring 'IP_DW_div_uns_4'
  Mapping 'IP_DW_div_uns_4'
  Building model 'DW_div_uns_a_width12_b_width4' (cla3)
  Allocating blocks in 'DW_div_uns_a_width12_b_width4'
  Allocating blocks in 'DW_div_a_width12_b_width4_tc_mode0_rem_mode1'
  Building model 'DW01_add_width28' (rpl)
  Building model 'DW01_sub_width4' (rpl)
  Building model 'DW01_NAND2'
  Building model 'DW01_NOT'
  Building model 'DW_div_a_width12_b_width4_tc_mode0_rem_mode1' (mlt)
  Allocating blocks in 'DW_div_a_width12_b_width4_tc_mode0_rem_mode1'
  Structuring 'IP_DW_div_uns_5'
  Mapping 'IP_DW_div_uns_5'
  Allocating blocks in 'DW_div_uns_a_width12_b_width4'
  Allocating blocks in 'DW_div_a_width12_b_width4_tc_mode0_rem_mode1'
  Building model 'DW_div_uns_a_width12_b_width4' (mlt)
  Structuring 'IP_DW_div_uns_6'
  Mapping 'IP_DW_div_uns_6'

                                  TOTAL                                      
   ELAPSED            WORST NEG   SETUP    DESIGN                            
    TIME      AREA      SLACK     COST    RULE COST         ENDPOINT         
  --------- --------- --------- --------- --------- -------------------------
    0:00:24 1119942.3      0.00       0.1       0.0                          
    0:00:24 1119942.3      0.00       0.1       0.0                          
    0:00:24 1119942.3      0.00       0.1       0.0                          
    0:00:24 1119942.3      0.00       0.1       0.0                          
    0:00:24 1119942.3      0.00       0.1       0.0                          
    0:00:30  555222.7      0.00       0.1       0.0                          
    0:00:30  555222.7      0.00       0.1       0.0                          
    0:00:31  555222.7      0.00       0.1       0.0                          
    0:00:31  555222.7      0.00       0.1       0.0                          
    0:00:31  555222.7      0.00       0.1       0.0                          
    0:00:31  555222.7      0.00       0.1       0.0                          
    0:00:31  555222.7      0.00       0.1       0.0                          
    0:00:31  555222.7      0.00       0.1       0.0                          



  Beginning Delay Optimization Phase
  ----------------------------------

                                  TOTAL                                      
   ELAPSED            WORST NEG   SETUP    DESIGN                            
    TIME      AREA      SLACK     COST    RULE COST         ENDPOINT         
  --------- --------- --------- --------- --------- -------------------------
    0:00:31  555222.7      0.00       0.1       0.0                          
    0:00:31  555222.7      0.00       0.1       0.0                          
    0:00:31  555222.7      0.00       0.1       0.0                          


  Beginning Area-Recovery Phase  (cleanup)
  -----------------------------

                                  TOTAL                                      
   ELAPSED            WORST NEG   SETUP    DESIGN                            
    TIME      AREA      SLACK     COST    RULE COST         ENDPOINT         
  --------- --------- --------- --------- --------- -------------------------
    0:00:31  555222.7      0.00       0.1       0.0                          
    0:00:31  555222.7      0.00       0.1       0.0                          
    0:00:33  554504.2      0.00       0.1       0.0                          
    0:00:35  554171.6      0.00       0.1       0.0                          
    0:00:37  554061.8      0.00       0.1       0.0                          
    0:00:38  553952.1      0.00       0.1       0.0                          
    0:00:40  553842.3      0.00       0.1       0.0                          
    0:00:42  553732.5      0.00       0.1       0.0                          
    0:00:43  553632.7      0.00       0.1       0.0                          
    0:00:45  553522.9      0.00       0.1       0.0                          
    0:00:47  553423.2      0.00       0.1       0.0                          
    0:00:49  553333.3      0.00       0.1       0.0                          
    0:00:50  553243.5      0.00       0.1       0.0                          
    0:00:52  553153.7      0.00       0.1       0.0                          
    0:00:54  553063.9      0.00       0.1       0.0                          
    0:00:55  552974.1      0.00       0.1       0.0                          
    0:00:57  552884.3      0.00       0.1       0.0                          
    0:00:59  552794.5      0.00       0.1       0.0                          
    0:00:59  552794.5      0.00       0.1       0.0                          
    0:00:59  552794.5      0.00       0.1       0.0                          
    0:00:59  552784.5      0.00       0.1       0.0                          
    0:00:59  552784.5      0.00       0.1       0.0                          
    0:00:59  552784.5      0.00       0.1       0.0                          
    0:00:59  552784.5      0.00       0.1       0.0                          
    0:00:59  552784.5      0.00       0.1       0.0                          
    0:00:59  552784.5      0.00       0.1       0.0                          
    0:00:59  552784.5      0.00       0.1       0.0                          
Loading db file '/RAID2/COURSE/iclab/iclabta01/umc018/Synthesis/slow.db'


Note: Symbol # after min delay cost means estimated hold TNS across all active scenarios 


  Optimization Complete
  ---------------------
Warning: Design 'IP' contains 2 high-fanout nets. A fanout number of 1000 will be used for delay calculations involving these nets. (TIM-134)
     Net 'GATED_shar/CLOCK_GATED': 1200 load(s), 1 driver(s)
     Net 'GATED_midp/RST_N': 4095 load(s), 1 driver(s)
1
#======================================================
#  Output Reports 
#======================================================
report_timing >  Report/$DESIGN\.timing
report_area >  Report/$DESIGN\.area
report_resource >  Report/$DESIGN\.resource
#======================================================
#  Change Naming Rule
#======================================================
set bus_inference_style "%s\[%d\]"
%s[%d]
set bus_naming_style "%s\[%d\]"
%s[%d]
set hdlout_internal_busses true
true
change_names -hierarchy -rule verilog
1
define_name_rules name_rule -allowed "a-z A-Z 0-9 _" -max_length 255 -type cell
1
define_name_rules name_rule -allowed "a-z A-Z 0-9 _[]" -max_length 255 -type net
1
define_name_rules name_rule -map {{"\\*cell\\*" "cell"}}
1
change_names -hierarchy -rules name_rule
1
#======================================================
#  Output Results
#======================================================
set verilogout_higher_designs_first true
true
write -format verilog -output Netlist/$DESIGN\_SYN.v -hierarchy
Writing verilog file '/RAID2/COURSE/iclab/iclab034/Lab08/PRACTICE/02_SYN/Netlist/IP_SYN.v'.
1
set_annotated_delay 0 -cell -to [get_pins -filter "pin_direction == out" -of_objects [get_cells "GATED_*/U*" -filter "ref_name==OR2X1"]]
Information: Annotated 'cell' delays are assumed to include load delay. (UID-282)
1
set_annotated_delay 0 -cell -to [get_pins -filter "pin_direction == out" -of_objects [get_cells "GATED_*/latch*" -filter "ref_name==TLATRX1"]]
Information: Annotated 'cell' delays are assumed to include load delay. (UID-282)
Warning: There is no 'combinational' timing arc between pins
	'GATED_input/latch_or_sleep_reg/RN' and 'GATED_input/latch_or_sleep_reg/Q'. (OPT-815)
Warning: There is no 'combinational' timing arc between pins
	'GATED_input/latch_or_sleep_reg/RN' and 'GATED_input/latch_or_sleep_reg/QN'. (OPT-815)
Warning: There is no 'combinational' timing arc between pins
	'GATED_shar/latch_or_sleep_reg/RN' and 'GATED_shar/latch_or_sleep_reg/Q'. (OPT-815)
Warning: There is no 'combinational' timing arc between pins
	'GATED_shar/latch_or_sleep_reg/RN' and 'GATED_shar/latch_or_sleep_reg/QN'. (OPT-815)
Warning: There is no 'combinational' timing arc between pins
	'GATED_mean/latch_or_sleep_reg/RN' and 'GATED_mean/latch_or_sleep_reg/Q'. (OPT-815)
Warning: There is no 'combinational' timing arc between pins
	'GATED_mean/latch_or_sleep_reg/RN' and 'GATED_mean/latch_or_sleep_reg/QN'. (OPT-815)
Warning: There is no 'combinational' timing arc between pins
	'GATED_midp/latch_or_sleep_reg/RN' and 'GATED_midp/latch_or_sleep_reg/Q'. (OPT-815)
Warning: There is no 'combinational' timing arc between pins
	'GATED_midp/latch_or_sleep_reg/RN' and 'GATED_midp/latch_or_sleep_reg/QN'. (OPT-815)
Warning: There is no 'combinational' timing arc between pins
	'GATED_input/latch_or_sleep_reg/RN' and 'GATED_input/latch_or_sleep_reg/Q'. (OPT-815)
Warning: There is no 'combinational' timing arc between pins
	'GATED_input/latch_or_sleep_reg/RN' and 'GATED_input/latch_or_sleep_reg/QN'. (OPT-815)
Warning: There is no 'combinational' timing arc between pins
	'GATED_shar/latch_or_sleep_reg/RN' and 'GATED_shar/latch_or_sleep_reg/Q'. (OPT-815)
Warning: There is no 'combinational' timing arc between pins
	'GATED_shar/latch_or_sleep_reg/RN' and 'GATED_shar/latch_or_sleep_reg/QN'. (OPT-815)
Warning: There is no 'combinational' timing arc between pins
	'GATED_mean/latch_or_sleep_reg/RN' and 'GATED_mean/latch_or_sleep_reg/Q'. (OPT-815)
Warning: There is no 'combinational' timing arc between pins
	'GATED_mean/latch_or_sleep_reg/RN' and 'GATED_mean/latch_or_sleep_reg/QN'. (OPT-815)
Warning: There is no 'combinational' timing arc between pins
	'GATED_midp/latch_or_sleep_reg/RN' and 'GATED_midp/latch_or_sleep_reg/Q'. (OPT-815)
Warning: There is no 'combinational' timing arc between pins
	'GATED_midp/latch_or_sleep_reg/RN' and 'GATED_midp/latch_or_sleep_reg/QN'. (OPT-815)
Warning: There is no 'combinational' timing arc between pins
	'GATED_input/latch_or_sleep_reg/RN' and 'GATED_input/latch_or_sleep_reg/Q'. (OPT-815)
Warning: There is no 'combinational' timing arc between pins
	'GATED_input/latch_or_sleep_reg/RN' and 'GATED_input/latch_or_sleep_reg/QN'. (OPT-815)
Warning: There is no 'combinational' timing arc between pins
	'GATED_shar/latch_or_sleep_reg/RN' and 'GATED_shar/latch_or_sleep_reg/Q'. (OPT-815)
Warning: There is no 'combinational' timing arc between pins
	'GATED_shar/latch_or_sleep_reg/RN' and 'GATED_shar/latch_or_sleep_reg/QN'. (OPT-815)
Warning: There is no 'combinational' timing arc between pins
	'GATED_mean/latch_or_sleep_reg/RN' and 'GATED_mean/latch_or_sleep_reg/Q'. (OPT-815)
Warning: There is no 'combinational' timing arc between pins
	'GATED_mean/latch_or_sleep_reg/RN' and 'GATED_mean/latch_or_sleep_reg/QN'. (OPT-815)
Warning: There is no 'combinational' timing arc between pins
	'GATED_midp/latch_or_sleep_reg/RN' and 'GATED_midp/latch_or_sleep_reg/Q'. (OPT-815)
Warning: There is no 'combinational' timing arc between pins
	'GATED_midp/latch_or_sleep_reg/RN' and 'GATED_midp/latch_or_sleep_reg/QN'. (OPT-815)
Warning: There is no 'combinational' timing arc between pins
	'GATED_input/latch_or_sleep_reg/RN' and 'GATED_input/latch_or_sleep_reg/Q'. (OPT-815)
Warning: There is no 'combinational' timing arc between pins
	'GATED_input/latch_or_sleep_reg/RN' and 'GATED_input/latch_or_sleep_reg/QN'. (OPT-815)
Warning: There is no 'combinational' timing arc between pins
	'GATED_shar/latch_or_sleep_reg/RN' and 'GATED_shar/latch_or_sleep_reg/Q'. (OPT-815)
Warning: There is no 'combinational' timing arc between pins
	'GATED_shar/latch_or_sleep_reg/RN' and 'GATED_shar/latch_or_sleep_reg/QN'. (OPT-815)
Warning: There is no 'combinational' timing arc between pins
	'GATED_mean/latch_or_sleep_reg/RN' and 'GATED_mean/latch_or_sleep_reg/Q'. (OPT-815)
Warning: There is no 'combinational' timing arc between pins
	'GATED_mean/latch_or_sleep_reg/RN' and 'GATED_mean/latch_or_sleep_reg/QN'. (OPT-815)
Warning: There is no 'combinational' timing arc between pins
	'GATED_midp/latch_or_sleep_reg/RN' and 'GATED_midp/latch_or_sleep_reg/Q'. (OPT-815)
Warning: There is no 'combinational' timing arc between pins
	'GATED_midp/latch_or_sleep_reg/RN' and 'GATED_midp/latch_or_sleep_reg/QN'. (OPT-815)
1
write_sdf -version 3.0 -context verilog -load_delay cell Netlist/$DESIGN\_SYN.sdf -significant_digits 6
Information: Writing timing information to file '/RAID2/COURSE/iclab/iclab034/Lab08/PRACTICE/02_SYN/Netlist/IP_SYN.sdf'. (WT-3)
Information: Updating design information... (UID-85)
Warning: Design 'IP' contains 2 high-fanout nets. A fanout number of 1000 will be used for delay calculations involving these nets. (TIM-134)
1
write_sdc Netlist/$DESIGN\_SYN.sdc
1
#======================================================
#  Finish and Quit
#======================================================
report_area
 
****************************************
Report : area
Design : IP
Version: T-2022.03
Date   : Thu Apr 20 19:24:38 2023
****************************************

Library(s) Used:

    slow (File: /RAID2/COURSE/iclab/iclabta01/umc018/Synthesis/slow.db)

Number of ports:                          396
Number of nets:                         19581
Number of cells:                        19143
Number of combinational cells:          15017
Number of sequential cells:              4095
Number of macros/black boxes:               0
Number of buf/inv:                       6935
Number of references:                      46

Combinational area:             264841.319220
Buf/Inv area:                    69275.608916
Noncombinational area:          287943.166245
Macro/Black Box area:                0.000000
Net Interconnect area:      undefined  (No wire load specified)

Total cell area:                552784.485464
Total area:                 undefined
1
report_timing
 
****************************************
Report : timing
        -path full
        -delay max
        -max_paths 1
Design : IP
Version: T-2022.03
Date   : Thu Apr 20 19:24:38 2023
****************************************

 # A fanout number of 1000 was used for high fanout net computations.

Operating Conditions: slow   Library: slow
Wire Load Model Mode: top

  Startpoint: img_mean_reg_2__2__0_
              (rising edge-triggered flip-flop clocked by clk)
  Endpoint: out_reg_7__7__0_
            (rising edge-triggered flip-flop clocked by clk)
  Path Group: clk
  Path Type: max

  Point                                                   Incr       Path
  --------------------------------------------------------------------------
  clock clk (rise edge)                                   0.00       0.00
  clock network delay (ideal)                             0.00       0.00
  img_mean_reg_2__2__0_/CK (DFFRHQX1)                     0.00       0.00 r
  img_mean_reg_2__2__0_/Q (DFFRHQX1)                      0.57       0.57 r
  add_7_root_add_0_root_add_301_8_G8_G8/A[0] (IP_DW01_add_8)
                                                          0.00       0.57 r
  add_7_root_add_0_root_add_301_8_G8_G8/U1/Y (AND2X1)     0.26       0.83 r
  add_7_root_add_0_root_add_301_8_G8_G8/U1_1/S (ADDFX2)
                                                          0.38       1.21 r
  add_7_root_add_0_root_add_301_8_G8_G8/SUM[1] (IP_DW01_add_8)
                                                          0.00       1.21 r
  U15331/CO (ADDFX2)                                      0.61       1.82 r
  U15326/S (ADDFX2)                                       0.38       2.20 r
  add_2_root_add_0_root_add_301_8_G8_G8/A[2] (IP_DW01_add_5)
                                                          0.00       2.20 r
  add_2_root_add_0_root_add_301_8_G8_G8/U1_2/S (ADDFX2)
                                                          0.52       2.72 f
  add_2_root_add_0_root_add_301_8_G8_G8/SUM[2] (IP_DW01_add_5)
                                                          0.00       2.72 f
  add_0_root_add_0_root_add_301_8_G8_G8/B[2] (IP_DW01_add_1)
                                                          0.00       2.72 f
  add_0_root_add_0_root_add_301_8_G8_G8/U1_2/CO (ADDFX2)
                                                          0.56       3.29 f
  add_0_root_add_0_root_add_301_8_G8_G8/U1_3/CO (ADDFX2)
                                                          0.36       3.64 f
  add_0_root_add_0_root_add_301_8_G8_G8/U1_4/CO (ADDFX2)
                                                          0.36       4.00 f
  add_0_root_add_0_root_add_301_8_G8_G8/U1_5/CO (ADDFX2)
                                                          0.36       4.36 f
  add_0_root_add_0_root_add_301_8_G8_G8/U1_6/CO (ADDFX2)
                                                          0.36       4.71 f
  add_0_root_add_0_root_add_301_8_G8_G8/U1_7/CO (ADDFX2)
                                                          0.36       5.07 f
  add_0_root_add_0_root_add_301_8_G8_G8/U1_8/CO (ADDFX2)
                                                          0.36       5.43 f
  add_0_root_add_0_root_add_301_8_G8_G8/U1_9/CO (ADDFX2)
                                                          0.37       5.80 f
  add_0_root_add_0_root_add_301_8_G8_G8/U3/Y (XOR2X1)     0.35       6.15 r
  add_0_root_add_0_root_add_301_8_G8_G8/SUM[10] (IP_DW01_add_1)
                                                          0.00       6.15 r
  div_301_G8_G8/a[10] (IP_DW_div_uns_6)                   0.00       6.15 r
  div_301_G8_G8/U50/Y (OR2X1)                             0.20       6.35 r
  div_301_G8_G8/U24/Y (AND2X1)                            0.42       6.77 r
  div_301_G8_G8/U3/Y (MX2X2)                              0.31       7.08 f
  div_301_G8_G8/U97/Y (OR2X1)                             0.28       7.36 f
  div_301_G8_G8/U51/Y (OR2X1)                             0.30       7.66 f
  div_301_G8_G8/U25/Y (AND2X1)                            0.22       7.88 f
  div_301_G8_G8/U61/Y (OR2X1)                             0.43       8.31 f
  div_301_G8_G8/U5/Y (MX2X2)                              0.28       8.59 f
  div_301_G8_G8/U84/Y (OR2X1)                             0.28       8.86 f
  div_301_G8_G8/U52/Y (OR2X1)                             0.30       9.17 f
  div_301_G8_G8/U26/Y (AND2X1)                            0.22       9.38 f
  div_301_G8_G8/U32/Y (OR2X1)                             0.43       9.81 f
  div_301_G8_G8/U6/Y (MX2X2)                              0.28      10.09 f
  div_301_G8_G8/U85/Y (OR2X1)                             0.28      10.37 f
  div_301_G8_G8/U53/Y (OR2X1)                             0.30      10.67 f
  div_301_G8_G8/U27/Y (AND2X1)                            0.22      10.89 f
  div_301_G8_G8/U34/Y (OR2X1)                             0.43      11.32 f
  div_301_G8_G8/U7/Y (MX2X2)                              0.28      11.60 f
  div_301_G8_G8/U86/Y (OR2X1)                             0.28      11.88 f
  div_301_G8_G8/U54/Y (OR2X1)                             0.30      12.18 f
  div_301_G8_G8/U28/Y (AND2X1)                            0.22      12.40 f
  div_301_G8_G8/U16/Y (OR2X1)                             0.43      12.83 f
  div_301_G8_G8/U8/Y (MX2X2)                              0.28      13.11 f
  div_301_G8_G8/U87/Y (OR2X1)                             0.28      13.38 f
  div_301_G8_G8/U55/Y (OR2X1)                             0.30      13.69 f
  div_301_G8_G8/U29/Y (AND2X1)                            0.22      13.90 f
  div_301_G8_G8/U18/Y (OR2X1)                             0.43      14.34 f
  div_301_G8_G8/U4/Y (MX2X2)                              0.27      14.61 f
  div_301_G8_G8/U88/Y (OR2X1)                             0.27      14.88 f
  div_301_G8_G8/U56/Y (OR2X1)                             0.30      15.19 f
  div_301_G8_G8/U30/Y (AND2X1)                            0.22      15.40 f
  div_301_G8_G8/U20/Y (OR2X1)                             0.42      15.82 f
  div_301_G8_G8/U79/Y (MXI2X1)                            0.23      16.05 r
  div_301_G8_G8/U58/Y (INVX2)                             0.07      16.12 f
  div_301_G8_G8/U82/Y (OR2X1)                             0.28      16.40 f
  div_301_G8_G8/U57/Y (OR2X1)                             0.30      16.70 f
  div_301_G8_G8/U31/Y (AND2X1)                            0.22      16.92 f
  div_301_G8_G8/U22/Y (OR2X1)                             0.42      17.34 f
  div_301_G8_G8/U1/Y (MXI2X1)                             0.18      17.52 r
  div_301_G8_G8/U108/Y (NAND2X1)                          0.07      17.59 f
  div_301_G8_G8/U95/Y (OR2X1)                             0.27      17.86 f
  div_301_G8_G8/U59/Y (NAND2X1)                           0.10      17.96 r
  div_301_G8_G8/U110/Y (NAND2X1)                          0.07      18.03 f
  div_301_G8_G8/quotient[0] (IP_DW_div_uns_6)             0.00      18.03 f
  U15324/Y (AOI222XL)                                     0.48      18.51 r
  U15323/Y (OAI221X1)                                     0.19      18.69 f
  out_reg_7__7__0_/D (DFFRX1)                             0.00      18.69 f
  data arrival time                                                 18.69

  clock clk (rise edge)                                  20.00      20.00
  clock network delay (ideal)                             0.00      20.00
  out_reg_7__7__0_/CK (DFFRX1)                            0.00      20.00 r
  library setup time                                     -0.34      19.66
  data required time                                                19.66
  --------------------------------------------------------------------------
  data required time                                                19.66
  data arrival time                                                -18.69
  --------------------------------------------------------------------------
  slack (MET)                                                        0.97


1
exit

Memory usage for this session 436 Mbytes.
Memory usage for this session including child processes 436 Mbytes.
CPU usage for this session 66 seconds ( 0.02 hours ).
Elapsed time for this session 69 seconds ( 0.02 hours ).

Thank you...
