
                           Design Compiler Graphical 
                                 DC Ultra (TM)
                                  DFTMAX (TM)
                              Power Compiler (TM)
                                 DesignWare (R)
                                 DC Expert (TM)
                               Design Vision (TM)
                               HDL Compiler (TM)
                               VHDL Compiler (TM)
                                  DFT Compiler
                               Design Compiler(R)

                 Version R-2020.09 for linux64 - Aug 26, 2020 

                    Copyright (c) 1988 - 2020 Synopsys, Inc.
   This software and the associated documentation are proprietary to Synopsys,
 Inc. This software may only be used in accordance with the terms and conditions
 of a written license agreement with Synopsys, Inc. All other use, reproduction,
            or distribution of this software is strictly prohibited.
Initializing...
#======================================================
#
# Synopsys Synthesis Scripts (Design Vision dctcl mode)
#
#======================================================
#======================================================
#  Set Libraries
#======================================================
set search_path {./../01_RTL                  ~iclabta01/umc018/Synthesis                  /usr/synthesis/libraries/syn }
./../01_RTL                  ~iclabta01/umc018/Synthesis                  /usr/synthesis/libraries/syn 
set synthetic_library {dw_foundation.sldb}
dw_foundation.sldb
set link_library {* dw_foundation.sldb standard.sldb slow.db}
* dw_foundation.sldb standard.sldb slow.db
set target_library {slow.db}
slow.db
#======================================================
#  Global Parameters
#======================================================
set DESIGN "CNC"
CNC
set hdlin_ff_always_sync_set_reset true
true
set CLK_period 6
6
#======================================================
#  Read RTL Code
#======================================================
read_sverilog {$DESIGN\.v}
Loading db file '/usr/synthesis/libraries/syn/dw_foundation.sldb'
Loading db file '/usr/synthesis/libraries/syn/standard.sldb'
Loading db file '/RAID2/COURSE/iclab/iclabta01/umc018/Synthesis/slow.db'
Loading db file '/RAID2/EDA/synopsys/synthesis/2020.09/libraries/syn/gtech.db'
Loading db file '/RAID2/EDA/synopsys/synthesis/2020.09/libraries/syn/standard.sldb'
  Loading link library 'slow'
  Loading link library 'gtech'
Loading sverilog file '/RAID2/COURSE/iclab/iclab034/Lab02/Practice/01_RTL/CNC.v'
Detecting input file type automatically (-rtl or -netlist).
Reading with Presto HDL Compiler (equivalent to -rtl option).
Running PRESTO HDLC
Compiling source file /RAID2/COURSE/iclab/iclab034/Lab02/Practice/01_RTL/CNC.v
Warning:  /RAID2/COURSE/iclab/iclab034/Lab02/Practice/01_RTL/CNC.v:146: unsigned to signed assignment occurs. (VER-318)
Warning:  /RAID2/COURSE/iclab/iclab034/Lab02/Practice/01_RTL/CNC.v:152: unsigned to signed assignment occurs. (VER-318)
Warning:  /RAID2/COURSE/iclab/iclab034/Lab02/Practice/01_RTL/CNC.v:166: signed to unsigned assignment occurs. (VER-318)
Warning:  /RAID2/COURSE/iclab/iclab034/Lab02/Practice/01_RTL/CNC.v:203: unsigned to signed assignment occurs. (VER-318)
Warning:  /RAID2/COURSE/iclab/iclab034/Lab02/Practice/01_RTL/CNC.v:204: unsigned to signed assignment occurs. (VER-318)
Warning:  /RAID2/COURSE/iclab/iclab034/Lab02/Practice/01_RTL/CNC.v:205: unsigned to signed assignment occurs. (VER-318)
Warning:  /RAID2/COURSE/iclab/iclab034/Lab02/Practice/01_RTL/CNC.v:214: unsigned to signed assignment occurs. (VER-318)
Warning:  /RAID2/COURSE/iclab/iclab034/Lab02/Practice/01_RTL/CNC.v:215: unsigned to signed assignment occurs. (VER-318)
Warning:  /RAID2/COURSE/iclab/iclab034/Lab02/Practice/01_RTL/CNC.v:216: unsigned to signed assignment occurs. (VER-318)
Warning:  /RAID2/COURSE/iclab/iclab034/Lab02/Practice/01_RTL/CNC.v:236: signed to unsigned assignment occurs. (VER-318)

Statistics for case statements in always block at line 81 in file
	'/RAID2/COURSE/iclab/iclab034/Lab02/Practice/01_RTL/CNC.v'
===============================================
|           Line           |  full/ parallel  |
===============================================
|            82            |    auto/auto     |
|            86            |    auto/auto     |
===============================================

Statistics for case statements in always block at line 106 in file
	'/RAID2/COURSE/iclab/iclab034/Lab02/Practice/01_RTL/CNC.v'
===============================================
|           Line           |  full/ parallel  |
===============================================
|           110            |    auto/auto     |
===============================================

Statistics for case statements in always block at line 127 in file
	'/RAID2/COURSE/iclab/iclab034/Lab02/Practice/01_RTL/CNC.v'
===============================================
|           Line           |  full/ parallel  |
===============================================
|           131            |    auto/auto     |
===============================================

Statistics for case statements in always block at line 136 in file
	'/RAID2/COURSE/iclab/iclab034/Lab02/Practice/01_RTL/CNC.v'
===============================================
|           Line           |  full/ parallel  |
===============================================
|           144            |    auto/auto     |
===============================================

Statistics for case statements in always block at line 172 in file
	'/RAID2/COURSE/iclab/iclab034/Lab02/Practice/01_RTL/CNC.v'
===============================================
|           Line           |  full/ parallel  |
===============================================
|           173            |    auto/auto     |
===============================================

Statistics for case statements in always block at line 180 in file
	'/RAID2/COURSE/iclab/iclab034/Lab02/Practice/01_RTL/CNC.v'
===============================================
|           Line           |  full/ parallel  |
===============================================
|           181            |    auto/auto     |
===============================================

Statistics for case statements in always block at line 188 in file
	'/RAID2/COURSE/iclab/iclab034/Lab02/Practice/01_RTL/CNC.v'
===============================================
|           Line           |  full/ parallel  |
===============================================
|           189            |    auto/auto     |
===============================================

Statistics for case statements in always block at line 198 in file
	'/RAID2/COURSE/iclab/iclab034/Lab02/Practice/01_RTL/CNC.v'
===============================================
|           Line           |  full/ parallel  |
===============================================
|           202            |    auto/auto     |
===============================================

Statistics for case statements in always block at line 209 in file
	'/RAID2/COURSE/iclab/iclab034/Lab02/Practice/01_RTL/CNC.v'
===============================================
|           Line           |  full/ parallel  |
===============================================
|           213            |    auto/auto     |
===============================================

Statistics for case statements in always block at line 222 in file
	'/RAID2/COURSE/iclab/iclab034/Lab02/Practice/01_RTL/CNC.v'
===============================================
|           Line           |  full/ parallel  |
===============================================
|           226            |    auto/auto     |
===============================================

Statistics for case statements in always block at line 231 in file
	'/RAID2/COURSE/iclab/iclab034/Lab02/Practice/01_RTL/CNC.v'
===============================================
|           Line           |  full/ parallel  |
===============================================
|           235            |    auto/auto     |
===============================================

Inferred memory devices in process
	in routine CNC line 74 in file
		'/RAID2/COURSE/iclab/iclab034/Lab02/Practice/01_RTL/CNC.v'.
===============================================================================
|    Register Name    |   Type    | Width | Bus | MB | AR | AS | SR | SS | ST |
===============================================================================
|  current_state_reg  | Flip-flop |   3   |  Y  | N  | N  | N  | Y  | N  | N  |
===============================================================================

Inferred memory devices in process
	in routine CNC line 106 in file
		'/RAID2/COURSE/iclab/iclab034/Lab02/Practice/01_RTL/CNC.v'.
===============================================================================
|    Register Name    |   Type    | Width | Bus | MB | AR | AS | SR | SS | ST |
===============================================================================
|       cnt_reg       | Flip-flop |   2   |  Y  | N  | N  | N  | Y  | N  | N  |
===============================================================================

Inferred memory devices in process
	in routine CNC line 127 in file
		'/RAID2/COURSE/iclab/iclab034/Lab02/Practice/01_RTL/CNC.v'.
===============================================================================
|    Register Name    |   Type    | Width | Bus | MB | AR | AS | SR | SS | ST |
===============================================================================
|     MODE_r_reg      | Flip-flop |   2   |  Y  | N  | N  | N  | Y  | N  | N  |
===============================================================================

Inferred memory devices in process
	in routine CNC line 136 in file
		'/RAID2/COURSE/iclab/iclab034/Lab02/Practice/01_RTL/CNC.v'.
===============================================================================
|    Register Name    |   Type    | Width | Bus | MB | AR | AS | SR | SS | ST |
===============================================================================
|        D_reg        | Flip-flop |   8   |  Y  | N  | N  | N  | Y  | N  | N  |
|        A_reg        | Flip-flop |   8   |  Y  | N  | N  | N  | Y  | N  | N  |
|        B_reg        | Flip-flop |   8   |  Y  | N  | N  | N  | Y  | N  | N  |
|        C_reg        | Flip-flop |   8   |  Y  | N  | N  | N  | Y  | N  | N  |
===============================================================================

Inferred memory devices in process
	in routine CNC line 198 in file
		'/RAID2/COURSE/iclab/iclab034/Lab02/Practice/01_RTL/CNC.v'.
===============================================================================
|    Register Name    |   Type    | Width | Bus | MB | AR | AS | SR | SS | ST |
===============================================================================
|        E_reg        | Flip-flop |  17   |  Y  | N  | N  | N  | Y  | N  | N  |
===============================================================================

Inferred memory devices in process
	in routine CNC line 209 in file
		'/RAID2/COURSE/iclab/iclab034/Lab02/Practice/01_RTL/CNC.v'.
===============================================================================
|    Register Name    |   Type    | Width | Bus | MB | AR | AS | SR | SS | ST |
===============================================================================
|        F_reg        | Flip-flop |  17   |  Y  | N  | N  | N  | Y  | N  | N  |
===============================================================================

Inferred memory devices in process
	in routine CNC line 222 in file
		'/RAID2/COURSE/iclab/iclab034/Lab02/Practice/01_RTL/CNC.v'.
===============================================================================
|    Register Name    |   Type    | Width | Bus | MB | AR | AS | SR | SS | ST |
===============================================================================
|    OUT_VALID_reg    | Flip-flop |   1   |  N  | N  | N  | N  | Y  | N  | N  |
===============================================================================

Inferred memory devices in process
	in routine CNC line 231 in file
		'/RAID2/COURSE/iclab/iclab034/Lab02/Practice/01_RTL/CNC.v'.
===============================================================================
|    Register Name    |   Type    | Width | Bus | MB | AR | AS | SR | SS | ST |
===============================================================================
|       OUT_reg       | Flip-flop |  17   |  Y  | N  | N  | N  | Y  | N  | N  |
===============================================================================
Information:  Complex logic will not be considered for set/reset inference. (ELAB-2008)
Presto compilation completed successfully.
Current design is now '/RAID2/COURSE/iclab/iclab034/Lab02/Practice/01_RTL/CNC.db:CNC'
Loaded 1 design.
Current design is 'CNC'.
CNC
current_design $DESIGN
Current design is 'CNC'.
{CNC}
#======================================================
#  Global Setting
#======================================================
set_wire_load_mode top
1
#======================================================
#  Set Design Constraints
#======================================================
create_clock -name "clk" -period $CLK_period clk
1
set_input_delay [ expr $CLK_period*0.5 ] -clock clk [all_inputs]
1
set_input_delay 0 -clock clk clk
1
set_output_delay [ expr $CLK_period*0.5 ] -clock clk [all_outputs]
1
set_load 0.05 [all_outputs]
1
#======================================================
#
#  Optimization
#======================================================
uniquify
1
set_fix_multiple_port_nets -all -buffer_constants
1
compile_ultra
Information: Performing power optimization. (PWR-850)
Analyzing: "/RAID2/COURSE/iclab/iclabta01/umc018/Synthesis/slow.db"
Library analysis succeeded.
Information: Evaluating DesignWare library utilization. (UISN-27)

============================================================================
| DesignWare Building Block Library  |         Version         | Available |
============================================================================
| Basic DW Building Blocks           | Q-2019.12-DWBB_201912.0 |     *     |
| Licensed DW Building Blocks        | Q-2019.12-DWBB_201912.0 |     *     |
============================================================================

Information: Sequential output inversion is enabled.  SVF file must be used for formal verification. (OPT-1208)

Information: There are 10 potential problems in your design. Please run 'check_design' for more information. (LINT-99)

  Simplifying Design 'CNC'

Loaded alib file './alib-52/slow.db.alib'
  Building model 'DW01_NAND2'
Information: Ungrouping 0 of 1 hierarchies before Pass 1 (OPT-775)
Information: State dependent leakage is now switched from on to off.

  Beginning Pass 1 Mapping
  ------------------------
  Processing 'CNC'
Information: Added key list 'DesignWare' to design 'CNC'. (DDB-72)
 Implement Synthetic for 'CNC'.

  Updating timing information
Information: Updating design information... (UID-85)
Information: The library cell 'HOLDX1' in the library 'slow' is not characterized for internal power. (PWR-536)
Information: The target library(s) contains cell(s), other than black boxes, that are not characterized for internal power. (PWR-24)

  Beginning Mapping Optimizations  (Ultra High effort)
  -------------------------------
  Mapping Optimization (Phase 1)

                                  TOTAL                                                
   ELAPSED            WORST NEG   SETUP    DESIGN                              LEAKAGE 
    TIME      AREA      SLACK     COST    RULE COST         ENDPOINT            POWER  
  --------- --------- --------- --------- --------- ------------------------- ---------
    0:00:03   38782.5      0.00       0.0       0.0                           5341091.5000
    0:00:03   38782.5      0.00       0.0       0.0                           5341091.5000

  Beginning Constant Register Removal
  -----------------------------------
    0:00:03   38829.1      0.00       0.0       0.0                           5356824.0000
    0:00:03   38829.1      0.00       0.0       0.0                           5356824.0000

  Beginning Global Optimizations
  ------------------------------
  Numerical Synthesis (Phase 1)
  Numerical Synthesis (Phase 2)
  Global Optimization (Phase 1)
  Global Optimization (Phase 2)
  Global Optimization (Phase 3)
  Global Optimization (Phase 4)
  Global Optimization (Phase 5)
  Global Optimization (Phase 6)
  Global Optimization (Phase 7)
  Global Optimization (Phase 8)
  Global Optimization (Phase 9)
  Global Optimization (Phase 10)
  Global Optimization (Phase 11)
  Global Optimization (Phase 12)
  Global Optimization (Phase 13)
  Global Optimization (Phase 14)
  Global Optimization (Phase 15)
  Global Optimization (Phase 16)
  Global Optimization (Phase 17)
  Global Optimization (Phase 18)
  Global Optimization (Phase 19)
  Global Optimization (Phase 20)
  Global Optimization (Phase 21)
  Global Optimization (Phase 22)
  Global Optimization (Phase 23)
  Global Optimization (Phase 24)
  Global Optimization (Phase 25)
  Global Optimization (Phase 26)
  Global Optimization (Phase 27)
  Global Optimization (Phase 28)
  Global Optimization (Phase 29)
  Global Optimization (Phase 30)
  Global Optimization (Phase 31)
  Mapping 'CNC_DP_OP_75J1_122_4330_3'

  Beginning Isolate Ports
  -----------------------

  Beginning Delay Optimization
  ----------------------------
    0:00:04   24981.3      0.70      13.0       0.0                           2421995.2500
    0:00:04   25540.1      0.00       0.0       0.0                           2559683.7500
    0:00:04   25540.1      0.00       0.0       0.0                           2559683.7500
    0:00:04   25540.1      0.00       0.0       0.0                           2559683.7500
    0:00:04   25417.0      0.00       0.0       0.0                           2543407.5000
    0:00:04   25254.0      0.23       1.6       0.0                           2533858.5000

  Beginning WLM Backend Optimization
  --------------------------------------
    0:00:04   24642.0      0.21       1.4       0.0                           2468439.5000
    0:00:04   24602.1      0.00       0.0       0.0                           2461423.0000
    0:00:04   24602.1      0.00       0.0       0.0                           2461423.0000
    0:00:05   24575.4      0.00       0.0       0.0                           2434698.5000
    0:00:05   24575.4      0.00       0.0       0.0                           2434698.5000
    0:00:05   24575.4      0.00       0.0       0.0                           2434698.5000
    0:00:05   24575.4      0.00       0.0       0.0                           2434698.5000
    0:00:05   24575.4      0.00       0.0       0.0                           2434698.5000
    0:00:05   24575.4      0.00       0.0       0.0                           2434698.5000
    0:00:05   24575.4      0.00       0.0       0.0                           2434698.5000
    0:00:05   24575.4      0.00       0.0       0.0                           2434698.5000
    0:00:05   24575.4      0.00       0.0       0.0                           2434698.5000
    0:00:05   24575.4      0.00       0.0       0.0                           2434698.5000
    0:00:05   24575.4      0.00       0.0       0.0                           2434698.5000
    0:00:05   24575.4      0.00       0.0       0.0                           2434698.5000
    0:00:05   24575.4      0.00       0.0       0.0                           2434698.5000
    0:00:05   24575.4      0.00       0.0       0.0                           2434698.5000
    0:00:05   24575.4      0.00       0.0       0.0                           2434698.5000
    0:00:05   24575.4      0.00       0.0       0.0                           2434698.5000
    0:00:05   24575.4      0.00       0.0       0.0                           2434698.5000
    0:00:05   24575.4      0.00       0.0       0.0                           2434698.5000
    0:00:05   24575.4      0.00       0.0       0.0                           2434698.5000
    0:00:05   24575.4      0.00       0.0       0.0                           2434698.5000
    0:00:05   24575.4      0.00       0.0       0.0                           2434698.5000


  Beginning Leakage Power Optimization  (max_leakage_power 0)
  ------------------------------------

                                  TOTAL                                                
   ELAPSED            WORST NEG   SETUP    DESIGN                              LEAKAGE 
    TIME      AREA      SLACK     COST    RULE COST         ENDPOINT            POWER  
  --------- --------- --------- --------- --------- ------------------------- ---------
    0:00:05   24575.4      0.00       0.0       0.0                           2434698.5000
  Global Optimization (Phase 32)
  Global Optimization (Phase 33)
  Global Optimization (Phase 34)
  Global Optimization (Phase 35)
  Global Optimization (Phase 36)
  Global Optimization (Phase 37)
  Global Optimization (Phase 38)
  Global Optimization (Phase 39)
  Global Optimization (Phase 40)
  Global Optimization (Phase 41)
  Global Optimization (Phase 42)
  Global Optimization (Phase 43)
  Global Optimization (Phase 44)
  Global Optimization (Phase 45)
    0:00:05   23863.6      0.00       0.0       0.0                           2184699.7500
    0:00:05   23863.6      0.00       0.0       0.0                           2184699.7500
    0:00:05   23863.6      0.00       0.0       0.0                           2184699.7500
    0:00:05   23837.0      0.00       0.0       0.0                           2182890.7500
    0:00:05   23837.0      0.00       0.0       0.0                           2182890.7500
    0:00:05   23837.0      0.00       0.0       0.0                           2182890.7500
    0:00:05   23837.0      0.00       0.0       0.0                           2182890.7500
    0:00:05   23837.0      0.00       0.0       0.0                           2182890.7500
    0:00:05   23837.0      0.00       0.0       0.0                           2182890.7500
    0:00:05   23837.0      0.00       0.0       0.0                           2182890.7500
    0:00:05   23837.0      0.00       0.0       0.0                           2182890.7500
    0:00:05   23837.0      0.00       0.0       0.0                           2182890.7500
    0:00:05   23837.0      0.00       0.0       0.0                           2182890.7500
    0:00:05   23837.0      0.00       0.0       0.0                           2182890.7500
    0:00:05   23837.0      0.00       0.0       0.0                           2182890.7500
    0:00:05   23837.0      0.00       0.0       0.0                           2182890.7500
    0:00:05   23837.0      0.00       0.0       0.0                           2182890.7500
    0:00:05   23837.0      0.00       0.0       0.0                           2182890.7500
    0:00:05   23837.0      0.00       0.0       0.0                           2182890.7500
    0:00:05   23837.0      0.00       0.0       0.0                           2182890.7500
    0:00:05   23837.0      0.00       0.0       0.0                           2182890.7500
    0:00:05   23837.0      0.00       0.0       0.0                           2182890.7500

                                  TOTAL                                                
   ELAPSED            WORST NEG   SETUP    DESIGN                              LEAKAGE 
    TIME      AREA      SLACK     COST    RULE COST         ENDPOINT            POWER  
  --------- --------- --------- --------- --------- ------------------------- ---------
    0:00:05   23837.0      0.00       0.0       0.0                           2182890.7500
    0:00:05   23540.9      0.00       0.0       0.0                           2163662.2500
    0:00:05   23540.9      0.00       0.0       0.0                           2163662.2500
    0:00:05   23540.9      0.00       0.0       0.0                           2163662.2500
    0:00:05   23540.9      0.00       0.0       0.0                           2163662.2500
    0:00:05   23494.4      0.00       0.0       0.0                           2144833.7500
    0:00:05   23494.4      0.00       0.0       0.0                           2144833.7500
    0:00:05   23494.4      0.00       0.0       0.0                           2144833.7500
    0:00:05   23494.4      0.00       0.0       0.0                           2144833.7500
    0:00:05   23494.4      0.00       0.0       0.0                           2144833.7500
    0:00:05   23494.4      0.00       0.0       0.0                           2144833.7500
    0:00:05   23224.9      0.00       0.0       0.0                           2099560.2500
Loading db file '/RAID2/COURSE/iclab/iclabta01/umc018/Synthesis/slow.db'


Note: Symbol # after min delay cost means estimated hold TNS across all active scenarios 


  Optimization Complete
  ---------------------
Information: State dependent leakage is now switched from off to on.
Information: Propagating switching activity (low effort zero delay simulation). (PWR-6)
1
#======================================================
#  Output Reports 
#======================================================
report_timing >  Report/$DESIGN\.timing
report_area >  Report/$DESIGN\.area
report_resource >  Report/$DESIGN\.resource
#======================================================
#  Change Naming Rule
#======================================================
set bus_inference_style "%s\[%d\]"
%s[%d]
set bus_naming_style "%s\[%d\]"
%s[%d]
set hdlout_internal_busses true
true
change_names -hierarchy -rule verilog
1
define_name_rules name_rule -allowed "a-z A-Z 0-9 _" -max_length 255 -type cell
1
define_name_rules name_rule -allowed "a-z A-Z 0-9 _[]" -max_length 255 -type net
1
define_name_rules name_rule -map {{"\\*cell\\*" "cell"}}
1
change_names -hierarchy -rules name_rule
1
#======================================================
#  Output Results
#======================================================
set verilogout_higher_designs_first true
true
write -format verilog -output Netlist/$DESIGN\_SYN.v -hierarchy
Writing verilog file '/RAID2/COURSE/iclab/iclab034/Lab02/Practice/02_SYN/Netlist/CNC_SYN.v'.
1
write_sdf -version 2.1 -context verilog -load_delay cell Netlist/$DESIGN\_SYN.sdf
Information: Writing timing information to file '/RAID2/COURSE/iclab/iclab034/Lab02/Practice/02_SYN/Netlist/CNC_SYN.sdf'. (WT-3)
1
#======================================================
#  Finish and Quit
#======================================================
exit

Memory usage for this session 186 Mbytes.
Memory usage for this session including child processes 186 Mbytes.
CPU usage for this session 57 seconds ( 0.02 hours ).
Elapsed time for this session 59 seconds ( 0.02 hours ).

Thank you...
