ncsim(64) 15.20-s084
Linux 3.10.0-1160.88.1.el7.x86_64 #1 SMP Tue Mar 7 15:41:52 UTC 2023 x86_64
CPU cores: 256
Limit information:
======================================
cputime			unlimited
filesize		unlimited
datasize		unlimited
stacksize		8192 kbytes
coredumpsize	0 kbytes
memoryuse		unlimited
vmemoryuse		unlimited
descriptors		4096
memorylocked	64 kbytes
maxproc			4096
======================================
(Special)Runtime environment variables:

Runtime environment variables:
REMOTEHOST=140-113-122-12.dorm13.nctu.edu.tw
SYNOPSYS_LC_ROOT=/cad/synopsys/lc/cur
MANPATH=/usr/cad/synopsys/siliconsmart/2022.12/ncx/man:/usr/cad/synopsys/synthesis/2022.03/doc/syn/man:/usr/cad/synopsys/vcs/2022.06/doc/man:/usr/cad/synopsys/lc/2022.03/doc/lc/man:/usr/cad/synopsys/star-rcxt/2019.12-sp5-3//starrc/man
POWERVIEW_64=1
TMIARCH=RH_64
XDG_SESSION_ID=8986
XLOCALEDIR=/usr/cad/synopsys/icc2/2021.06-sp5//etc/locale
HOSTNAME=ee26
HOST=ee26
TERM=xterm
SHELL=/bin/tcsh
SSH_CLIENT=140.113.122.12 64630 415
CDS_LOAD_ENV=CSF
MGC_LOCATION_MAP=NO_MAP
HSP_GCC_VERSION=7.3.0
QTDIR=/usr/lib64/qt-3.3
QTINC=/usr/lib64/qt-3.3/include
SSH_TTY=/dev/pts/8
SPAPI_AHDL_INCLUDE=/RAID2/cad/synopsys/hspice/2020.03-sp2-2/hspice/include
QT_GRAPHICSSYSTEM_CHECKED=1
HSP_HOME=/RAID2/cad/synopsys/hspice/2020.03-sp2-2/hspice
GROUP=iclab
USER=iclab034
LD_LIBRARY_PATH=/RAID2/cad/synopsys/verdi/cur/share/PLI/IUS/linux64/boot:/RAID2/cad/synopsys/verdi/cur/share/PLI/lib/linux64
LS_COLORS=rs=0:di=01;34:ln=01;36:mh=00:pi=40;33:so=01;35:do=01;35:bd=40;33;01:cd=40;33;01:or=40;31;01:mi=01;05;37;41:su=37;41:sg=30;43:ca=30;41:tw=30;42:ow=34;42:st=37;44:ex=01;32:*.tar=01;31:*.tgz=01;31:*.arc=01;31:*.arj=01;31:*.taz=01;31:*.lha=01;31:*.lz4=01;31:*.lzh=01;31:*.lzma=01;31:*.tlz=01;31:*.txz=01;31:*.tzo=01;31:*.t7z=01;31:*.zip=01;31:*.z=01;31:*.Z=01;31:*.dz=01;31:*.gz=01;31:*.lrz=01;31:*.lz=01;31:*.lzo=01;31:*.xz=01;31:*.bz2=01;31:*.bz=01;31:*.tbz=01;31:*.tbz2=01;31:*.tz=01;31:*.deb=01;31:*.rpm=01;31:*.jar=01;31:*.war=01;31:*.ear=01;31:*.sar=01;31:*.rar=01;31:*.alz=01;31:*.ace=01;31:*.zoo=01;31:*.cpio=01;31:*.7z=01;31:*.rz=01;31:*.cab=01;31:*.jpg=01;35:*.jpeg=01;35:*.gif=01;35:*.bmp=01;35:*.pbm=01;35:*.pgm=01;35:*.ppm=01;35:*.tga=01;35:*.xbm=01;35:*.xpm=01;35:*.tif=01;35:*.tiff=01;35:*.png=01;35:*.svg=01;35:*.svgz=01;35:*.mng=01;35:*.pcx=01;35:*.mov=01;35:*.mpg=01;35:*.mpeg=01;35:*.m2v=01;35:*.mkv=01;35:*.webm=01;35:*.ogm=01;35:*.mp4=01;35:*.m4v=01;35:*.mp4v=01;35:*.vob=01;35:*.qt=01;35:*.nuv=01;35:*.wmv=01;35:*.asf=01;35:*.rm=01;35:*.rmvb=01;35:*.flc=01;35:*.avi=01;35:*.fli=01;35:*.flv=01;35:*.gl=01;35:*.dl=01;35:*.xcf=01;35:*.xwd=01;35:*.yuv=01;35:*.cgm=01;35:*.emf=01;35:*.axv=01;35:*.anx=01;35:*.ogv=01;35:*.ogx=01;35:*.aac=01;36:*.au=01;36:*.flac=01;36:*.mid=01;36:*.midi=01;36:*.mka=01;36:*.mp3=01;36:*.mpc=01;36:*.ogg=01;36:*.ra=01;36:*.wav=01;36:*.axa=01;36:*.oga=01;36:*.spx=01;36:*.xspf=01;36:
installdir=/RAID2/cad/synopsys/hspice/2020.03-sp2-2/hspice
HOSTTYPE=x86_64-linux
SSH_AUTH_SOCK=/tmp/ssh-bpSTb1Bwjv/agent.54804
CMIARCH=RH_64
SYNOPSYS_NCX_ROOT=/usr/cad/synopsys/star-rcxt/2019.12-sp5-3/
VC_STATIC_HOME=/usr/cad/synopsys/vc_formal/cur/
MAIL=/var/spool/mail/iclab034
PATH=/RAID2/cad/MATLAB/bin/:/opt/btop/bin/:/RAID2/cad/Xilinx/Vivado/2020.2/bin:/RAID2/eda/jasper_2021.03//bin:/usr/cad/synopsys/cosmos_scope/cur/ai_bin:/usr/cad/synopsys/icc/2022.03/amd64/syn/bin:/usr/cad/synopsys/primetime/2019.03-sp5-1//amd64/syn/bin:/usr/cad/synopsys/fc/2022.03/bin:/usr/cad/synopsys/lc/2022.03/bin:/usr/cad/synopsys/vc_formal/cur/bin:/usr/cad/synopsys/vcs/2022.06/amd64/bin:/usr/cad/synopsys/verdi/2019.06//bin:/usr/cad/synopsys/synthesis/2022.03/amd64/syn/bin:/cad/synopsys/lc/cur/bin:/usr/cad/cadence/SPECTRE/SPECTRE_19.10.322//tools/bin/64bit:/usr/cad/cadence/SPECTRE/SPECTRE_19.10.322//tools/dfII/bin/64bit:/usr/cad/cadence/SPECTRE/SPECTRE_19.10.322//tools/bin:/usr/cad/cadence/SPECTRE/SPECTRE_19.10.322//tools/dfII/bin:/usr/cad/cadence/SSV/SSV_21.12.000//tools/bin/64bit:/usr/cad/cadence/SSV/SSV_21.12.000//tools/bin:/usr/cad/cadence/QUANTUS/QUANTUS_21.11.000//tools/bin/64bit:/usr/cad/cadence/QUANTUS/QUANTUS_21.11.000//tools/bin:/usr/cad/cadence/PEGASUS/PEGASUS_21.20.000//tools/bin/64bit:/usr/cad/cadence/PEGASUS/PEGASUS_21.20.000//tools/bin:/usr/cad/cadence/JASPER/./jasper_2023.03//bin:/usr/cad/cadence/INNOVUS/INNOVUS_20.15.000/tools/bin/64bit:/usr/cad/cadence/INNOVUS/INNOVUS_20.15.000/tools/bin:/usr/cad/cadence/INCISIV/INCISIVE_15.20.084/tools/bin/64bit:/usr/cad/cadence/INCISIV/INCISIVE_15.20.084/tools/bin:/usr/cad/cadence/XCELIUM/XCELIUM_22.03.003/tools/bin/64bit:/usr/cad/cadence/XCELIUM/XCELIUM_22.03.003/tools/bin:/usr/cad/cadence/GENUS/GENUS_20.10.000/tools/bin/64bit:/usr/cad/cadence/GENUS/GENUS_20.10.000/tools/bin:/usr/cad/mentor/calibre/aoi_cal_2019.2_26.18//bin:/usr/cad/synopsys/laker_oa/2021.06//bin:/usr/cad/synopsys/customexplorer/2022.06//bin:/usr/cad/synopsys/customcompiler/2020.12-sp1-2//bin:/usr/cad/synopsys/customcompiler/2020.12-sp1-2//primewave/bin:/usr/cad/synopsys/siliconsmart/2022.12/bin:/usr/cad/synopsys/xa/2022.06//bin:/usr/cad/synopsys/finesim/2022.06//bin:/RAID2/cad/synopsys/hspice/2020.03-sp2-2/hspice/bin:/RAID2/cad/synopsys/hspice/2020.03-sp2-2/hspice/GNU/linux64/gcc/bin:/RAID2/cad/synopsys/hspice/2020.03-sp2-2/hspice/linux64:/usr/bin:/usr/ucb/bin:/usr/cad/synopsys/hspice/2020.03-sp2-2//hspice/bin:/usr/cad/cadence/LIBERATE/LIBREATE_21.72.187/tools.lnx86/bin/64bit:/usr/cad/cadence/LIBERATE/LIBREATE_21.72.187/tools.lnx86/bin:/usr/cad/cadence/IC/IC_06.18.250/tools/bin:/usr/cad/cadence/IC/IC_06.18.250/tools/dracula/bin:/usr/cad/cadence/IC/IC_06.18.250/tools/dfII/bin:/usr/cad/cadence/IC/IC_06.18.250/tools/bin/64bit:/usr/cad/cadence/IC/IC_06.18.250/tools/dracula/bin/64bit:/usr/cad/cadence/IC/IC_06.18.250/tools/dfII/bin/64bit:/usr/lib64/qt-3.3/bin:/usr/local/bin:/usr/bin:/usr/local/sbin:/usr/sbin:/usr/sbin/:/usr/sbin/:/RAID2/Tool/bin/
VERDI_HOME=/usr/cad/synopsys/verdi/2019.06/
CALIBRE_HOME=/usr/cad/mentor/calibre/aoi_cal_2019.2_26.18/
PWD=/RAID2/COURSE/iclab/iclab034/Lab09/Exercise/03_GATE
VCS_HOME=/usr/cad/synopsys/vcs/2022.06
Laker_TCL_ToolBox=1
FINESIM_64=1
FINEWAVE_64=1
VCS_CC=gcc
CDSHOME=/usr/cad/cadence/IC/IC_06.18.250
SYNOPSYS=/usr/cad/synopsys/synthesis/cur/
LM_LICENSE_FILE=26585@lshc:5280@lshc:1717@lshc:5280@lstn:5280@lstc:26585@lstn:26585@lstc:
CDS_Netlisting_Mode=Analog
SSH_ASKPASS=/usr/libexec/openssh/gnome-ssh-askpass
HSP_GCC=/RAID2/cad/synopsys/hspice/2020.03-sp2-2/hspice/GNU/linux64/gcc/bin/gcc -m64 
SHLVL=2
HOME=/RAID2/COURSE/iclab/iclab034
OSTYPE=linux
MGC_HOME=/usr/cad/mentor/calibre/aoi_cal_2019.2_26.18/
Laker_TCL_L3=1
ICV_HOME_DIR=/usr/cad/synopsys/icvalidator/2021.06-sp2/
CDS_AUTO_64BIT=ALL
SNPS_64=1
MGC_TMPDIR=/tmp
SNPS_PLATFORM=linux64
HSP_SIGMA_AMP=/RAID2/cad/synopsys/hspice/2020.03-sp2-2/hspice/linux64/python/Omega/Omega
VENDOR=unknown
MACHTYPE=x86_64
LOGNAME=iclab034
MGLS_LICENSE_FILE=1717@lshc
QTLIB=/usr/lib64/qt-3.3/lib
SSH_CONNECTION=140.113.122.12 64630 140.113.201.26 415
mraarch=linux_64
LESSOPEN=||/usr/bin/lesspipe.sh %s
JGOLD_dir=/RAID2/eda/jasper_2021.03/
SHLIB_PATH=/usr/cad/synopsys/verdi/2019.06//etc/lib/libstdc++/LINUX64/:/usr/cad/synopsys/verdi/2019.06//share/PLI/lib/LINUX64/:/usr/cad/synopsys/verdi/2019.06//share/PLI/VCS/LINUX64/:
ARCH=linux64
CDPL_HOME=/RAID2/cad/synopsys/hspice/2020.03-sp2-2/hspice/cdpl
XDG_RUNTIME_DIR=/run/user/10039
DISPLAY=localhost:18.0
SYN_MAN_DIR=/usr/cad/synopsys/star-rcxt/2019.12-sp5-3//starrc/man
_=/usr/cad/cadence/INCISIV/INCISIVE_15.20.084/tools/bin/64bit/irun
_IRUNROOT_=/usr/cad/cadence/INCISIV/INCISIVE_15.20.084/tools
CDS_ARCH=lnx86
NCRUNMODE=irun:./INCA_libs/irun.lnx8664.15.20.nc
IRUNBATCH=FALSE
IMPERAS_PORT_FILE=.vsp_ovp_gdb_port
TCL_LIBRARY=/usr/cad/cadence/INCISIV/INCISIVE_15.20.084/tools/inca/files/tcl/library
Runtime command line arguments:
argv[0]=irun
argv[1]=TESTBED.sv
argv[2]=-define
argv[3]=GATE
argv[4]=-debug
argv[5]=-loadpli1
argv[6]=debpli:novas_pli_boot
argv[7]=-v
argv[8]=/RAID2/COURSE/iclab/iclabta01/umc018/Verilog/umc18_neg.v
109 profile - 100
          CPU/Mem usage: 0.070 sys,  0.050 user,  139.57M sys,  0.00M vm
110 VC callback profile - scalar:0 vector:0
111 Mon May  1 07:38:14 2023
112 pliAppInit
113 FSDB_GATE is disabled.
114 Enable Parallel Dumping.
115 pliAppMiscSet: New Sim Round
116 pliEntryInit
117 LIBSSCORE=found /RAID2/cad/synopsys/verdi/cur/share/PLI/IUS/linux64/boot/libsscore_ius152.so through $LD_LIBRARY_PATH setting.
118 argv[0]: OSB_SYN.fsdb
119 argv[0]: 0
120 argv[1]: +all
121 FSDB Dumper for IUS, Release Verdi_P-2019.06, Linux x86_64/64bit, 05/26/2019
122 (C) 1996 - 2019 by Synopsys, Inc.
123 sps_call_fsdbDumpfile at 0 : /RAID2/COURSE/iclab/iclab034/Lab09/Exercise/03_GATE/TESTBED.sv(82)
124 argv[0]: OSB_SYN.fsdb
125 *Verdi* FSDB WARNING: The FSDB file already exists. Overwriting the FSDB file may crash the programs that are using this file.
126 *Verdi* : Create FSDB file 'OSB_SYN.fsdb'
127 sps_call_fsdbDumpvars at 0 : /RAID2/COURSE/iclab/iclab034/Lab09/Exercise/03_GATE/TESTBED.sv(85)
128 argv[0]: 0
129 argv[1]: +all
130 *Verdi* : Begin traversing the scopes, layer (0).
131 *Verdi* : Enable +all dumping.
132 Cell instance `TESTBED.dut_b.bridge.curr_state_reg_0_'.
133 *Verdi* : End of traversing.
134 fsdbDumpvars traverse var: profile - 
          CPU/Mem usage: 0.100 sys,  0.520 user,  268.98M sys,  0.00M vm
                   incr: 0.020 sys,  0.470 user,  47.96M sys,  0.00M vm
                   accu: 0.020 sys,  0.470 user,  47.96M sys,  0.00M vm
              accu incr: 0.020 sys,  0.470 user,  47.96M sys,  0.00M vm

          Count usage: 110983 var,  48514 idcode,  48499 callback
                 incr: 110983 var,  48514 idcode,  48499 callback
                 accu: 110983 var,  48514 idcode,  48499 callback
            accu incr: 110983 var,  48514 idcode,  48499 callback
135 VC callback profile - scalar:0 vector:0
136 Mon May  1 07:38:14 2023
137 fsdbDumpvars: profile - 
          CPU/Mem usage: 0.100 sys,  0.530 user,  272.13M sys,  0.00M vm
                   incr: 0.000 sys,  0.010 user,  3.15M sys,  0.00M vm
                   accu: 0.020 sys,  0.480 user,  51.11M sys,  0.00M vm
              accu incr: 0.000 sys,  0.010 user,  3.15M sys,  0.00M vm

          Count usage: 110983 var,  48514 idcode,  48499 callback
                 incr: 0 var,  0 idcode,  0 callback
                 accu: 110983 var,  48514 idcode,  48499 callback
            accu incr: 0 var,  0 idcode,  0 callback
138 VC callback profile - scalar:48437 vector:62
139 Mon May  1 07:38:14 2023
140 End of simulation at 173465000
141 VC callback profile - scalar:195335202 vector:54401
142 Mon May  1 07:38:26 2023
143 Begin FSDB profile info:
144 FSDB Writer : bc1(195335202) bcn(139256) mtf/stf(0/0)
FSDB Writer elapsed time : flush(0.601175) io wait(0.000000) theadpool wait(0.000000) target functin(0.000000)
FSDB Writer cpu time : MT Compression : 0
145 End FSDB profile info
146 Parallel profile    -  Flush:3 Expand:0 ProduceWait:0 ConsumerWait:924 BlockUsed:947
147                        ProduceTime:12.272773216 ConsumerTime:8.001119514 Buffer:64MB
148 SimExit
149 Sim process exit
