
                           Design Compiler Graphical 
                                 DC Ultra (TM)
                                  DFTMAX (TM)
                              Power Compiler (TM)
                                 DesignWare (R)
                                 DC Expert (TM)
                               Design Vision (TM)
                               HDL Compiler (TM)
                               VHDL Compiler (TM)
                                  DFT Compiler
                               Design Compiler(R)

                 Version T-2022.03 for linux64 - Feb 22, 2022 

                    Copyright (c) 1988 - 2022 Synopsys, Inc.
   This software and the associated documentation are proprietary to Synopsys,
 Inc. This software may only be used in accordance with the terms and conditions
 of a written license agreement with Synopsys, Inc. All other use, reproduction,
   or distribution of this software is strictly prohibited.  Licensed Products
     communicate with Synopsys servers for the purpose of providing software
    updates, detecting software piracy and verifying that customers are using
    Licensed Products in conformity with the applicable License Key for such
  Licensed Products. Synopsys will use information gathered in connection with
    this process to deliver software updates and pursue software pirates and
                                   infringers.

 Inclusivity & Diversity - Visit SolvNetPlus to read the "Synopsys Statement on
            Inclusivity and Diversity" (Refer to article 000036315 at
                        https://solvnetplus.synopsys.com)
Initializing...
#======================================================
#
# Synopsys Synthesis Scripts (Design Vision dctcl mode)
#
#======================================================
#======================================================
#  Set Libraries
#======================================================
set search_path {./../01_RTL \
                   ~iclabta01/umc018/Synthesis/ \
                   /usr/synthesis/libraries/syn/ \
                }
./../01_RTL  ~iclabta01/umc018/Synthesis/  /usr/synthesis/libraries/syn/  
set synthetic_library {dw_foundation.sldb}
dw_foundation.sldb
set link_library {* dw_foundation.sldb standard.sldb slow.db }
* dw_foundation.sldb standard.sldb slow.db 
set target_library {slow.db}
slow.db
#======================================================
#  Global Parameters
#======================================================
set DESIGN "SNN"
SNN
set clock_gating_module_name "GATED_OR"
GATED_OR
set CLK_period 15.0
15.0
#======================================================
#  Read RTL Code
#======================================================
set hdlin_auto_save_templates TRUE
TRUE
read_verilog ./Netlist/GATED_OR_SYN.v
Loading db file '/RAID2/cad/synopsys/synthesis/2022.03/libraries/syn/dw_foundation.sldb'
Loading db file '/RAID2/cad/synopsys/synthesis/2022.03/libraries/syn/standard.sldb'
Loading db file '/RAID2/COURSE/iclab/iclabta01/umc018/Synthesis/slow.db'
Loading db file '/RAID2/cad/synopsys/synthesis/2022.03/libraries/syn/gtech.db'
  Loading link library 'slow'
  Loading link library 'gtech'
Loading verilog file '/RAID2/COURSE/iclab/iclab034/Lab08/EXERCISE/02_SYN/Netlist/GATED_OR_SYN.v'
Detecting input file type automatically (-rtl or -netlist).
Running DC verilog reader
Performing 'read' command.
Compiling source file /RAID2/COURSE/iclab/iclab034/Lab08/EXERCISE/02_SYN/Netlist/GATED_OR_SYN.v
Reading with netlist reader (equivalent to -netlist option).
Verilog netlist reader completed successfully.
Current design is now '/RAID2/COURSE/iclab/iclab034/Lab08/EXERCISE/02_SYN/Netlist/GATED_OR.db:GATED_OR'
Loaded 1 design.
Current design is 'GATED_OR'.
GATED_OR
set_dont_touch $clock_gating_module_name
1
read_sverilog SNN.v
Loading sverilog file '/RAID2/COURSE/iclab/iclab034/Lab08/EXERCISE/01_RTL/SNN.v'
Detecting input file type automatically (-rtl or -netlist).
Reading with Presto HDL Compiler (equivalent to -rtl option).
Running PRESTO HDLC
Compiling source file /RAID2/COURSE/iclab/iclab034/Lab08/EXERCISE/01_RTL/SNN.v
Warning:  /RAID2/COURSE/iclab/iclab034/Lab08/EXERCISE/01_RTL/SNN.v:162: signed to unsigned conversion occurs. (VER-318)
Warning:  /RAID2/COURSE/iclab/iclab034/Lab08/EXERCISE/01_RTL/SNN.v:170: signed to unsigned conversion occurs. (VER-318)
Warning:  /RAID2/COURSE/iclab/iclab034/Lab08/EXERCISE/01_RTL/SNN.v:618: unsigned to signed assignment occurs. (VER-318)
Warning:  /RAID2/COURSE/iclab/iclab034/Lab08/EXERCISE/01_RTL/SNN.v:619: unsigned to signed assignment occurs. (VER-318)
Warning:  /RAID2/COURSE/iclab/iclab034/Lab08/EXERCISE/01_RTL/SNN.v:620: unsigned to signed assignment occurs. (VER-318)
Warning:  /RAID2/COURSE/iclab/iclab034/Lab08/EXERCISE/01_RTL/SNN.v:621: unsigned to signed assignment occurs. (VER-318)
Warning:  /RAID2/COURSE/iclab/iclab034/Lab08/EXERCISE/01_RTL/SNN.v:632: signed to unsigned conversion occurs. (VER-318)
Warning:  /RAID2/COURSE/iclab/iclab034/Lab08/EXERCISE/01_RTL/SNN.v:633: signed to unsigned conversion occurs. (VER-318)
Warning:  /RAID2/COURSE/iclab/iclab034/Lab08/EXERCISE/01_RTL/SNN.v:634: signed to unsigned conversion occurs. (VER-318)
Warning:  /RAID2/COURSE/iclab/iclab034/Lab08/EXERCISE/01_RTL/SNN.v:635: signed to unsigned conversion occurs. (VER-318)

Statistics for case statements in always block at line 220 in file
	'/RAID2/COURSE/iclab/iclab034/Lab08/EXERCISE/01_RTL/SNN.v'
===============================================
|           Line           |  full/ parallel  |
===============================================
|           221            |    auto/auto     |
===============================================

Statistics for case statements in always block at line 246 in file
	'/RAID2/COURSE/iclab/iclab034/Lab08/EXERCISE/01_RTL/SNN.v'
===============================================
|           Line           |  full/ parallel  |
===============================================
|           247            |    auto/auto     |
===============================================

Inferred memory devices in process
	in routine SNN line 202 in file
		'/RAID2/COURSE/iclab/iclab034/Lab08/EXERCISE/01_RTL/SNN.v'.
===============================================================================
|    Register Name    |   Type    | Width | Bus | MB | AR | AS | SR | SS | ST |
===============================================================================
|    out_valid_reg    | Flip-flop |   1   |  N  | N  | Y  | N  | N  | N  | N  |
===============================================================================

Inferred memory devices in process
	in routine SNN line 207 in file
		'/RAID2/COURSE/iclab/iclab034/Lab08/EXERCISE/01_RTL/SNN.v'.
===============================================================================
|    Register Name    |   Type    | Width | Bus | MB | AR | AS | SR | SS | ST |
===============================================================================
|    out_data_reg     | Flip-flop |  10   |  Y  | N  | Y  | N  | N  | N  | N  |
===============================================================================

Inferred memory devices in process
	in routine SNN line 216 in file
		'/RAID2/COURSE/iclab/iclab034/Lab08/EXERCISE/01_RTL/SNN.v'.
===============================================================================
|    Register Name    |   Type    | Width | Bus | MB | AR | AS | SR | SS | ST |
===============================================================================
|  current_state_reg  | Flip-flop |   3   |  Y  | N  | Y  | N  | N  | N  | N  |
===============================================================================

Inferred memory devices in process
	in routine SNN line 258 in file
		'/RAID2/COURSE/iclab/iclab034/Lab08/EXERCISE/01_RTL/SNN.v'.
===============================================================================
|    Register Name    |   Type    | Width | Bus | MB | AR | AS | SR | SS | ST |
===============================================================================
|       cnt_reg       | Flip-flop |   6   |  Y  | N  | Y  | N  | N  | N  | N  |
===============================================================================

Inferred memory devices in process
	in routine SNN line 277 in file
		'/RAID2/COURSE/iclab/iclab034/Lab08/EXERCISE/01_RTL/SNN.v'.
===============================================================================
|    Register Name    |   Type    | Width | Bus | MB | AR | AS | SR | SS | ST |
===============================================================================
|      img0_reg       | Flip-flop |   8   |  Y  | N  | Y  | N  | N  | N  | N  |
|      img0_reg       | Flip-flop |   8   |  Y  | N  | Y  | N  | N  | N  | N  |
|      img0_reg       | Flip-flop |   8   |  Y  | N  | Y  | N  | N  | N  | N  |
|      img0_reg       | Flip-flop |   8   |  Y  | N  | Y  | N  | N  | N  | N  |
|      img0_reg       | Flip-flop |   8   |  Y  | N  | Y  | N  | N  | N  | N  |
|      img0_reg       | Flip-flop |   8   |  Y  | N  | Y  | N  | N  | N  | N  |
|      img0_reg       | Flip-flop |   8   |  Y  | N  | Y  | N  | N  | N  | N  |
|      img0_reg       | Flip-flop |   8   |  Y  | N  | Y  | N  | N  | N  | N  |
|      img0_reg       | Flip-flop |   8   |  Y  | N  | Y  | N  | N  | N  | N  |
|      img0_reg       | Flip-flop |   8   |  Y  | N  | Y  | N  | N  | N  | N  |
|      img0_reg       | Flip-flop |   8   |  Y  | N  | Y  | N  | N  | N  | N  |
|      img0_reg       | Flip-flop |   8   |  Y  | N  | Y  | N  | N  | N  | N  |
|      img0_reg       | Flip-flop |   8   |  Y  | N  | Y  | N  | N  | N  | N  |
|      img0_reg       | Flip-flop |   8   |  Y  | N  | Y  | N  | N  | N  | N  |
===============================================================================

Inferred memory devices in process
	in routine SNN line 269 in file
		'/RAID2/COURSE/iclab/iclab034/Lab08/EXERCISE/01_RTL/SNN.v'.
===============================================================================
|    Register Name    |   Type    | Width | Bus | MB | AR | AS | SR | SS | ST |
===============================================================================
|      img0_reg       | Flip-flop |   8   |  Y  | N  | Y  | N  | N  | N  | N  |
===============================================================================

Inferred memory devices in process
	in routine SNN line 308 in file
		'/RAID2/COURSE/iclab/iclab034/Lab08/EXERCISE/01_RTL/SNN.v'.
===============================================================================
|    Register Name    |   Type    | Width | Bus | MB | AR | AS | SR | SS | ST |
===============================================================================
|   weight_map_reg    | Flip-flop |   8   |  Y  | N  | Y  | N  | N  | N  | N  |
===============================================================================

Inferred memory devices in process
	in routine SNN line 313 in file
		'/RAID2/COURSE/iclab/iclab034/Lab08/EXERCISE/01_RTL/SNN.v'.
===============================================================================
|    Register Name    |   Type    | Width | Bus | MB | AR | AS | SR | SS | ST |
===============================================================================
|   weight_map_reg    | Flip-flop |   8   |  Y  | N  | Y  | N  | N  | N  | N  |
===============================================================================

Inferred memory devices in process
	in routine SNN line 319 in file
		'/RAID2/COURSE/iclab/iclab034/Lab08/EXERCISE/01_RTL/SNN.v'.
===============================================================================
|    Register Name    |   Type    | Width | Bus | MB | AR | AS | SR | SS | ST |
===============================================================================
|   weight_map_reg    | Flip-flop |   8   |  Y  | N  | Y  | N  | N  | N  | N  |
===============================================================================

Inferred memory devices in process
	in routine SNN line 324 in file
		'/RAID2/COURSE/iclab/iclab034/Lab08/EXERCISE/01_RTL/SNN.v'.
===============================================================================
|    Register Name    |   Type    | Width | Bus | MB | AR | AS | SR | SS | ST |
===============================================================================
|   weight_map_reg    | Flip-flop |   8   |  Y  | N  | Y  | N  | N  | N  | N  |
===============================================================================

Inferred memory devices in process
	in routine SNN line 352 in file
		'/RAID2/COURSE/iclab/iclab034/Lab08/EXERCISE/01_RTL/SNN.v'.
===============================================================================
|    Register Name    |   Type    | Width | Bus | MB | AR | AS | SR | SS | ST |
===============================================================================
|     kernel_reg      | Flip-flop |   8   |  Y  | N  | Y  | N  | N  | N  | N  |
===============================================================================

Inferred memory devices in process
	in routine SNN line 357 in file
		'/RAID2/COURSE/iclab/iclab034/Lab08/EXERCISE/01_RTL/SNN.v'.
===============================================================================
|    Register Name    |   Type    | Width | Bus | MB | AR | AS | SR | SS | ST |
===============================================================================
|     kernel_reg      | Flip-flop |   8   |  Y  | N  | Y  | N  | N  | N  | N  |
===============================================================================

Inferred memory devices in process
	in routine SNN line 362 in file
		'/RAID2/COURSE/iclab/iclab034/Lab08/EXERCISE/01_RTL/SNN.v'.
===============================================================================
|    Register Name    |   Type    | Width | Bus | MB | AR | AS | SR | SS | ST |
===============================================================================
|     kernel_reg      | Flip-flop |   8   |  Y  | N  | Y  | N  | N  | N  | N  |
===============================================================================

Inferred memory devices in process
	in routine SNN line 368 in file
		'/RAID2/COURSE/iclab/iclab034/Lab08/EXERCISE/01_RTL/SNN.v'.
===============================================================================
|    Register Name    |   Type    | Width | Bus | MB | AR | AS | SR | SS | ST |
===============================================================================
|     kernel_reg      | Flip-flop |   8   |  Y  | N  | Y  | N  | N  | N  | N  |
===============================================================================

Inferred memory devices in process
	in routine SNN line 373 in file
		'/RAID2/COURSE/iclab/iclab034/Lab08/EXERCISE/01_RTL/SNN.v'.
===============================================================================
|    Register Name    |   Type    | Width | Bus | MB | AR | AS | SR | SS | ST |
===============================================================================
|     kernel_reg      | Flip-flop |   8   |  Y  | N  | Y  | N  | N  | N  | N  |
===============================================================================

Inferred memory devices in process
	in routine SNN line 378 in file
		'/RAID2/COURSE/iclab/iclab034/Lab08/EXERCISE/01_RTL/SNN.v'.
===============================================================================
|    Register Name    |   Type    | Width | Bus | MB | AR | AS | SR | SS | ST |
===============================================================================
|     kernel_reg      | Flip-flop |   8   |  Y  | N  | Y  | N  | N  | N  | N  |
===============================================================================

Inferred memory devices in process
	in routine SNN line 384 in file
		'/RAID2/COURSE/iclab/iclab034/Lab08/EXERCISE/01_RTL/SNN.v'.
===============================================================================
|    Register Name    |   Type    | Width | Bus | MB | AR | AS | SR | SS | ST |
===============================================================================
|     kernel_reg      | Flip-flop |   8   |  Y  | N  | Y  | N  | N  | N  | N  |
===============================================================================

Inferred memory devices in process
	in routine SNN line 389 in file
		'/RAID2/COURSE/iclab/iclab034/Lab08/EXERCISE/01_RTL/SNN.v'.
===============================================================================
|    Register Name    |   Type    | Width | Bus | MB | AR | AS | SR | SS | ST |
===============================================================================
|     kernel_reg      | Flip-flop |   8   |  Y  | N  | Y  | N  | N  | N  | N  |
===============================================================================

Inferred memory devices in process
	in routine SNN line 394 in file
		'/RAID2/COURSE/iclab/iclab034/Lab08/EXERCISE/01_RTL/SNN.v'.
===============================================================================
|    Register Name    |   Type    | Width | Bus | MB | AR | AS | SR | SS | ST |
===============================================================================
|     kernel_reg      | Flip-flop |   8   |  Y  | N  | Y  | N  | N  | N  | N  |
===============================================================================

Inferred memory devices in process
	in routine SNN line 423 in file
		'/RAID2/COURSE/iclab/iclab034/Lab08/EXERCISE/01_RTL/SNN.v'.
===============================================================================
|    Register Name    |   Type    | Width | Bus | MB | AR | AS | SR | SS | ST |
===============================================================================
|    cnn_map0_reg     | Flip-flop |  56   |  Y  | N  | Y  | N  | N  | N  | N  |
===============================================================================

Inferred memory devices in process
	in routine SNN line 415 in file
		'/RAID2/COURSE/iclab/iclab034/Lab08/EXERCISE/01_RTL/SNN.v'.
===============================================================================
|    Register Name    |   Type    | Width | Bus | MB | AR | AS | SR | SS | ST |
===============================================================================
|    cnn_map0_reg     | Flip-flop |   8   |  Y  | N  | Y  | N  | N  | N  | N  |
===============================================================================

Inferred memory devices in process
	in routine SNN line 434 in file
		'/RAID2/COURSE/iclab/iclab034/Lab08/EXERCISE/01_RTL/SNN.v'.
===============================================================================
|    Register Name    |   Type    | Width | Bus | MB | AR | AS | SR | SS | ST |
===============================================================================
|   max_map_new_reg   | Flip-flop |  16   |  Y  | N  | Y  | N  | N  | N  | N  |
===============================================================================

Inferred memory devices in process
	in routine SNN line 452 in file
		'/RAID2/COURSE/iclab/iclab034/Lab08/EXERCISE/01_RTL/SNN.v'.
===============================================================================
|    Register Name    |   Type    | Width | Bus | MB | AR | AS | SR | SS | ST |
===============================================================================
|      nn_1_reg       | Flip-flop |  16   |  Y  | N  | Y  | N  | N  | N  | N  |
===============================================================================

Inferred memory devices in process
	in routine SNN line 468 in file
		'/RAID2/COURSE/iclab/iclab034/Lab08/EXERCISE/01_RTL/SNN.v'.
===============================================================================
|    Register Name    |   Type    | Width | Bus | MB | AR | AS | SR | SS | ST |
===============================================================================
|      nn_1_reg       | Flip-flop |  16   |  Y  | N  | Y  | N  | N  | N  | N  |
===============================================================================

Inferred memory devices in process
	in routine SNN line 483 in file
		'/RAID2/COURSE/iclab/iclab034/Lab08/EXERCISE/01_RTL/SNN.v'.
===============================================================================
|    Register Name    |   Type    | Width | Bus | MB | AR | AS | SR | SS | ST |
===============================================================================
|      nn_2_reg       | Flip-flop |  16   |  Y  | N  | Y  | N  | N  | N  | N  |
===============================================================================

Inferred memory devices in process
	in routine SNN line 498 in file
		'/RAID2/COURSE/iclab/iclab034/Lab08/EXERCISE/01_RTL/SNN.v'.
===============================================================================
|    Register Name    |   Type    | Width | Bus | MB | AR | AS | SR | SS | ST |
===============================================================================
|      nn_2_reg       | Flip-flop |  16   |  Y  | N  | Y  | N  | N  | N  | N  |
===============================================================================
Presto compilation completed successfully.
Current design is now '/RAID2/COURSE/iclab/iclab034/Lab08/EXERCISE/01_RTL/SNN.db:SNN'
Loaded 1 design.
Current design is 'SNN'.
SNN
current_design $DESIGN
Current design is 'SNN'.
{SNN}
link > Report/$DESIGN\.link
#======================================================
#  Set Design Constraints
#======================================================
create_clock -name "clk" -period $CLK_period clk 
1
set_input_delay  [ expr $CLK_period*0.5 ] -clock clk [all_inputs]
1
set_output_delay [ expr $CLK_period*0.5 ] -clock clk [all_outputs]
1
set_input_delay 0 -clock clk clk
1
set_input_delay 0 -clock clk rst_n
1
set_input_delay 0 -clock clk cg_en
1
set_load 0.05 [all_outputs]
1
set_max_delay $CLK_period -from [all_inputs] -to [all_outputs]
1
set_dont_use slow/JKFF*
1
#======================================================
#  Optimization
#======================================================
check_design > Report/$DESIGN\.check
uniquify
1
set_fix_multiple_port_nets -all -buffer_constants
1
current_design $DESIGN
Current design is 'SNN'.
{SNN}
set_false_path -from clk -to [get_cells */latch_or_sleep_reg ]
1
#uniquify
compile_ultra
Information: Performing power optimization. (PWR-850)
Alib files are up-to-date.
Information: Evaluating DesignWare library utilization. (UISN-27)

============================================================================
| DesignWare Building Block Library  |         Version         | Available |
============================================================================
| Basic DW Building Blocks           | S-2021.06-DWBB_202106.0 |     *     |
| Licensed DW Building Blocks        | S-2021.06-DWBB_202106.0 |     *     |
============================================================================

====================================================================================================
| Flow Information                                                                                 |
----------------------------------------------------------------------------------------------------
| Flow         | Design Compiler WLM                                                               |
| Comand line  | compile_ultra                                                                     |
====================================================================================================
| Design Information                                      | Value                                  |
====================================================================================================
| Number of Scenarios                                     | 0                                      |
| Leaf Cell Count                                         | 1892                                   |
| Number of User Hierarchies                              | 31                                     |
| Sequential Cell Count                                   | 419                                    |
| Macro Count                                             | 0                                      |
| Number of Power Domains                                 | 0                                      |
| Number of Path Groups                                   | 2                                      |
| Number of VT class                                      | 0                                      |
| Number of Clocks                                        | 1                                      |
| Number of Dont Touch cells                              | 330                                    |
| Number of Dont Touch nets                               | 185                                    |
| Number of size only cells                               | 0                                      |
| Design with UPF Data                                    | false                                  |
----------------------------------------------------------------------------------------------------
| Variables                                               | Value                                  |
----------------------------------------------------------------------------------------------------
| set_fix_multiple_port_nets                              | -all -buffer_constants                 |
====================================================================================================
Information: Sequential output inversion is enabled.  SVF file must be used for formal verification. (OPT-1208)

Information: There are 3 potential problems in your design. Please run 'check_design' for more information. (LINT-99)

  Simplifying Design 'SNN'

Loaded alib file './alib-52/slow.db.alib'
  Building model 'DW01_NAND2'
Information: Ungrouping 0 of 32 hierarchies before Pass 1 (OPT-775)
Information: State dependent leakage is now switched from on to off.

  Beginning Pass 1 Mapping
  ------------------------
  Processing 'SNN'
Information: Added key list 'DesignWare' to design 'SNN'. (DDB-72)
 Implement Synthetic for 'SNN'.
  Processing 'SNN_DW_div_uns_J1_0'
  Processing 'SNN_DW_div_uns_J1_1'

  Updating timing information
Information: Updating design information... (UID-85)
Information: The library cell 'HOLDX1' in the library 'slow' is not characterized for internal power. (PWR-536)
Information: The target library(s) contains cell(s), other than black boxes, that are not characterized for internal power. (PWR-24)

  Beginning Mapping Optimizations  (Ultra High effort)
  -------------------------------
  Structuring 'SNN_DW_div_uns_0'
  Mapping 'SNN_DW_div_uns_0'
  Structuring 'SNN_DW_div_uns_1'
  Mapping 'SNN_DW_div_uns_1'
  Structuring 'SNN_DW_div_uns_2'
  Mapping 'SNN_DW_div_uns_2'
  Structuring 'SNN_DW_div_uns_3'
  Mapping 'SNN_DW_div_uns_3'
  Structuring 'SNN_DW_div_uns_4'
  Mapping 'SNN_DW_div_uns_4'
  Mapping 'SNN_DW01_add_1'
  Mapping 'DW01_add'
  Mapping 'DW01_add'
  Mapping 'DW01_add'
  Mapping 'DW01_add'
  Mapping 'DW01_add'
  Mapping 'DW01_add'
  Mapping 'SNN_DW01_add_2'
  Mapping 'SNN_DW01_add_3'
  Mapping 'SNN_DW01_add_4'
  Mapping 'SNN_DW01_add_5'
  Mapping 'SNN_DW01_add_6'
  Mapping 'SNN_DW01_add_7'
  Mapping 'SNN_DW01_add_8'
  Mapping 'SNN_DW01_add_9'
  Mapping 'SNN_DW01_add_10'
  Mapping 'SNN_DW01_add_11'
  Mapping 'SNN_DW01_add_12'
  Mapping 'SNN_DW01_add_13'
  Mapping 'SNN_DW01_add_14'
  Mapping 'SNN_DW01_add_15'
  Mapping 'SNN_DW01_add_16'
  Mapping 'SNN_DW01_add_17'
  Mapping 'SNN_DW01_add_18'
  Mapping 'SNN_DW01_add_19'
  Mapping 'SNN_DW_div_uns_4'
  Structuring 'SNN_DW_div_uns_5'
  Mapping 'SNN_DW_div_uns_5'
  Structuring 'SNN_DW_div_uns_6'
  Mapping 'SNN_DW_div_uns_6'
  Structuring 'SNN_DW_div_uns_7'
  Mapping 'SNN_DW_div_uns_7'
  Structuring 'SNN_DW_div_uns_8'
  Mapping 'SNN_DW_div_uns_8'
  Mapping 'SNN_DW01_add_20'
  Mapping 'SNN_DW01_add_21'
  Mapping 'SNN_DW01_add_22'
  Mapping 'SNN_DW01_sub_0'
  Mapping 'SNN_DW01_add_23'
  Mapping 'SNN_DW01_add_24'
  Mapping 'SNN_DW01_add_25'
  Mapping 'SNN_DW01_add_30'
  Mapping 'SNN_DW01_add_31'
  Mapping 'SNN_DW01_add_32'
  Mapping 'SNN_DW01_add_33'
  Mapping 'SNN_DW01_add_34'
  Mapping 'SNN_DW01_add_35'
  Mapping 'SNN_DW01_add_36'
  Mapping 'SNN_DW01_add_37'
  Mapping 'SNN_DW01_add_38'
  Mapping 'SNN_DW01_add_39'
  Mapping 'SNN_DW01_add_40'
  Mapping 'SNN_DW01_add_41'
  Mapping 'SNN_DW01_add_42'
  Mapping 'SNN_DW01_add_43'
  Mapping 'SNN_DW01_add_44'
  Mapping 'SNN_DW01_add_45'
  Mapping 'SNN_DW01_add_46'
  Mapping 'SNN_DW01_add_47'
  Mapping 'SNN_DW01_add_48'
  Mapping 'SNN_DW01_add_49'
  Mapping 'SNN_DW01_add_50'
  Mapping 'SNN_DW01_add_51'
  Mapping 'SNN_DW01_add_52'
  Mapping 'SNN_DW01_add_53'
  Mapping 'SNN_DW01_add_54'
  Mapping 'SNN_DW01_add_55'
  Mapping 'SNN_DW01_add_56'
  Mapping 'SNN_DW01_add_57'
  Mapping 'SNN_DW01_add_58'
  Mapping 'SNN_DW01_add_59'
  Mapping 'SNN_DW01_add_60'
  Mapping 'SNN_DW01_add_61'
  Mapping 'SNN_DW01_add_62'
  Mapping 'SNN_DW01_add_63'
  Mapping 'SNN_DW01_add_64'
  Mapping 'SNN_DW01_add_65'
  Mapping 'SNN_DW01_add_66'
  Mapping 'SNN_DW01_add_67'
  Mapping 'SNN_DW01_add_68'
  Mapping 'SNN_DW01_add_69'
  Mapping 'SNN_DW01_add_70'
  Mapping 'SNN_DW01_add_71'
  Mapping 'SNN_DW_div_uns_8'
  Mapping Optimization (Phase 1)
  Mapping Optimization (Phase 2)
  Mapping Optimization (Phase 3)

                                  TOTAL                                                
   ELAPSED            WORST NEG   SETUP    DESIGN                              LEAKAGE 
    TIME      AREA      SLACK     COST    RULE COST         ENDPOINT            POWER  
  --------- --------- --------- --------- --------- ------------------------- ---------
    0:01:01  238775.6      0.00       0.0       0.0                           35447280.0000
    0:01:01  238522.8      0.24       0.9       0.0                           35419936.0000

  Beginning Constant Register Removal
  -----------------------------------
    0:01:01  238712.4      0.07       0.4       0.0                           35467148.0000
    0:01:01  238712.4      0.07       0.4       0.0                           35467148.0000

  Beginning Global Optimizations
  ------------------------------
  Numerical Synthesis (Phase 1)
  Numerical Synthesis (Phase 2)
  Global Optimization (Phase 1)
  Global Optimization (Phase 2)
  Global Optimization (Phase 3)
  Global Optimization (Phase 4)
  Global Optimization (Phase 5)
  Global Optimization (Phase 6)
  Global Optimization (Phase 7)
  Global Optimization (Phase 8)
  Global Optimization (Phase 9)
  Global Optimization (Phase 10)
  Global Optimization (Phase 11)
  Global Optimization (Phase 12)
  Global Optimization (Phase 13)
  Global Optimization (Phase 14)
  Global Optimization (Phase 15)
  Global Optimization (Phase 16)
  Global Optimization (Phase 17)
  Global Optimization (Phase 18)
  Global Optimization (Phase 19)
  Global Optimization (Phase 20)
  Global Optimization (Phase 21)
  Global Optimization (Phase 22)
  Global Optimization (Phase 23)
  Global Optimization (Phase 24)
  Global Optimization (Phase 25)
  Global Optimization (Phase 26)
  Global Optimization (Phase 27)
  Global Optimization (Phase 28)
  Global Optimization (Phase 29)
  Global Optimization (Phase 30)
  Global Optimization (Phase 31)
  Mapping 'SNN_DP_OP_296J1_123_9307_2'

  Beginning Isolate Ports
  -----------------------

  Beginning Delay Optimization
  ----------------------------
    0:01:05  148473.9      1.62      22.8       0.0                           16359498.0000
    0:01:07  150027.3      0.00       0.0       0.0                           16701346.0000
    0:01:07  150027.3      0.00       0.0       0.0                           16701346.0000
    0:01:07  149977.4      0.00       0.0       0.0                           16692079.0000
    0:01:08  149119.2      0.53       1.8       0.0                           16611688.0000
    0:01:09  149079.3      0.53       1.8       0.0                           16609618.0000

  Beginning WLM Backend Optimization
  --------------------------------------
    0:01:11  147246.4      0.48       1.7       0.0                           16164347.0000
    0:01:11  147263.1      0.00       0.0       0.0                           16166920.0000
    0:01:11  147263.1      0.00       0.0       0.0                           16166920.0000
    0:01:13  145170.8      0.00       0.0       0.0                           15666621.0000
    0:01:13  145170.8      0.00       0.0       0.0                           15666621.0000
    0:01:13  145170.8      0.00       0.0       0.0                           15666621.0000
    0:01:13  145170.8      0.00       0.0       0.0                           15666621.0000
    0:01:13  145170.8      0.00       0.0       0.0                           15666621.0000
    0:01:13  145170.8      0.00       0.0       0.0                           15666621.0000
    0:01:13  145170.8      0.00       0.0       0.0                           15666621.0000
    0:01:13  145170.8      0.00       0.0       0.0                           15666621.0000
    0:01:13  145170.8      0.00       0.0       0.0                           15666621.0000
    0:01:13  145170.8      0.00       0.0       0.0                           15666621.0000
    0:01:13  145170.8      0.00       0.0       0.0                           15666621.0000
    0:01:13  145170.8      0.00       0.0       0.0                           15666621.0000
    0:01:13  145170.8      0.00       0.0       0.0                           15666621.0000
    0:01:13  145170.8      0.00       0.0       0.0                           15666621.0000
    0:01:13  145170.8      0.00       0.0       0.0                           15666621.0000
    0:01:13  145170.8      0.00       0.0       0.0                           15666621.0000
    0:01:13  145170.8      0.00       0.0       0.0                           15666621.0000
    0:01:13  145170.8      0.00       0.0       0.0                           15666621.0000
    0:01:13  145170.8      0.00       0.0       0.0                           15666621.0000
    0:01:13  145170.8      0.00       0.0       0.0                           15666621.0000
    0:01:13  145170.8      0.00       0.0       0.0                           15666621.0000


  Beginning Leakage Power Optimization  (max_leakage_power 0)
  ------------------------------------

                                  TOTAL                                                
   ELAPSED            WORST NEG   SETUP    DESIGN                              LEAKAGE 
    TIME      AREA      SLACK     COST    RULE COST         ENDPOINT            POWER  
  --------- --------- --------- --------- --------- ------------------------- ---------
    0:01:13  145170.8      0.00       0.0       0.0                           15666621.0000
  Global Optimization (Phase 32)
  Global Optimization (Phase 33)
  Global Optimization (Phase 34)
  Global Optimization (Phase 35)
  Global Optimization (Phase 36)
  Global Optimization (Phase 37)
  Global Optimization (Phase 38)
  Global Optimization (Phase 39)
  Global Optimization (Phase 40)
  Global Optimization (Phase 41)
  Global Optimization (Phase 42)
  Global Optimization (Phase 43)
  Global Optimization (Phase 44)
  Global Optimization (Phase 45)
  Global Optimization (Phase 46)
    0:01:15  142838.9      0.00       0.0       0.0                           14601686.0000
    0:01:15  142838.9      0.00       0.0       0.0                           14601686.0000
    0:01:15  142838.9      0.00       0.0       0.0                           14601686.0000
    0:01:15  141638.1      0.00       0.0       0.0                           14665428.0000
    0:01:15  141638.1      0.00       0.0       0.0                           14665428.0000
    0:01:15  141638.1      0.00       0.0       0.0                           14665428.0000
    0:01:15  141638.1      0.00       0.0       0.0                           14665428.0000
    0:01:15  141638.1      0.00       0.0       0.0                           14665428.0000
    0:01:15  141638.1      0.00       0.0       0.0                           14665428.0000
    0:01:15  141638.1      0.00       0.0       0.0                           14665428.0000
    0:01:15  141638.1      0.00       0.0       0.0                           14665428.0000
    0:01:15  141638.1      0.00       0.0       0.0                           14665428.0000
    0:01:15  141638.1      0.00       0.0       0.0                           14665428.0000
    0:01:15  141638.1      0.00       0.0       0.0                           14665428.0000
    0:01:15  141638.1      0.00       0.0       0.0                           14665428.0000
    0:01:15  141638.1      0.00       0.0       0.0                           14665428.0000
    0:01:15  141638.1      0.00       0.0       0.0                           14665428.0000
    0:01:15  141638.1      0.00       0.0       0.0                           14665428.0000
    0:01:15  141638.1      0.00       0.0       0.0                           14665428.0000
    0:01:15  141638.1      0.00       0.0       0.0                           14665428.0000
    0:01:15  141638.1      0.00       0.0       0.0                           14665428.0000
    0:01:15  141638.1      0.00       0.0       0.0                           14665428.0000

                                  TOTAL                                                
   ELAPSED            WORST NEG   SETUP    DESIGN                              LEAKAGE 
    TIME      AREA      SLACK     COST    RULE COST         ENDPOINT            POWER  
  --------- --------- --------- --------- --------- ------------------------- ---------
    0:01:16  141638.1      0.00       0.0       0.0                           14665428.0000
    0:01:16  135910.1      0.00       0.0       0.0                           13659138.0000
    0:01:16  135910.1      0.00       0.0       0.0                           13659138.0000
    0:01:16  135910.1      0.00       0.0       0.0                           13659138.0000
    0:01:17  135913.4      0.00       0.0       0.0                           13656556.0000
    0:01:18  135643.9      0.00       0.0       0.0                           13540973.0000
    0:01:18  135643.9      0.00       0.0       0.0                           13540973.0000
    0:01:18  135643.9      0.00       0.0       0.0                           13540973.0000
    0:01:18  135643.9      0.00       0.0       0.0                           13540973.0000
    0:01:18  135643.9      0.00       0.0       0.0                           13540973.0000
    0:01:18  135643.9      0.00       0.0       0.0                           13540973.0000
    0:01:19  133338.7      0.00       0.0       0.0                           13272894.0000
Loading db file '/RAID2/COURSE/iclab/iclabta01/umc018/Synthesis/slow.db'


Note: Symbol # after min delay cost means estimated hold TNS across all active scenarios 


  Optimization Complete
  ---------------------
Information: State dependent leakage is now switched from off to on.
Information: Propagating switching activity (low effort zero delay simulation). (PWR-6)
1
#======================================================
#  Output Reports 
#======================================================
report_timing >  Report/$DESIGN\.timing
report_area >  Report/$DESIGN\.area
report_resource >  Report/$DESIGN\.resource
#======================================================
#  Change Naming Rule
#======================================================
set bus_inference_style "%s\[%d\]"
%s[%d]
set bus_naming_style "%s\[%d\]"
%s[%d]
set hdlout_internal_busses true
true
change_names -hierarchy -rule verilog
Warning: The specified replacement character (_) is conflicting with the specified allowed or restricted character.   (UCN-4)
1
define_name_rules name_rule -allowed "a-z A-Z 0-9 _" -max_length 255 -type cell
1
define_name_rules name_rule -allowed "a-z A-Z 0-9 _[]" -max_length 255 -type net
1
define_name_rules name_rule -map {{"\\*cell\\*" "cell"}}
1
change_names -hierarchy -rules name_rule
1
#======================================================
#  Output Results
#======================================================
set verilogout_higher_designs_first true
true
write -format verilog -output Netlist/$DESIGN\_SYN.v -hierarchy
Writing verilog file '/RAID2/COURSE/iclab/iclab034/Lab08/EXERCISE/02_SYN/Netlist/SNN_SYN.v'.
1
set_annotated_delay 0 -cell -to [get_pins -filter "pin_direction == out" -of_objects [get_cells "GATED_*/U*" -filter "ref_name==OR2X1"]]
Information: Annotated 'cell' delays are assumed to include load delay. (UID-282)
1
set_annotated_delay 0 -cell -to [get_pins -filter "pin_direction == out" -of_objects [get_cells "GATED_*/latch*" -filter "ref_name==TLATRX1"]]
Information: Annotated 'cell' delays are assumed to include load delay. (UID-282)
Warning: There is no 'combinational' timing arc between pins
	'GATED_input/latch_or_sleep_reg/RN' and 'GATED_input/latch_or_sleep_reg/Q'. (OPT-815)
Warning: There is no 'combinational' timing arc between pins
	'GATED_input/latch_or_sleep_reg/RN' and 'GATED_input/latch_or_sleep_reg/QN'. (OPT-815)
Warning: There is no 'combinational' timing arc between pins
	'GATED_img0/latch_or_sleep_reg/RN' and 'GATED_img0/latch_or_sleep_reg/Q'. (OPT-815)
Warning: There is no 'combinational' timing arc between pins
	'GATED_img0/latch_or_sleep_reg/RN' and 'GATED_img0/latch_or_sleep_reg/QN'. (OPT-815)
Warning: There is no 'combinational' timing arc between pins
	'GATED_cnnmap/latch_or_sleep_reg/RN' and 'GATED_cnnmap/latch_or_sleep_reg/Q'. (OPT-815)
Warning: There is no 'combinational' timing arc between pins
	'GATED_cnnmap/latch_or_sleep_reg/RN' and 'GATED_cnnmap/latch_or_sleep_reg/QN'. (OPT-815)
Warning: There is no 'combinational' timing arc between pins
	'GATED_maxmap0/latch_or_sleep_reg/RN' and 'GATED_maxmap0/latch_or_sleep_reg/Q'. (OPT-815)
Warning: There is no 'combinational' timing arc between pins
	'GATED_maxmap0/latch_or_sleep_reg/RN' and 'GATED_maxmap0/latch_or_sleep_reg/QN'. (OPT-815)
Warning: There is no 'combinational' timing arc between pins
	'GATED_nn1a/latch_or_sleep_reg/RN' and 'GATED_nn1a/latch_or_sleep_reg/Q'. (OPT-815)
Warning: There is no 'combinational' timing arc between pins
	'GATED_nn1a/latch_or_sleep_reg/RN' and 'GATED_nn1a/latch_or_sleep_reg/QN'. (OPT-815)
Warning: There is no 'combinational' timing arc between pins
	'GATED_nn1b/latch_or_sleep_reg/RN' and 'GATED_nn1b/latch_or_sleep_reg/Q'. (OPT-815)
Warning: There is no 'combinational' timing arc between pins
	'GATED_nn1b/latch_or_sleep_reg/RN' and 'GATED_nn1b/latch_or_sleep_reg/QN'. (OPT-815)
Warning: There is no 'combinational' timing arc between pins
	'GATED_nn2a/latch_or_sleep_reg/RN' and 'GATED_nn2a/latch_or_sleep_reg/Q'. (OPT-815)
Warning: There is no 'combinational' timing arc between pins
	'GATED_nn2a/latch_or_sleep_reg/RN' and 'GATED_nn2a/latch_or_sleep_reg/QN'. (OPT-815)
Warning: There is no 'combinational' timing arc between pins
	'GATED_nn2b/latch_or_sleep_reg/RN' and 'GATED_nn2b/latch_or_sleep_reg/Q'. (OPT-815)
Warning: There is no 'combinational' timing arc between pins
	'GATED_nn2b/latch_or_sleep_reg/RN' and 'GATED_nn2b/latch_or_sleep_reg/QN'. (OPT-815)
Warning: There is no 'combinational' timing arc between pins
	'GATED_input/latch_or_sleep_reg/RN' and 'GATED_input/latch_or_sleep_reg/Q'. (OPT-815)
Warning: There is no 'combinational' timing arc between pins
	'GATED_input/latch_or_sleep_reg/RN' and 'GATED_input/latch_or_sleep_reg/QN'. (OPT-815)
Warning: There is no 'combinational' timing arc between pins
	'GATED_img0/latch_or_sleep_reg/RN' and 'GATED_img0/latch_or_sleep_reg/Q'. (OPT-815)
Warning: There is no 'combinational' timing arc between pins
	'GATED_img0/latch_or_sleep_reg/RN' and 'GATED_img0/latch_or_sleep_reg/QN'. (OPT-815)
Warning: There is no 'combinational' timing arc between pins
	'GATED_cnnmap/latch_or_sleep_reg/RN' and 'GATED_cnnmap/latch_or_sleep_reg/Q'. (OPT-815)
Warning: There is no 'combinational' timing arc between pins
	'GATED_cnnmap/latch_or_sleep_reg/RN' and 'GATED_cnnmap/latch_or_sleep_reg/QN'. (OPT-815)
Warning: There is no 'combinational' timing arc between pins
	'GATED_maxmap0/latch_or_sleep_reg/RN' and 'GATED_maxmap0/latch_or_sleep_reg/Q'. (OPT-815)
Warning: There is no 'combinational' timing arc between pins
	'GATED_maxmap0/latch_or_sleep_reg/RN' and 'GATED_maxmap0/latch_or_sleep_reg/QN'. (OPT-815)
Warning: There is no 'combinational' timing arc between pins
	'GATED_nn1a/latch_or_sleep_reg/RN' and 'GATED_nn1a/latch_or_sleep_reg/Q'. (OPT-815)
Warning: There is no 'combinational' timing arc between pins
	'GATED_nn1a/latch_or_sleep_reg/RN' and 'GATED_nn1a/latch_or_sleep_reg/QN'. (OPT-815)
Warning: There is no 'combinational' timing arc between pins
	'GATED_nn1b/latch_or_sleep_reg/RN' and 'GATED_nn1b/latch_or_sleep_reg/Q'. (OPT-815)
Warning: There is no 'combinational' timing arc between pins
	'GATED_nn1b/latch_or_sleep_reg/RN' and 'GATED_nn1b/latch_or_sleep_reg/QN'. (OPT-815)
Warning: There is no 'combinational' timing arc between pins
	'GATED_nn2a/latch_or_sleep_reg/RN' and 'GATED_nn2a/latch_or_sleep_reg/Q'. (OPT-815)
Warning: There is no 'combinational' timing arc between pins
	'GATED_nn2a/latch_or_sleep_reg/RN' and 'GATED_nn2a/latch_or_sleep_reg/QN'. (OPT-815)
Warning: There is no 'combinational' timing arc between pins
	'GATED_nn2b/latch_or_sleep_reg/RN' and 'GATED_nn2b/latch_or_sleep_reg/Q'. (OPT-815)
Warning: There is no 'combinational' timing arc between pins
	'GATED_nn2b/latch_or_sleep_reg/RN' and 'GATED_nn2b/latch_or_sleep_reg/QN'. (OPT-815)
Warning: There is no 'combinational' timing arc between pins
	'GATED_input/latch_or_sleep_reg/RN' and 'GATED_input/latch_or_sleep_reg/Q'. (OPT-815)
Warning: There is no 'combinational' timing arc between pins
	'GATED_input/latch_or_sleep_reg/RN' and 'GATED_input/latch_or_sleep_reg/QN'. (OPT-815)
Warning: There is no 'combinational' timing arc between pins
	'GATED_img0/latch_or_sleep_reg/RN' and 'GATED_img0/latch_or_sleep_reg/Q'. (OPT-815)
Warning: There is no 'combinational' timing arc between pins
	'GATED_img0/latch_or_sleep_reg/RN' and 'GATED_img0/latch_or_sleep_reg/QN'. (OPT-815)
Warning: There is no 'combinational' timing arc between pins
	'GATED_cnnmap/latch_or_sleep_reg/RN' and 'GATED_cnnmap/latch_or_sleep_reg/Q'. (OPT-815)
Warning: There is no 'combinational' timing arc between pins
	'GATED_cnnmap/latch_or_sleep_reg/RN' and 'GATED_cnnmap/latch_or_sleep_reg/QN'. (OPT-815)
Warning: There is no 'combinational' timing arc between pins
	'GATED_maxmap0/latch_or_sleep_reg/RN' and 'GATED_maxmap0/latch_or_sleep_reg/Q'. (OPT-815)
Warning: There is no 'combinational' timing arc between pins
	'GATED_maxmap0/latch_or_sleep_reg/RN' and 'GATED_maxmap0/latch_or_sleep_reg/QN'. (OPT-815)
Warning: There is no 'combinational' timing arc between pins
	'GATED_nn1a/latch_or_sleep_reg/RN' and 'GATED_nn1a/latch_or_sleep_reg/Q'. (OPT-815)
Warning: There is no 'combinational' timing arc between pins
	'GATED_nn1a/latch_or_sleep_reg/RN' and 'GATED_nn1a/latch_or_sleep_reg/QN'. (OPT-815)
Warning: There is no 'combinational' timing arc between pins
	'GATED_nn1b/latch_or_sleep_reg/RN' and 'GATED_nn1b/latch_or_sleep_reg/Q'. (OPT-815)
Warning: There is no 'combinational' timing arc between pins
	'GATED_nn1b/latch_or_sleep_reg/RN' and 'GATED_nn1b/latch_or_sleep_reg/QN'. (OPT-815)
Warning: There is no 'combinational' timing arc between pins
	'GATED_nn2a/latch_or_sleep_reg/RN' and 'GATED_nn2a/latch_or_sleep_reg/Q'. (OPT-815)
Warning: There is no 'combinational' timing arc between pins
	'GATED_nn2a/latch_or_sleep_reg/RN' and 'GATED_nn2a/latch_or_sleep_reg/QN'. (OPT-815)
Warning: There is no 'combinational' timing arc between pins
	'GATED_nn2b/latch_or_sleep_reg/RN' and 'GATED_nn2b/latch_or_sleep_reg/Q'. (OPT-815)
Warning: There is no 'combinational' timing arc between pins
	'GATED_nn2b/latch_or_sleep_reg/RN' and 'GATED_nn2b/latch_or_sleep_reg/QN'. (OPT-815)
Warning: There is no 'combinational' timing arc between pins
	'GATED_input/latch_or_sleep_reg/RN' and 'GATED_input/latch_or_sleep_reg/Q'. (OPT-815)
Warning: There is no 'combinational' timing arc between pins
	'GATED_input/latch_or_sleep_reg/RN' and 'GATED_input/latch_or_sleep_reg/QN'. (OPT-815)
Warning: There is no 'combinational' timing arc between pins
	'GATED_img0/latch_or_sleep_reg/RN' and 'GATED_img0/latch_or_sleep_reg/Q'. (OPT-815)
Warning: There is no 'combinational' timing arc between pins
	'GATED_img0/latch_or_sleep_reg/RN' and 'GATED_img0/latch_or_sleep_reg/QN'. (OPT-815)
Warning: There is no 'combinational' timing arc between pins
	'GATED_cnnmap/latch_or_sleep_reg/RN' and 'GATED_cnnmap/latch_or_sleep_reg/Q'. (OPT-815)
Warning: There is no 'combinational' timing arc between pins
	'GATED_cnnmap/latch_or_sleep_reg/RN' and 'GATED_cnnmap/latch_or_sleep_reg/QN'. (OPT-815)
Warning: There is no 'combinational' timing arc between pins
	'GATED_maxmap0/latch_or_sleep_reg/RN' and 'GATED_maxmap0/latch_or_sleep_reg/Q'. (OPT-815)
Warning: There is no 'combinational' timing arc between pins
	'GATED_maxmap0/latch_or_sleep_reg/RN' and 'GATED_maxmap0/latch_or_sleep_reg/QN'. (OPT-815)
Warning: There is no 'combinational' timing arc between pins
	'GATED_nn1a/latch_or_sleep_reg/RN' and 'GATED_nn1a/latch_or_sleep_reg/Q'. (OPT-815)
Warning: There is no 'combinational' timing arc between pins
	'GATED_nn1a/latch_or_sleep_reg/RN' and 'GATED_nn1a/latch_or_sleep_reg/QN'. (OPT-815)
Warning: There is no 'combinational' timing arc between pins
	'GATED_nn1b/latch_or_sleep_reg/RN' and 'GATED_nn1b/latch_or_sleep_reg/Q'. (OPT-815)
Warning: There is no 'combinational' timing arc between pins
	'GATED_nn1b/latch_or_sleep_reg/RN' and 'GATED_nn1b/latch_or_sleep_reg/QN'. (OPT-815)
Warning: There is no 'combinational' timing arc between pins
	'GATED_nn2a/latch_or_sleep_reg/RN' and 'GATED_nn2a/latch_or_sleep_reg/Q'. (OPT-815)
Warning: There is no 'combinational' timing arc between pins
	'GATED_nn2a/latch_or_sleep_reg/RN' and 'GATED_nn2a/latch_or_sleep_reg/QN'. (OPT-815)
Warning: There is no 'combinational' timing arc between pins
	'GATED_nn2b/latch_or_sleep_reg/RN' and 'GATED_nn2b/latch_or_sleep_reg/Q'. (OPT-815)
Warning: There is no 'combinational' timing arc between pins
	'GATED_nn2b/latch_or_sleep_reg/RN' and 'GATED_nn2b/latch_or_sleep_reg/QN'. (OPT-815)
1
write_sdf -version 3.0 -context verilog -load_delay cell Netlist/$DESIGN\_SYN.sdf -significant_digits 6
Information: Writing timing information to file '/RAID2/COURSE/iclab/iclab034/Lab08/EXERCISE/02_SYN/Netlist/SNN_SYN.sdf'. (WT-3)
Information: Updating design information... (UID-85)
1
write_sdc Netlist/$DESIGN\_SYN.sdc
1
#======================================================
#  Finish and Quit
#======================================================
report_area
 
****************************************
Report : area
Design : SNN
Version: T-2022.03
Date   : Mon Apr 24 18:27:46 2023
****************************************

Library(s) Used:

    slow (File: /RAID2/COURSE/iclab/iclabta01/umc018/Synthesis/slow.db)

Number of ports:                          163
Number of nets:                          5834
Number of cells:                         5051
Number of combinational cells:           4600
Number of sequential cells:               419
Number of macros/black boxes:               0
Number of buf/inv:                        689
Number of references:                     116

Combinational area:             104578.691501
Buf/Inv area:                     7078.579440
Noncombinational area:           28760.054577
Macro/Black Box area:                0.000000
Net Interconnect area:      undefined  (No wire load specified)

Total cell area:                133338.746078
Total area:                 undefined
1
report_timing
 
****************************************
Report : timing
        -path full
        -delay max
        -max_paths 1
Design : SNN
Version: T-2022.03
Date   : Mon Apr 24 18:27:46 2023
****************************************

Operating Conditions: slow   Library: slow
Wire Load Model Mode: top

  Startpoint: cnt_reg_4_ (rising edge-triggered flip-flop clocked by clk)
  Endpoint: nn_2_reg_2__0_
            (rising edge-triggered flip-flop clocked by clk)
  Path Group: clk
  Path Type: max

  Point                                    Incr       Path
  -----------------------------------------------------------
  clock clk (rise edge)                    0.00       0.00
  clock network delay (ideal)              0.00       0.00
  cnt_reg_4_/CK (DFFRHQX4)                 0.00       0.00 r
  cnt_reg_4_/Q (DFFRHQX4)                  0.33       0.33 r
  U3480/Y (NAND2BX4)                       0.19       0.52 r
  U3484/Y (NOR2X2)                         0.08       0.60 f
  U2513/Y (NAND2X1)                        0.17       0.76 r
  U3706/Y (INVX1)                          0.09       0.85 f
  U3843/Y (NAND2X1)                        0.14       0.99 r
  U3851/Y (NAND2X2)                        0.11       1.10 f
  U4026/Y (NOR2X4)                         0.14       1.24 r
  U3379/Y (OR2X4)                          0.20       1.44 r
  U2532/Y (INVX8)                          0.05       1.49 f
  U2533/Y (INVX8)                          0.08       1.57 r
  U4030/Y (INVX8)                          0.09       1.66 f
  U1790/Y (NAND2X1)                        0.29       1.95 r
  U2867/Y (NOR2X1)                         0.07       2.02 f
  U2865/CO (ADDFXL)                        1.28       3.30 f
  U1605/S (ADDFX1)                         0.41       3.71 r
  U4113/CO (ADDFX1)                        0.59       4.30 r
  U4139/CO (ADDFX1)                        0.52       4.82 r
  U1569/S (ADDFX1)                         0.42       5.23 r
  U2396/CO (ADDFHX2)                       0.45       5.69 r
  U4448/CO (ADDFX1)                        0.57       6.26 r
  U4471/CO (ADDFX1)                        0.64       6.90 r
  U4621/S (ADDFHX1)                        0.42       7.32 f
  U4487/Y (NOR2X1)                         0.20       7.52 r
  U4488/Y (NOR2X1)                         0.11       7.63 f
  U1925/Y (NAND2XL)                        0.12       7.75 r
  U2222/Y (INVX1)                          0.07       7.81 f
  U4620/Y (OAI2BB1X4)                      0.20       8.02 f
  U2205/Y (AOI21X1)                        0.18       8.19 r
  U2196/Y (XOR2X1)                         0.31       8.50 f
  U2539/Y (MXI2X4)                         0.19       8.69 r
  U2536/Y (NAND2X1)                        0.08       8.77 f
  U1526/Y (AOI2BB1XL)                      0.30       9.06 f
  U1916/Y (NOR2X2)                         0.24       9.30 r
  U1914/Y (INVX2)                          0.07       9.37 f
  U2541/Y (OAI22X1)                        0.16       9.53 r
  U2528/Y (INVX2)                          0.10       9.64 f
  U3429/Y (NAND3X4)                        0.18       9.82 r
  U3242/Y (INVX2)                          0.09       9.91 f
  U2139/Y (NAND2X2)                        0.15      10.05 r
  U4796/Y (NAND2XL)                        0.09      10.14 f
  U4797/Y (NAND2XL)                        0.11      10.25 r
  U2113/Y (NAND3X1)                        0.14      10.39 f
  U2109/Y (AOI2BB1X2)                      0.20      10.59 r
  U4798/Y (NAND2XL)                        0.17      10.76 f
  U4972/Y (NAND2XL)                        0.16      10.92 r
  U4973/Y (NAND2X1)                        0.11      11.03 f
  U2091/Y (NAND2X1)                        0.14      11.17 r
  U1816/Y (INVX1)                          0.08      11.25 f
  U1893/Y (NAND3X1)                        0.12      11.37 r
  U4977/Y (NAND4XL)                        0.13      11.51 f
  U4978/Y (OAI211X1)                       0.18      11.68 r
  U4997/Y (NAND2X2)                        0.12      11.81 f
  U3375/Y (INVX2)                          0.12      11.92 r
  U5038/Y (NAND4X1)                        0.10      12.03 f
  U5039/Y (NAND2X1)                        0.16      12.19 r
  U5040/Y (BUFX8)                          0.21      12.40 r
  U1774/Y (NAND2X1)                        0.20      12.60 f
  U2685/Y (AOI2BB2XL)                      0.33      12.93 f
  U5072/Y (NAND4X1)                        0.16      13.09 r
  U1494/Y (NOR2X1)                         0.13      13.21 f
  U2028/Y (CLKINVX2)                       0.10      13.31 r
  U2524/Y (NAND2X1)                        0.11      13.42 f
  U5093/Y (NAND2X1)                        0.11      13.52 r
  U3436/Y (AND3X2)                         0.21      13.74 r
  U5211/Y (NAND4X2)                        0.10      13.84 f
  U1484/Y (NOR2BX2)                        0.20      14.04 f
  U2016/Y (CLKINVX2)                       0.07      14.10 r
  U5431/Y (NOR3X1)                         0.06      14.17 f
  U5441/Y (NOR2X1)                         0.11      14.27 r
  U5462/Y (MXI2X1)                         0.12      14.39 f
  U1883/Y (AOI21X1)                        0.17      14.56 r
  U3254/Y (MXI2XL)                         0.14      14.71 f
  nn_2_reg_2__0_/D (DFFRHQXL)              0.00      14.71 f
  data arrival time                                  14.71

  clock clk (rise edge)                   15.00      15.00
  clock network delay (ideal)              0.00      15.00
  nn_2_reg_2__0_/CK (DFFRHQXL)             0.00      15.00 r
  library setup time                      -0.29      14.71
  data required time                                 14.71
  -----------------------------------------------------------
  data required time                                 14.71
  data arrival time                                 -14.71
  -----------------------------------------------------------
  slack (MET)                                         0.00


1
exit

Memory usage for this session 621 Mbytes.
Memory usage for this session including child processes 621 Mbytes.
CPU usage for this session 80 seconds ( 0.02 hours ).
Elapsed time for this session 85 seconds ( 0.02 hours ).

Thank you...
